<?xml version="1.0" encoding="UTF-8"?>
<testsuites name="SMOKE test suit for Event" time="290.429" tests="7" failures="2" errors="0">
   <testsuite name="SMOKE test suit for Event" tests="7" failures="2" errors="0" time="290.429" skipped="0" timestamp="22-05-2025T22:24:52" hostname="LENOVO - DESKTOP-9MN524E" id="Test Suites/SMOKE test suit for Event">
      <properties>
         <property name="deviceName" value=""/>
         <property name="devicePlatform"/>
         <property name="logFolder" value="C:\\Users\\LENOVO\\git\\SportWrench\\Reports\\20250522_222448\\SMOKE test suit for Event\\20250522_222448"/>
         <property name="logFiles" value="C:\\Users\\LENOVO\\git\\SportWrench\\Reports\\20250522_222448\\SMOKE test suit for Event\\20250522_222448\\execution0.log"/>
         <property name="attachments" value="C:\\Users\\LENOVO\\git\\SportWrench\\Reports\\20250522_222448\\SMOKE test suit for Event\\20250522_222448\\1747942028792.png, C:\\Users\\LENOVO\\git\\SportWrench\\Reports\\20250522_222448\\SMOKE test suit for Event\\20250522_222448\\1747942045350.png, C:\\Users\\LENOVO\\git\\SportWrench\\Reports\\20250522_222448\\SMOKE test suit for Event\\20250522_222448\\1747942128534.png, C:\\Users\\LENOVO\\git\\SportWrench\\Reports\\20250522_222448\\SMOKE test suit for Event\\20250522_222448\\1747942159750.png"/>
         <property name="hostName" value="LENOVO - DESKTOP-9MN524E"/>
         <property name="os" value="Windows 10 64bit"/>
         <property name="katalonVersion" value="10.1.1.0"/>
         <property name="browser" value="Chrome 136.0.7103.114"/>
         <property name="hostAddress" value="26.190.180.74"/>
         <property name="sessionId" value="8d2337205752edacb474dbe70532f725"/>
         <property name="seleniumVersion" value="4.22.0"/>
         <property name="proxyInformation" value="ProxyInformation { proxyOption=NO_PROXY, proxyServerType=HTTP, username=, password=********, proxyServerAddress=, proxyServerPort=0, executionList=&quot;&quot;, isApplyToDesiredCapabilities=true }"/>
         <property name="platform" value="Windows 10"/>
      </properties>
      <testcase name="Test Cases/111Event/Create an Event For Teams" time="64.034" classname="Test Cases/111Event/Create an Event For Teams" status="PASSED">
         <system-out><![CDATA[22-05-2025T22:24:52 - [TEST_CASE][PASSED] - Test Cases/111Event/Create an Event For Teams: Test Cases/111Event/Create an Event For Teams

22-05-2025T22:24:53 - [TEST_STEP][PASSED] - openBrowser("http://USAV:demo@dev.swstage.com/"): Browser is opened with url: 'http://USAV:demo@dev.swstage.com/'

22-05-2025T22:24:53 - [MESSAGE][INFO] - Starting 'Chrome' driver

22-05-2025T22:24:53 - [MESSAGE][INFO] - Action delay is set to 0 milliseconds

22-05-2025T22:24:58 - [MESSAGE][PASSED] - Browser is opened with url: 'http://USAV:demo@dev.swstage.com/'

22-05-2025T22:24:58 - [TEST_STEP][PASSED] - navigateToUrl("http://USAV:demo@my.dev.swstage.com/#/"): Navigate to 'http://USAV:demo@my.dev.swstage.com/#/' successfully

22-05-2025T22:25:01 - [MESSAGE][PASSED] - Navigate to 'http://USAV:demo@my.dev.swstage.com/#/' successfully

22-05-2025T22:25:01 - [TEST_STEP][PASSED] - maximizeWindow(): Current window maximized

22-05-2025T22:25:01 - [MESSAGE][PASSED] - Current window maximized

22-05-2025T22:25:01 - [TEST_STEP][PASSED] - setText(findTestObject("Object Repository/EVENT FOR TEAMS/Page_SportWrench - The Home of Sporting Events/input_Log In_email"), "dcgfcgchfhgvhv@gmail.com"): Text 'dcgfcgchfhgvhv@gmail.com' is set on object 'Object Repository/EVENT FOR TEAMS/Page_SportWrench - The Home of Sporting Events/input_Log In_email'

22-05-2025T22:25:02 - [MESSAGE][PASSED] - Text 'dcgfcgchfhgvhv@gmail.com' is set on object 'Object Repository/EVENT FOR TEAMS/Page_SportWrench - The Home of Sporting Events/input_Log In_email'

22-05-2025T22:25:02 - [TEST_STEP][PASSED] - setEncryptedText(findTestObject("Object Repository/EVENT FOR TEAMS/Page_SportWrench - The Home of Sporting Events/input_false_password"), "ugkk24xDMrWrlVpEbACuNZEQlZ6qfcdw"): Text ****** has been set on object 'Object Repository/EVENT FOR TEAMS/Page_SportWrench - The Home of Sporting Events/input_false_password'

22-05-2025T22:25:02 - [MESSAGE][PASSED] - Text ****** has been set on object 'Object Repository/EVENT FOR TEAMS/Page_SportWrench - The Home of Sporting Events/input_false_password'

22-05-2025T22:25:02 - [TEST_STEP][PASSED] - click(findTestObject("Object Repository/EVENT FOR TEAMS/Page_SportWrench - The Home of Sporting Events/button_Log In")): Object: 'Object Repository/EVENT FOR TEAMS/Page_SportWrench - The Home of Sporting Events/button_Log In' is clicked on

22-05-2025T22:25:02 - [MESSAGE][PASSED] - Object: 'Object Repository/EVENT FOR TEAMS/Page_SportWrench - The Home of Sporting Events/button_Log In' is clicked on

22-05-2025T22:25:02 - [TEST_STEP][PASSED] - click(findTestObject("Object Repository/EVENT FOR TEAMS/Page_SportWrench - The Home of Sporting Events/a_New Event")): Object: 'Object Repository/EVENT FOR TEAMS/Page_SportWrench - The Home of Sporting Events/a_New Event' is clicked on

22-05-2025T22:25:10 - [MESSAGE][PASSED] - Object: 'Object Repository/EVENT FOR TEAMS/Page_SportWrench - The Home of Sporting Events/a_New Event' is clicked on

22-05-2025T22:25:10 - [TEST_STEP][PASSED] - click(findTestObject("Object Repository/EVENT FOR TEAMS/Page_SportWrench - The Home of Sporting Events/span_Event Details")): Object: 'Object Repository/EVENT FOR TEAMS/Page_SportWrench - The Home of Sporting Events/span_Event Details' is clicked on

22-05-2025T22:25:11 - [MESSAGE][PASSED] - Object: 'Object Repository/EVENT FOR TEAMS/Page_SportWrench - The Home of Sporting Events/span_Event Details' is clicked on

22-05-2025T22:25:11 - [TEST_STEP][PASSED] - setText(findTestObject("Object Repository/EVENT FOR TEAMS/Page_SportWrench - The Home of Sporting Events/input_Event Name_long_name"), "123Test Event"): Text '123Test Event' is set on object 'Object Repository/EVENT FOR TEAMS/Page_SportWrench - The Home of Sporting Events/input_Event Name_long_name'

22-05-2025T22:25:11 - [MESSAGE][PASSED] - Text '123Test Event' is set on object 'Object Repository/EVENT FOR TEAMS/Page_SportWrench - The Home of Sporting Events/input_Event Name_long_name'

22-05-2025T22:25:11 - [TEST_STEP][PASSED] - setText(findTestObject("Object Repository/EVENT FOR TEAMS/Page_SportWrench - The Home of Sporting Events/input_Short Name_name"), "TE"): Text 'TE' is set on object 'Object Repository/EVENT FOR TEAMS/Page_SportWrench - The Home of Sporting Events/input_Short Name_name'

22-05-2025T22:25:12 - [MESSAGE][PASSED] - Text 'TE' is set on object 'Object Repository/EVENT FOR TEAMS/Page_SportWrench - The Home of Sporting Events/input_Short Name_name'

22-05-2025T22:25:12 - [TEST_STEP][PASSED] - click(findTestObject("Object Repository/EVENT FOR TEAMS/Page_SportWrench - The Home of Sporting Events/input_Teams_allow_teams_registration")): Object: 'Object Repository/EVENT FOR TEAMS/Page_SportWrench - The Home of Sporting Events/input_Teams_allow_teams_registration' is clicked on

22-05-2025T22:25:12 - [MESSAGE][PASSED] - Object: 'Object Repository/EVENT FOR TEAMS/Page_SportWrench - The Home of Sporting Events/input_Teams_allow_teams_registration' is clicked on

22-05-2025T22:25:12 - [TEST_STEP][PASSED] - click(findTestObject("Object Repository/EVENT FOR TEAMS/Page_SportWrench - The Home of Sporting Events/input_Ticket Sales_allow_ticket_sales")): Object: 'Object Repository/EVENT FOR TEAMS/Page_SportWrench - The Home of Sporting Events/input_Ticket Sales_allow_ticket_sales' is clicked on

22-05-2025T22:25:13 - [MESSAGE][PASSED] - Object: 'Object Repository/EVENT FOR TEAMS/Page_SportWrench - The Home of Sporting Events/input_Ticket Sales_allow_ticket_sales' is clicked on

22-05-2025T22:25:13 - [TEST_STEP][PASSED] - selectOptionByValue(findTestObject("Object Repository/EVENT FOR TEAMS/Page_SportWrench - The Home of Sporting Events/select_Choose a Timezone .AmericaNew_YorkAm_0bdf4d"), "America/New_York", true): All options with value 'America/New_York' are selected in object 'Object Repository/EVENT FOR TEAMS/Page_SportWrench - The Home of Sporting Events/select_Choose a Timezone .AmericaNew_YorkAm_0bdf4d'  using regular expression

22-05-2025T22:25:14 - [MESSAGE][PASSED] - All options with value 'America/New_York' are selected in object 'Object Repository/EVENT FOR TEAMS/Page_SportWrench - The Home of Sporting Events/select_Choose a Timezone .AmericaNew_YorkAm_0bdf4d'  using regular expression

22-05-2025T22:25:14 - [TEST_STEP][PASSED] - selectOptionByValue(findTestObject("Object Repository/EVENT FOR TEAMS/Page_SportWrench - The Home of Sporting Events/select_Choose Sport .VolleyballBasketballSo_1c54a4"), "2", true): All options with value '2' are selected in object 'Object Repository/EVENT FOR TEAMS/Page_SportWrench - The Home of Sporting Events/select_Choose Sport .VolleyballBasketballSo_1c54a4'  using regular expression

22-05-2025T22:25:15 - [MESSAGE][PASSED] - All options with value '2' are selected in object 'Object Repository/EVENT FOR TEAMS/Page_SportWrench - The Home of Sporting Events/select_Choose Sport .VolleyballBasketballSo_1c54a4'  using regular expression

22-05-2025T22:25:15 - [TEST_STEP][PASSED] - enhancedClick(findTestObject("Object Repository/EVENT FOR TEAMS/Page_SportWrench - The Home of Sporting Events/select_Choose Sport Variation .IndoorDoubles")): Object: 'Object Repository/EVENT FOR TEAMS/Page_SportWrench - The Home of Sporting Events/select_Choose Sport Variation .IndoorDoubles' is clicked on

22-05-2025T22:25:16 - [MESSAGE][PASSED] - Object: 'Object Repository/EVENT FOR TEAMS/Page_SportWrench - The Home of Sporting Events/select_Choose Sport Variation .IndoorDoubles' is clicked on

22-05-2025T22:25:16 - [TEST_STEP][PASSED] - selectOptionByValue(findTestObject("Object Repository/EVENT FOR TEAMS/Page_SportWrench - The Home of Sporting Events/select_Choose Sport Variation .IndoorDoubles"), "number:1", true): All options with value 'number:1' are selected in object 'Object Repository/EVENT FOR TEAMS/Page_SportWrench - The Home of Sporting Events/select_Choose Sport Variation .IndoorDoubles'  using regular expression

22-05-2025T22:25:16 - [MESSAGE][PASSED] - All options with value 'number:1' are selected in object 'Object Repository/EVENT FOR TEAMS/Page_SportWrench - The Home of Sporting Events/select_Choose Sport Variation .IndoorDoubles'  using regular expression

22-05-2025T22:25:16 - [TEST_STEP][PASSED] - click(findTestObject("Object Repository/EVENT FOR TEAMS/Page_SportWrench - The Home of Sporting Events/input_Date Start_date_start")): Object: 'Object Repository/EVENT FOR TEAMS/Page_SportWrench - The Home of Sporting Events/input_Date Start_date_start' is clicked on

22-05-2025T22:25:17 - [MESSAGE][PASSED] - Object: 'Object Repository/EVENT FOR TEAMS/Page_SportWrench - The Home of Sporting Events/input_Date Start_date_start' is clicked on

22-05-2025T22:25:17 - [TEST_STEP][PASSED] - click(findTestObject("Object Repository/EVENT FOR TEAMS/Page_SportWrench - The Home of Sporting Events/button_April 2025_btn btn-default btn-sm pu_492a81")): Object: 'Object Repository/EVENT FOR TEAMS/Page_SportWrench - The Home of Sporting Events/button_April 2025_btn btn-default btn-sm pu_492a81' is clicked on

22-05-2025T22:25:17 - [MESSAGE][PASSED] - Object: 'Object Repository/EVENT FOR TEAMS/Page_SportWrench - The Home of Sporting Events/button_April 2025_btn btn-default btn-sm pu_492a81' is clicked on

22-05-2025T22:25:17 - [TEST_STEP][PASSED] - click(findTestObject("Object Repository/EVENT FOR TEAMS/Page_SportWrench - The Home of Sporting Events/button_April 2025_btn btn-default btn-sm pu_492a81")): Object: 'Object Repository/EVENT FOR TEAMS/Page_SportWrench - The Home of Sporting Events/button_April 2025_btn btn-default btn-sm pu_492a81' is clicked on

22-05-2025T22:25:18 - [MESSAGE][PASSED] - Object: 'Object Repository/EVENT FOR TEAMS/Page_SportWrench - The Home of Sporting Events/button_April 2025_btn btn-default btn-sm pu_492a81' is clicked on

22-05-2025T22:25:18 - [TEST_STEP][PASSED] - click(findTestObject("Object Repository/EVENT FOR TEAMS/Page_SportWrench - The Home of Sporting Events/button_18")): Object: 'Object Repository/EVENT FOR TEAMS/Page_SportWrench - The Home of Sporting Events/button_18' is clicked on

22-05-2025T22:25:18 - [MESSAGE][PASSED] - Object: 'Object Repository/EVENT FOR TEAMS/Page_SportWrench - The Home of Sporting Events/button_18' is clicked on

22-05-2025T22:25:18 - [TEST_STEP][PASSED] - click(findTestObject("Object Repository/EVENT FOR TEAMS/Page_SportWrench - The Home of Sporting Events/button_Date")): Object: 'Object Repository/EVENT FOR TEAMS/Page_SportWrench - The Home of Sporting Events/button_Date' is clicked on

22-05-2025T22:25:19 - [MESSAGE][PASSED] - Object: 'Object Repository/EVENT FOR TEAMS/Page_SportWrench - The Home of Sporting Events/button_Date' is clicked on

22-05-2025T22:25:19 - [TEST_STEP][PASSED] - click(findTestObject("Object Repository/EVENT FOR TEAMS/Page_SportWrench - The Home of Sporting Events/button_Close")): Object: 'Object Repository/EVENT FOR TEAMS/Page_SportWrench - The Home of Sporting Events/button_Close' is clicked on

22-05-2025T22:25:20 - [MESSAGE][PASSED] - Object: 'Object Repository/EVENT FOR TEAMS/Page_SportWrench - The Home of Sporting Events/button_Close' is clicked on

22-05-2025T22:25:20 - [TEST_STEP][PASSED] - click(findTestObject("Object Repository/EVENT FOR TEAMS/Page_SportWrench - The Home of Sporting Events/input_Date End_date_end")): Object: 'Object Repository/EVENT FOR TEAMS/Page_SportWrench - The Home of Sporting Events/input_Date End_date_end' is clicked on

22-05-2025T22:25:20 - [MESSAGE][PASSED] - Object: 'Object Repository/EVENT FOR TEAMS/Page_SportWrench - The Home of Sporting Events/input_Date End_date_end' is clicked on

22-05-2025T22:25:20 - [TEST_STEP][PASSED] - click(findTestObject("Object Repository/EVENT FOR TEAMS/Page_SportWrench - The Home of Sporting Events/button_April 2025_btn btn-default btn-sm pu_492a81")): Object: 'Object Repository/EVENT FOR TEAMS/Page_SportWrench - The Home of Sporting Events/button_April 2025_btn btn-default btn-sm pu_492a81' is clicked on

22-05-2025T22:25:21 - [MESSAGE][PASSED] - Object: 'Object Repository/EVENT FOR TEAMS/Page_SportWrench - The Home of Sporting Events/button_April 2025_btn btn-default btn-sm pu_492a81' is clicked on

22-05-2025T22:25:21 - [TEST_STEP][PASSED] - click(findTestObject("Object Repository/EVENT FOR TEAMS/Page_SportWrench - The Home of Sporting Events/button_April 2025_btn btn-default btn-sm pu_492a81")): Object: 'Object Repository/EVENT FOR TEAMS/Page_SportWrench - The Home of Sporting Events/button_April 2025_btn btn-default btn-sm pu_492a81' is clicked on

22-05-2025T22:25:21 - [MESSAGE][PASSED] - Object: 'Object Repository/EVENT FOR TEAMS/Page_SportWrench - The Home of Sporting Events/button_April 2025_btn btn-default btn-sm pu_492a81' is clicked on

22-05-2025T22:25:21 - [TEST_STEP][PASSED] - click(findTestObject("Object Repository/EVENT FOR TEAMS/Page_SportWrench - The Home of Sporting Events/button_20")): Object: 'Object Repository/EVENT FOR TEAMS/Page_SportWrench - The Home of Sporting Events/button_20' is clicked on

22-05-2025T22:25:22 - [MESSAGE][PASSED] - Object: 'Object Repository/EVENT FOR TEAMS/Page_SportWrench - The Home of Sporting Events/button_20' is clicked on

22-05-2025T22:25:22 - [TEST_STEP][PASSED] - click(findTestObject("Object Repository/EVENT FOR TEAMS/Page_SportWrench - The Home of Sporting Events/button_Date")): Object: 'Object Repository/EVENT FOR TEAMS/Page_SportWrench - The Home of Sporting Events/button_Date' is clicked on

22-05-2025T22:25:23 - [MESSAGE][PASSED] - Object: 'Object Repository/EVENT FOR TEAMS/Page_SportWrench - The Home of Sporting Events/button_Date' is clicked on

22-05-2025T22:25:23 - [TEST_STEP][PASSED] - click(findTestObject("Object Repository/EVENT FOR TEAMS/Page_SportWrench - The Home of Sporting Events/button_Close")): Object: 'Object Repository/EVENT FOR TEAMS/Page_SportWrench - The Home of Sporting Events/button_Close' is clicked on

22-05-2025T22:25:23 - [MESSAGE][PASSED] - Object: 'Object Repository/EVENT FOR TEAMS/Page_SportWrench - The Home of Sporting Events/button_Close' is clicked on

22-05-2025T22:25:23 - [TEST_STEP][PASSED] - click(findTestObject("Object Repository/EVENT FOR TEAMS/Page_SportWrench - The Home of Sporting Events/input_Make Event Live to Public_ng-pristine_2d3249")): Object: 'Object Repository/EVENT FOR TEAMS/Page_SportWrench - The Home of Sporting Events/input_Make Event Live to Public_ng-pristine_2d3249' is clicked on

22-05-2025T22:25:23 - [MESSAGE][PASSED] - Object: 'Object Repository/EVENT FOR TEAMS/Page_SportWrench - The Home of Sporting Events/input_Make Event Live to Public_ng-pristine_2d3249' is clicked on

22-05-2025T22:25:23 - [TEST_STEP][PASSED] - click(findTestObject("Object Repository/EVENT FOR TEAMS/Page_SportWrench - The Home of Sporting Events/span_Host Organization Information")): Object: 'Object Repository/EVENT FOR TEAMS/Page_SportWrench - The Home of Sporting Events/span_Host Organization Information' is clicked on

22-05-2025T22:25:24 - [MESSAGE][PASSED] - Object: 'Object Repository/EVENT FOR TEAMS/Page_SportWrench - The Home of Sporting Events/span_Host Organization Information' is clicked on

22-05-2025T22:25:24 - [TEST_STEP][PASSED] - setText(findTestObject("Object Repository/EVENT FOR TEAMS/Page_SportWrench - The Home of Sporting Events/input_Organization Name_org_name"), "101 North Atlantic Avenue"): Text '101 North Atlantic Avenue' is set on object 'Object Repository/EVENT FOR TEAMS/Page_SportWrench - The Home of Sporting Events/input_Organization Name_org_name'

22-05-2025T22:25:24 - [MESSAGE][PASSED] - Text '101 North Atlantic Avenue' is set on object 'Object Repository/EVENT FOR TEAMS/Page_SportWrench - The Home of Sporting Events/input_Organization Name_org_name'

22-05-2025T22:25:24 - [TEST_STEP][PASSED] - setText(findTestObject("Object Repository/EVENT FOR TEAMS/Page_SportWrench - The Home of Sporting Events/input_Address_host_address"), "101 North Atlantic Avenue"): Text '101 North Atlantic Avenue' is set on object 'Object Repository/EVENT FOR TEAMS/Page_SportWrench - The Home of Sporting Events/input_Address_host_address'

22-05-2025T22:25:25 - [MESSAGE][PASSED] - Text '101 North Atlantic Avenue' is set on object 'Object Repository/EVENT FOR TEAMS/Page_SportWrench - The Home of Sporting Events/input_Address_host_address'

22-05-2025T22:25:25 - [TEST_STEP][PASSED] - setText(findTestObject("Object Repository/EVENT FOR TEAMS/Page_SportWrench - The Home of Sporting Events/input_City_host_city"), "Daytona Beach"): Text 'Daytona Beach' is set on object 'Object Repository/EVENT FOR TEAMS/Page_SportWrench - The Home of Sporting Events/input_City_host_city'

22-05-2025T22:25:25 - [MESSAGE][PASSED] - Text 'Daytona Beach' is set on object 'Object Repository/EVENT FOR TEAMS/Page_SportWrench - The Home of Sporting Events/input_City_host_city'

22-05-2025T22:25:25 - [TEST_STEP][PASSED] - selectOptionByValue(findTestObject("Object Repository/EVENT FOR TEAMS/Page_SportWrench - The Home of Sporting Events/select_Select.AlabamaAlaskaAlbertaArizonaAr_24cd39"), "string:AL", true): All options with value 'string:AL' are selected in object 'Object Repository/EVENT FOR TEAMS/Page_SportWrench - The Home of Sporting Events/select_Select.AlabamaAlaskaAlbertaArizonaAr_24cd39'  using regular expression

22-05-2025T22:25:27 - [MESSAGE][PASSED] - All options with value 'string:AL' are selected in object 'Object Repository/EVENT FOR TEAMS/Page_SportWrench - The Home of Sporting Events/select_Select.AlabamaAlaskaAlbertaArizonaAr_24cd39'  using regular expression

22-05-2025T22:25:27 - [TEST_STEP][PASSED] - setText(findTestObject("Object Repository/EVENT FOR TEAMS/Page_SportWrench - The Home of Sporting Events/input_ZIP_host_zip"), "32218"): Text '32218' is set on object 'Object Repository/EVENT FOR TEAMS/Page_SportWrench - The Home of Sporting Events/input_ZIP_host_zip'

22-05-2025T22:25:27 - [MESSAGE][PASSED] - Text '32218' is set on object 'Object Repository/EVENT FOR TEAMS/Page_SportWrench - The Home of Sporting Events/input_ZIP_host_zip'

22-05-2025T22:25:27 - [TEST_STEP][PASSED] - setText(findTestObject("Object Repository/EVENT FOR TEAMS/Page_SportWrench - The Home of Sporting Events/input_Phone_org_phone"), "(111) 111-1111"): Text '(111) 111-1111' is set on object 'Object Repository/EVENT FOR TEAMS/Page_SportWrench - The Home of Sporting Events/input_Phone_org_phone'

22-05-2025T22:25:28 - [MESSAGE][PASSED] - Text '(111) 111-1111' is set on object 'Object Repository/EVENT FOR TEAMS/Page_SportWrench - The Home of Sporting Events/input_Phone_org_phone'

22-05-2025T22:25:28 - [TEST_STEP][PASSED] - setText(findTestObject("Object Repository/EVENT FOR TEAMS/Page_SportWrench - The Home of Sporting Events/input_Website URL_website"), "http://111fapl.ru"): Text 'http://111fapl.ru' is set on object 'Object Repository/EVENT FOR TEAMS/Page_SportWrench - The Home of Sporting Events/input_Website URL_website'

22-05-2025T22:25:28 - [MESSAGE][PASSED] - Text 'http://111fapl.ru' is set on object 'Object Repository/EVENT FOR TEAMS/Page_SportWrench - The Home of Sporting Events/input_Website URL_website'

22-05-2025T22:25:28 - [TEST_STEP][PASSED] - setText(findTestObject("Object Repository/EVENT FOR TEAMS/Page_SportWrench - The Home of Sporting Events/input_Log In_email"), "dhntyjrtjrujtst@gmail.com"): Text 'dhntyjrtjrujtst@gmail.com' is set on object 'Object Repository/EVENT FOR TEAMS/Page_SportWrench - The Home of Sporting Events/input_Log In_email'

22-05-2025T22:25:29 - [MESSAGE][PASSED] - Text 'dhntyjrtjrujtst@gmail.com' is set on object 'Object Repository/EVENT FOR TEAMS/Page_SportWrench - The Home of Sporting Events/input_Log In_email'

22-05-2025T22:25:29 - [TEST_STEP][PASSED] - click(findTestObject("Object Repository/EVENT FOR TEAMS/Page_SportWrench - The Home of Sporting Events/span_Teams Registration Details")): Object: 'Object Repository/EVENT FOR TEAMS/Page_SportWrench - The Home of Sporting Events/span_Teams Registration Details' is clicked on

22-05-2025T22:25:29 - [MESSAGE][PASSED] - Object: 'Object Repository/EVENT FOR TEAMS/Page_SportWrench - The Home of Sporting Events/span_Teams Registration Details' is clicked on

22-05-2025T22:25:29 - [TEST_STEP][PASSED] - click(findTestObject("Object Repository/EVENT FOR TEAMS/Page_SportWrench - The Home of Sporting Events/label_Use Registration")): Object: 'Object Repository/EVENT FOR TEAMS/Page_SportWrench - The Home of Sporting Events/label_Use Registration' is clicked on

22-05-2025T22:25:29 - [MESSAGE][PASSED] - Object: 'Object Repository/EVENT FOR TEAMS/Page_SportWrench - The Home of Sporting Events/label_Use Registration' is clicked on

22-05-2025T22:25:29 - [TEST_STEP][PASSED] - doubleClick(findTestObject("Object Repository/EVENT FOR TEAMS/Page_SportWrench - The Home of Sporting Events/label_Use Registration")): Object: 'Object Repository/EVENT FOR TEAMS/Page_SportWrench - The Home of Sporting Events/label_Use Registration' is double clicked on

22-05-2025T22:25:30 - [MESSAGE][PASSED] - Object: 'Object Repository/EVENT FOR TEAMS/Page_SportWrench - The Home of Sporting Events/label_Use Registration' is double clicked on

22-05-2025T22:25:30 - [TEST_STEP][PASSED] - click(findTestObject("Object Repository/EVENT FOR TEAMS/Page_SportWrench - The Home of Sporting Events/input_Activate Teams Registration_live_reg")): Object: 'Object Repository/EVENT FOR TEAMS/Page_SportWrench - The Home of Sporting Events/input_Activate Teams Registration_live_reg' is clicked on

22-05-2025T22:25:30 - [MESSAGE][PASSED] - Object: 'Object Repository/EVENT FOR TEAMS/Page_SportWrench - The Home of Sporting Events/input_Activate Teams Registration_live_reg' is clicked on

22-05-2025T22:25:30 - [TEST_STEP][PASSED] - click(findTestObject("Object Repository/EVENT FOR TEAMS/Page_SportWrench - The Home of Sporting Events/input_Open Date_reg_open")): Object: 'Object Repository/EVENT FOR TEAMS/Page_SportWrench - The Home of Sporting Events/input_Open Date_reg_open' is clicked on

22-05-2025T22:25:30 - [MESSAGE][PASSED] - Object: 'Object Repository/EVENT FOR TEAMS/Page_SportWrench - The Home of Sporting Events/input_Open Date_reg_open' is clicked on

22-05-2025T22:25:30 - [TEST_STEP][PASSED] - click(findTestObject("Object Repository/EVENT FOR TEAMS/Page_SportWrench - The Home of Sporting Events/button_31")): Object: 'Object Repository/EVENT FOR TEAMS/Page_SportWrench - The Home of Sporting Events/button_31' is clicked on

22-05-2025T22:25:31 - [MESSAGE][PASSED] - Object: 'Object Repository/EVENT FOR TEAMS/Page_SportWrench - The Home of Sporting Events/button_31' is clicked on

22-05-2025T22:25:31 - [TEST_STEP][PASSED] - click(findTestObject("Object Repository/EVENT FOR TEAMS/Page_SportWrench - The Home of Sporting Events/button_Date")): Object: 'Object Repository/EVENT FOR TEAMS/Page_SportWrench - The Home of Sporting Events/button_Date' is clicked on

22-05-2025T22:25:32 - [MESSAGE][PASSED] - Object: 'Object Repository/EVENT FOR TEAMS/Page_SportWrench - The Home of Sporting Events/button_Date' is clicked on

22-05-2025T22:25:32 - [TEST_STEP][PASSED] - click(findTestObject("Object Repository/EVENT FOR TEAMS/Page_SportWrench - The Home of Sporting Events/button_Close")): Object: 'Object Repository/EVENT FOR TEAMS/Page_SportWrench - The Home of Sporting Events/button_Close' is clicked on

22-05-2025T22:25:32 - [MESSAGE][PASSED] - Object: 'Object Repository/EVENT FOR TEAMS/Page_SportWrench - The Home of Sporting Events/button_Close' is clicked on

22-05-2025T22:25:32 - [TEST_STEP][PASSED] - click(findTestObject("Object Repository/EVENT FOR TEAMS/Page_SportWrench - The Home of Sporting Events/input_Close Date_reg_close")): Object: 'Object Repository/EVENT FOR TEAMS/Page_SportWrench - The Home of Sporting Events/input_Close Date_reg_close' is clicked on

22-05-2025T22:25:32 - [MESSAGE][PASSED] - Object: 'Object Repository/EVENT FOR TEAMS/Page_SportWrench - The Home of Sporting Events/input_Close Date_reg_close' is clicked on

22-05-2025T22:25:32 - [TEST_STEP][PASSED] - click(findTestObject("Object Repository/EVENT FOR TEAMS/Page_SportWrench - The Home of Sporting Events/button_April 2025_btn btn-default btn-sm pu_492a81")): Object: 'Object Repository/EVENT FOR TEAMS/Page_SportWrench - The Home of Sporting Events/button_April 2025_btn btn-default btn-sm pu_492a81' is clicked on

22-05-2025T22:25:33 - [MESSAGE][PASSED] - Object: 'Object Repository/EVENT FOR TEAMS/Page_SportWrench - The Home of Sporting Events/button_April 2025_btn btn-default btn-sm pu_492a81' is clicked on

22-05-2025T22:25:33 - [TEST_STEP][PASSED] - click(findTestObject("Object Repository/EVENT FOR TEAMS/Page_SportWrench - The Home of Sporting Events/button_22")): Object: 'Object Repository/EVENT FOR TEAMS/Page_SportWrench - The Home of Sporting Events/button_22' is clicked on

22-05-2025T22:25:33 - [MESSAGE][PASSED] - Object: 'Object Repository/EVENT FOR TEAMS/Page_SportWrench - The Home of Sporting Events/button_22' is clicked on

22-05-2025T22:25:33 - [TEST_STEP][PASSED] - click(findTestObject("Object Repository/EVENT FOR TEAMS/Page_SportWrench - The Home of Sporting Events/button_Date")): Object: 'Object Repository/EVENT FOR TEAMS/Page_SportWrench - The Home of Sporting Events/button_Date' is clicked on

22-05-2025T22:25:34 - [MESSAGE][PASSED] - Object: 'Object Repository/EVENT FOR TEAMS/Page_SportWrench - The Home of Sporting Events/button_Date' is clicked on

22-05-2025T22:25:34 - [TEST_STEP][PASSED] - click(findTestObject("Object Repository/EVENT FOR TEAMS/Page_SportWrench - The Home of Sporting Events/button_Close")): Object: 'Object Repository/EVENT FOR TEAMS/Page_SportWrench - The Home of Sporting Events/button_Close' is clicked on

22-05-2025T22:25:35 - [MESSAGE][PASSED] - Object: 'Object Repository/EVENT FOR TEAMS/Page_SportWrench - The Home of Sporting Events/button_Close' is clicked on

22-05-2025T22:25:35 - [TEST_STEP][PASSED] - click(findTestObject("Object Repository/EVENT FOR TEAMS/Page_SportWrench - The Home of Sporting Events/input_Female_female_gender")): Object: 'Object Repository/EVENT FOR TEAMS/Page_SportWrench - The Home of Sporting Events/input_Female_female_gender' is clicked on

22-05-2025T22:25:35 - [MESSAGE][PASSED] - Object: 'Object Repository/EVENT FOR TEAMS/Page_SportWrench - The Home of Sporting Events/input_Female_female_gender' is clicked on

22-05-2025T22:25:35 - [TEST_STEP][PASSED] - click(findTestObject("Object Repository/EVENT FOR TEAMS/Page_SportWrench - The Home of Sporting Events/input_Male_male_gender")): Object: 'Object Repository/EVENT FOR TEAMS/Page_SportWrench - The Home of Sporting Events/input_Male_male_gender' is clicked on

22-05-2025T22:25:35 - [MESSAGE][PASSED] - Object: 'Object Repository/EVENT FOR TEAMS/Page_SportWrench - The Home of Sporting Events/input_Male_male_gender' is clicked on

22-05-2025T22:25:35 - [TEST_STEP][PASSED] - click(findTestObject("Object Repository/EVENT FOR TEAMS/Page_SportWrench - The Home of Sporting Events/input_Coed_coed_gender")): Object: 'Object Repository/EVENT FOR TEAMS/Page_SportWrench - The Home of Sporting Events/input_Coed_coed_gender' is clicked on

22-05-2025T22:25:36 - [MESSAGE][PASSED] - Object: 'Object Repository/EVENT FOR TEAMS/Page_SportWrench - The Home of Sporting Events/input_Coed_coed_gender' is clicked on

22-05-2025T22:25:36 - [TEST_STEP][PASSED] - selectOptionByValue(findTestObject("Object Repository/EVENT FOR TEAMS/Page_SportWrench - The Home of Sporting Events/select_Choose Sanctioning Body .USAVAAUJVA9_9b6f50"), "number:3", true): All options with value 'number:3' are selected in object 'Object Repository/EVENT FOR TEAMS/Page_SportWrench - The Home of Sporting Events/select_Choose Sanctioning Body .USAVAAUJVA9_9b6f50'  using regular expression

22-05-2025T22:25:36 - [MESSAGE][PASSED] - All options with value 'number:3' are selected in object 'Object Repository/EVENT FOR TEAMS/Page_SportWrench - The Home of Sporting Events/select_Choose Sanctioning Body .USAVAAUJVA9_9b6f50'  using regular expression

22-05-2025T22:25:36 - [TEST_STEP][PASSED] - click(findTestObject("Object Repository/EVENT FOR TEAMS/Page_SportWrench - The Home of Sporting Events/input_Require USAV Number_usav_req")): Object: 'Object Repository/EVENT FOR TEAMS/Page_SportWrench - The Home of Sporting Events/input_Require USAV Number_usav_req' is clicked on

22-05-2025T22:25:37 - [MESSAGE][PASSED] - Object: 'Object Repository/EVENT FOR TEAMS/Page_SportWrench - The Home of Sporting Events/input_Require USAV Number_usav_req' is clicked on

22-05-2025T22:25:37 - [TEST_STEP][PASSED] - selectOptionByValue(findTestObject("Object Repository/EVENT FOR TEAMS/Page_SportWrench - The Home of Sporting Events/select_Choose USAV Region .AlaskaAlohaArizo_c03c28"), "string:AK", true): All options with value 'string:AK' are selected in object 'Object Repository/EVENT FOR TEAMS/Page_SportWrench - The Home of Sporting Events/select_Choose USAV Region .AlaskaAlohaArizo_c03c28'  using regular expression

22-05-2025T22:25:38 - [MESSAGE][PASSED] - All options with value 'string:AK' are selected in object 'Object Repository/EVENT FOR TEAMS/Page_SportWrench - The Home of Sporting Events/select_Choose USAV Region .AlaskaAlohaArizo_c03c28'  using regular expression

22-05-2025T22:25:38 - [TEST_STEP][PASSED] - selectOptionByValue(findTestObject("Object Repository/EVENT FOR TEAMS/Page_SportWrench - The Home of Sporting Events/select_Choose Event Type .RegionalNationalQ_75cf81"), "string:regional", true): All options with value 'string:regional' are selected in object 'Object Repository/EVENT FOR TEAMS/Page_SportWrench - The Home of Sporting Events/select_Choose Event Type .RegionalNationalQ_75cf81'  using regular expression

22-05-2025T22:25:39 - [MESSAGE][PASSED] - All options with value 'string:regional' are selected in object 'Object Repository/EVENT FOR TEAMS/Page_SportWrench - The Home of Sporting Events/select_Choose Event Type .RegionalNationalQ_75cf81'  using regular expression

22-05-2025T22:25:39 - [TEST_STEP][PASSED] - setText(findTestObject("Object Repository/EVENT FOR TEAMS/Page_SportWrench - The Home of Sporting Events/input_Registration Fee_reg_fee"), "1000"): Text '1000' is set on object 'Object Repository/EVENT FOR TEAMS/Page_SportWrench - The Home of Sporting Events/input_Registration Fee_reg_fee'

22-05-2025T22:25:39 - [MESSAGE][PASSED] - Text '1000' is set on object 'Object Repository/EVENT FOR TEAMS/Page_SportWrench - The Home of Sporting Events/input_Registration Fee_reg_fee'

22-05-2025T22:25:39 - [TEST_STEP][PASSED] - click(findTestObject("Object Repository/EVENT FOR TEAMS/Page_SportWrench - The Home of Sporting Events/input_Hide Seeds_hide_seeds")): Object: 'Object Repository/EVENT FOR TEAMS/Page_SportWrench - The Home of Sporting Events/input_Hide Seeds_hide_seeds' is clicked on

22-05-2025T22:25:39 - [MESSAGE][PASSED] - Object: 'Object Repository/EVENT FOR TEAMS/Page_SportWrench - The Home of Sporting Events/input_Hide Seeds_hide_seeds' is clicked on

22-05-2025T22:25:39 - [TEST_STEP][PASSED] - click(findTestObject("Object Repository/EVENT FOR TEAMS/Page_SportWrench - The Home of Sporting Events/input_Roster Deadline_deadline")): Object: 'Object Repository/EVENT FOR TEAMS/Page_SportWrench - The Home of Sporting Events/input_Roster Deadline_deadline' is clicked on

22-05-2025T22:25:40 - [MESSAGE][PASSED] - Object: 'Object Repository/EVENT FOR TEAMS/Page_SportWrench - The Home of Sporting Events/input_Roster Deadline_deadline' is clicked on

22-05-2025T22:25:40 - [TEST_STEP][PASSED] - click(findTestObject("Object Repository/EVENT FOR TEAMS/Page_SportWrench - The Home of Sporting Events/button_April 2025_btn btn-default btn-sm pu_492a81_1")): Object: 'Object Repository/EVENT FOR TEAMS/Page_SportWrench - The Home of Sporting Events/button_April 2025_btn btn-default btn-sm pu_492a81_1' is clicked on

22-05-2025T22:25:40 - [MESSAGE][PASSED] - Object: 'Object Repository/EVENT FOR TEAMS/Page_SportWrench - The Home of Sporting Events/button_April 2025_btn btn-default btn-sm pu_492a81_1' is clicked on

22-05-2025T22:25:40 - [TEST_STEP][PASSED] - click(findTestObject("Object Repository/EVENT FOR TEAMS/Page_SportWrench - The Home of Sporting Events/button_23")): Object: 'Object Repository/EVENT FOR TEAMS/Page_SportWrench - The Home of Sporting Events/button_23' is clicked on

22-05-2025T22:25:41 - [MESSAGE][PASSED] - Object: 'Object Repository/EVENT FOR TEAMS/Page_SportWrench - The Home of Sporting Events/button_23' is clicked on

22-05-2025T22:25:41 - [TEST_STEP][PASSED] - click(findTestObject("Object Repository/EVENT FOR TEAMS/Page_SportWrench - The Home of Sporting Events/button_Date_1")): Object: 'Object Repository/EVENT FOR TEAMS/Page_SportWrench - The Home of Sporting Events/button_Date_1' is clicked on

22-05-2025T22:25:42 - [MESSAGE][PASSED] - Object: 'Object Repository/EVENT FOR TEAMS/Page_SportWrench - The Home of Sporting Events/button_Date_1' is clicked on

22-05-2025T22:25:42 - [TEST_STEP][PASSED] - click(findTestObject("Object Repository/EVENT FOR TEAMS/Page_SportWrench - The Home of Sporting Events/button_Close_1")): Object: 'Object Repository/EVENT FOR TEAMS/Page_SportWrench - The Home of Sporting Events/button_Close_1' is clicked on

22-05-2025T22:25:42 - [MESSAGE][PASSED] - Object: 'Object Repository/EVENT FOR TEAMS/Page_SportWrench - The Home of Sporting Events/button_Close_1' is clicked on

22-05-2025T22:25:42 - [TEST_STEP][PASSED] - click(findTestObject("Object Repository/EVENT FOR TEAMS/Page_SportWrench - The Home of Sporting Events/span_Payment Information")): Object: 'Object Repository/EVENT FOR TEAMS/Page_SportWrench - The Home of Sporting Events/span_Payment Information' is clicked on

22-05-2025T22:25:43 - [MESSAGE][PASSED] - Object: 'Object Repository/EVENT FOR TEAMS/Page_SportWrench - The Home of Sporting Events/span_Payment Information' is clicked on

22-05-2025T22:25:43 - [TEST_STEP][PASSED] - setText(findTestObject("Object Repository/EVENT FOR TEAMS/Page_SportWrench - The Home of Sporting Events/input_Address_address"), "Ut consequatur aliq"): Text 'Ut consequatur aliq' is set on object 'Object Repository/EVENT FOR TEAMS/Page_SportWrench - The Home of Sporting Events/input_Address_address'

22-05-2025T22:25:43 - [MESSAGE][PASSED] - Text 'Ut consequatur aliq' is set on object 'Object Repository/EVENT FOR TEAMS/Page_SportWrench - The Home of Sporting Events/input_Address_address'

22-05-2025T22:25:43 - [TEST_STEP][PASSED] - setText(findTestObject("Object Repository/EVENT FOR TEAMS/Page_SportWrench - The Home of Sporting Events/input_City_city"), "Eiusmod quo doloribu"): Text 'Eiusmod quo doloribu' is set on object 'Object Repository/EVENT FOR TEAMS/Page_SportWrench - The Home of Sporting Events/input_City_city'

22-05-2025T22:25:44 - [MESSAGE][PASSED] - Text 'Eiusmod quo doloribu' is set on object 'Object Repository/EVENT FOR TEAMS/Page_SportWrench - The Home of Sporting Events/input_City_city'

22-05-2025T22:25:44 - [TEST_STEP][PASSED] - selectOptionByValue(findTestObject("Object Repository/EVENT FOR TEAMS/Page_SportWrench - The Home of Sporting Events/select_Choose a State .AlabamaAlaskaAlberta_e68b6b"), "string:AL", true): All options with value 'string:AL' are selected in object 'Object Repository/EVENT FOR TEAMS/Page_SportWrench - The Home of Sporting Events/select_Choose a State .AlabamaAlaskaAlberta_e68b6b'  using regular expression

22-05-2025T22:25:45 - [MESSAGE][PASSED] - All options with value 'string:AL' are selected in object 'Object Repository/EVENT FOR TEAMS/Page_SportWrench - The Home of Sporting Events/select_Choose a State .AlabamaAlaskaAlberta_e68b6b'  using regular expression

22-05-2025T22:25:45 - [TEST_STEP][PASSED] - setText(findTestObject("Object Repository/EVENT FOR TEAMS/Page_SportWrench - The Home of Sporting Events/input_Zip_zip (1)"), "11949"): Text '11949' is set on object 'Object Repository/EVENT FOR TEAMS/Page_SportWrench - The Home of Sporting Events/input_Zip_zip (1)'

22-05-2025T22:25:45 - [MESSAGE][PASSED] - Text '11949' is set on object 'Object Repository/EVENT FOR TEAMS/Page_SportWrench - The Home of Sporting Events/input_Zip_zip (1)'

22-05-2025T22:25:45 - [TEST_STEP][PASSED] - click(findTestObject("Object Repository/EVENT FOR TEAMS/Page_SportWrench - The Home of Sporting Events/label_Checks Payable to")): Object: 'Object Repository/EVENT FOR TEAMS/Page_SportWrench - The Home of Sporting Events/label_Checks Payable to' is clicked on

22-05-2025T22:25:46 - [MESSAGE][PASSED] - Object: 'Object Repository/EVENT FOR TEAMS/Page_SportWrench - The Home of Sporting Events/label_Checks Payable to' is clicked on

22-05-2025T22:25:46 - [TEST_STEP][PASSED] - setText(findTestObject("Object Repository/EVENT FOR TEAMS/Page_SportWrench - The Home of Sporting Events/input_Checks Payable to_payment_name"), "6565233"): Text '6565233' is set on object 'Object Repository/EVENT FOR TEAMS/Page_SportWrench - The Home of Sporting Events/input_Checks Payable to_payment_name'

22-05-2025T22:25:46 - [MESSAGE][PASSED] - Text '6565233' is set on object 'Object Repository/EVENT FOR TEAMS/Page_SportWrench - The Home of Sporting Events/input_Checks Payable to_payment_name'

22-05-2025T22:25:46 - [TEST_STEP][PASSED] - click(findTestObject("Object Repository/EVENT FOR TEAMS/Page_SportWrench - The Home of Sporting Events/input_Tournament Uses Card Payments_allow_c_cda1e1")): Object: 'Object Repository/EVENT FOR TEAMS/Page_SportWrench - The Home of Sporting Events/input_Tournament Uses Card Payments_allow_c_cda1e1' is clicked on

22-05-2025T22:25:46 - [MESSAGE][PASSED] - Object: 'Object Repository/EVENT FOR TEAMS/Page_SportWrench - The Home of Sporting Events/input_Tournament Uses Card Payments_allow_c_cda1e1' is clicked on

22-05-2025T22:25:46 - [TEST_STEP][PASSED] - setText(findTestObject("Object Repository/EVENT FOR TEAMS/Page_SportWrench - The Home of Sporting Events/input_Statement Descriptor_stripe_statement"), "gffcggfccgc"): Text 'gffcggfccgc' is set on object 'Object Repository/EVENT FOR TEAMS/Page_SportWrench - The Home of Sporting Events/input_Statement Descriptor_stripe_statement'

22-05-2025T22:25:48 - [MESSAGE][PASSED] - Text 'gffcggfccgc' is set on object 'Object Repository/EVENT FOR TEAMS/Page_SportWrench - The Home of Sporting Events/input_Statement Descriptor_stripe_statement'

22-05-2025T22:25:48 - [TEST_STEP][PASSED] - setText(findTestObject("Object Repository/EVENT FOR TEAMS/Page_SportWrench - The Home of Sporting Events/input_Credit Surcharge_surcharge"), "0"): Text '0' is set on object 'Object Repository/EVENT FOR TEAMS/Page_SportWrench - The Home of Sporting Events/input_Credit Surcharge_surcharge'

22-05-2025T22:25:48 - [MESSAGE][PASSED] - Text '0' is set on object 'Object Repository/EVENT FOR TEAMS/Page_SportWrench - The Home of Sporting Events/input_Credit Surcharge_surcharge'

22-05-2025T22:25:48 - [TEST_STEP][PASSED] - selectOptionByValue(findTestObject("Object Repository/EVENT FOR TEAMS/Page_SportWrench - The Home of Sporting Events/select_Choose a Stripe Account .Lev (lev.ku_173092"), "number:16777251", true): All options with value 'number:16777251' are selected in object 'Object Repository/EVENT FOR TEAMS/Page_SportWrench - The Home of Sporting Events/select_Choose a Stripe Account .Lev (lev.ku_173092'  using regular expression

22-05-2025T22:25:49 - [MESSAGE][PASSED] - All options with value 'number:16777251' are selected in object 'Object Repository/EVENT FOR TEAMS/Page_SportWrench - The Home of Sporting Events/select_Choose a Stripe Account .Lev (lev.ku_173092'  using regular expression

22-05-2025T22:25:49 - [TEST_STEP][PASSED] - click(findTestObject("Object Repository/EVENT FOR TEAMS/Page_SportWrench - The Home of Sporting Events/span_Main Location")): Object: 'Object Repository/EVENT FOR TEAMS/Page_SportWrench - The Home of Sporting Events/span_Main Location' is clicked on

22-05-2025T22:25:49 - [MESSAGE][PASSED] - Object: 'Object Repository/EVENT FOR TEAMS/Page_SportWrench - The Home of Sporting Events/span_Main Location' is clicked on

22-05-2025T22:25:49 - [TEST_STEP][PASSED] - setText(findTestObject("Object Repository/EVENT FOR TEAMS/Page_SportWrench - The Home of Sporting Events/input_Location name_name"), "Daytona Beach Ocean Center"): Text 'Daytona Beach Ocean Center' is set on object 'Object Repository/EVENT FOR TEAMS/Page_SportWrench - The Home of Sporting Events/input_Location name_name'

22-05-2025T22:25:50 - [MESSAGE][PASSED] - Text 'Daytona Beach Ocean Center' is set on object 'Object Repository/EVENT FOR TEAMS/Page_SportWrench - The Home of Sporting Events/input_Location name_name'

22-05-2025T22:25:50 - [TEST_STEP][PASSED] - setText(findTestObject("Object Repository/EVENT FOR TEAMS/Page_SportWrench - The Home of Sporting Events/input_Short name_short_name"), "Molly"): Text 'Molly' is set on object 'Object Repository/EVENT FOR TEAMS/Page_SportWrench - The Home of Sporting Events/input_Short name_short_name'

22-05-2025T22:25:50 - [MESSAGE][PASSED] - Text 'Molly' is set on object 'Object Repository/EVENT FOR TEAMS/Page_SportWrench - The Home of Sporting Events/input_Short name_short_name'

22-05-2025T22:25:50 - [TEST_STEP][PASSED] - setText(findTestObject("Object Repository/EVENT FOR TEAMS/Page_SportWrench - The Home of Sporting Events/input_Address_address_1"), "101 North Atlantic Avenue"): Text '101 North Atlantic Avenue' is set on object 'Object Repository/EVENT FOR TEAMS/Page_SportWrench - The Home of Sporting Events/input_Address_address_1'

22-05-2025T22:25:51 - [MESSAGE][PASSED] - Text '101 North Atlantic Avenue' is set on object 'Object Repository/EVENT FOR TEAMS/Page_SportWrench - The Home of Sporting Events/input_Address_address_1'

22-05-2025T22:25:51 - [TEST_STEP][PASSED] - setText(findTestObject("Object Repository/EVENT FOR TEAMS/Page_SportWrench - The Home of Sporting Events/input_City_city_1"), "Daytona Beach"): Text 'Daytona Beach' is set on object 'Object Repository/EVENT FOR TEAMS/Page_SportWrench - The Home of Sporting Events/input_City_city_1'

22-05-2025T22:25:51 - [MESSAGE][PASSED] - Text 'Daytona Beach' is set on object 'Object Repository/EVENT FOR TEAMS/Page_SportWrench - The Home of Sporting Events/input_City_city_1'

22-05-2025T22:25:51 - [TEST_STEP][PASSED] - selectOptionByValue(findTestObject("Object Repository/EVENT FOR TEAMS/Page_SportWrench - The Home of Sporting Events/select_Choose State .AlabamaAlaskaAlbertaAr_76df04"), "string:AL", true): All options with value 'string:AL' are selected in object 'Object Repository/EVENT FOR TEAMS/Page_SportWrench - The Home of Sporting Events/select_Choose State .AlabamaAlaskaAlbertaAr_76df04'  using regular expression

22-05-2025T22:25:52 - [MESSAGE][PASSED] - All options with value 'string:AL' are selected in object 'Object Repository/EVENT FOR TEAMS/Page_SportWrench - The Home of Sporting Events/select_Choose State .AlabamaAlaskaAlbertaAr_76df04'  using regular expression

22-05-2025T22:25:52 - [TEST_STEP][PASSED] - click(findTestObject("Object Repository/EVENT FOR TEAMS/Page_SportWrench - The Home of Sporting Events/input_ZIP_zip")): Object: 'Object Repository/EVENT FOR TEAMS/Page_SportWrench - The Home of Sporting Events/input_ZIP_zip' is clicked on

22-05-2025T22:25:52 - [MESSAGE][PASSED] - Object: 'Object Repository/EVENT FOR TEAMS/Page_SportWrench - The Home of Sporting Events/input_ZIP_zip' is clicked on

22-05-2025T22:25:52 - [TEST_STEP][PASSED] - setText(findTestObject("Object Repository/EVENT FOR TEAMS/Page_SportWrench - The Home of Sporting Events/input_ZIP_zip"), "32218"): Text '32218' is set on object 'Object Repository/EVENT FOR TEAMS/Page_SportWrench - The Home of Sporting Events/input_ZIP_zip'

22-05-2025T22:25:53 - [MESSAGE][PASSED] - Text '32218' is set on object 'Object Repository/EVENT FOR TEAMS/Page_SportWrench - The Home of Sporting Events/input_ZIP_zip'

22-05-2025T22:25:53 - [TEST_STEP][PASSED] - click(findTestObject("Object Repository/EVENT FOR TEAMS/Page_SportWrench - The Home of Sporting Events/button_Save")): Object: 'Object Repository/EVENT FOR TEAMS/Page_SportWrench - The Home of Sporting Events/button_Save' is clicked on

22-05-2025T22:25:53 - [MESSAGE][PASSED] - Object: 'Object Repository/EVENT FOR TEAMS/Page_SportWrench - The Home of Sporting Events/button_Save' is clicked on

22-05-2025T22:25:53 - [TEST_STEP][PASSED] - delay(3): Delayed 3 second(s)

22-05-2025T22:25:56 - [MESSAGE][PASSED] - Delayed 3 second(s)

22-05-2025T22:25:56 - [TEST_STEP][PASSED] - closeBrowser(): Browser is closed

22-05-2025T22:25:56 - [MESSAGE][PASSED] - Browser is closed]]></system-out>
         <system-err><![CDATA[]]></system-err>
      </testcase>
      <testcase name="Test Cases/111Event/Create Divisions" time="26.273" classname="Test Cases/111Event/Create Divisions" status="PASSED">
         <system-out><![CDATA[22-05-2025T22:25:56 - [TEST_CASE][PASSED] - Test Cases/111Event/Create Divisions: Test Cases/111Event/Create Divisions

22-05-2025T22:25:56 - [TEST_STEP][PASSED] - openBrowser("http://USAV:demo@dev.swstage.com/ "): Browser is opened with url: 'http://USAV:demo@dev.swstage.com/ '

22-05-2025T22:25:56 - [MESSAGE][INFO] - Starting 'Chrome' driver

22-05-2025T22:25:56 - [MESSAGE][INFO] - Action delay is set to 0 milliseconds

22-05-2025T22:26:00 - [MESSAGE][PASSED] - Browser is opened with url: 'http://USAV:demo@dev.swstage.com/ '

22-05-2025T22:26:00 - [TEST_STEP][PASSED] - navigateToUrl("http://USAV:demo@my.dev.swstage.com/#/"): Navigate to 'http://USAV:demo@my.dev.swstage.com/#/' successfully

22-05-2025T22:26:03 - [MESSAGE][PASSED] - Navigate to 'http://USAV:demo@my.dev.swstage.com/#/' successfully

22-05-2025T22:26:03 - [TEST_STEP][PASSED] - maximizeWindow(): Current window maximized

22-05-2025T22:26:03 - [MESSAGE][PASSED] - Current window maximized

22-05-2025T22:26:03 - [TEST_STEP][PASSED] - setText(findTestObject("Object Repository/Create Division/Page_SportWrench - The Home of Sporting Events/input_Log In_email"), "dcgfcgchfhgvhv@gmail.com"): Text 'dcgfcgchfhgvhv@gmail.com' is set on object 'Object Repository/Create Division/Page_SportWrench - The Home of Sporting Events/input_Log In_email'

22-05-2025T22:26:04 - [MESSAGE][PASSED] - Text 'dcgfcgchfhgvhv@gmail.com' is set on object 'Object Repository/Create Division/Page_SportWrench - The Home of Sporting Events/input_Log In_email'

22-05-2025T22:26:04 - [TEST_STEP][PASSED] - setEncryptedText(findTestObject("Object Repository/Create Division/Page_SportWrench - The Home of Sporting Events/input_false_password"), "ugkk24xDMrWrlVpEbACuNZEQlZ6qfcdw"): Text ****** has been set on object 'Object Repository/Create Division/Page_SportWrench - The Home of Sporting Events/input_false_password'

22-05-2025T22:26:04 - [MESSAGE][PASSED] - Text ****** has been set on object 'Object Repository/Create Division/Page_SportWrench - The Home of Sporting Events/input_false_password'

22-05-2025T22:26:04 - [TEST_STEP][PASSED] - click(findTestObject("Object Repository/Create Division/Page_SportWrench - The Home of Sporting Events/button_Log In")): Object: 'Object Repository/Create Division/Page_SportWrench - The Home of Sporting Events/button_Log In' is clicked on

22-05-2025T22:26:04 - [MESSAGE][PASSED] - Object: 'Object Repository/Create Division/Page_SportWrench - The Home of Sporting Events/button_Log In' is clicked on

22-05-2025T22:26:04 - [TEST_STEP][PASSED] - setText(findTestObject("Object Repository/Create Division/Page_SportWrench - The Home of Sporting Events/input_Other Events_searchbox"), "123Test Event"): Text '123Test Event' is set on object 'Object Repository/Create Division/Page_SportWrench - The Home of Sporting Events/input_Other Events_searchbox'

22-05-2025T22:26:10 - [MESSAGE][PASSED] - Text '123Test Event' is set on object 'Object Repository/Create Division/Page_SportWrench - The Home of Sporting Events/input_Other Events_searchbox'

22-05-2025T22:26:10 - [TEST_STEP][PASSED] - click(findTestObject("Object Repository/Create Division/Page_SportWrench - The Home of Sporting Events/a_Test Event")): Object: 'Object Repository/Create Division/Page_SportWrench - The Home of Sporting Events/a_Test Event' is clicked on

22-05-2025T22:26:11 - [MESSAGE][PASSED] - Object: 'Object Repository/Create Division/Page_SportWrench - The Home of Sporting Events/a_Test Event' is clicked on

22-05-2025T22:26:11 - [TEST_STEP][PASSED] - click(findTestObject("Object Repository/Create Division/Page_SportWrench - The Home of Sporting Events/a_Divisions")): Object: 'Object Repository/Create Division/Page_SportWrench - The Home of Sporting Events/a_Divisions' is clicked on

22-05-2025T22:26:11 - [MESSAGE][PASSED] - Object: 'Object Repository/Create Division/Page_SportWrench - The Home of Sporting Events/a_Divisions' is clicked on

22-05-2025T22:26:11 - [TEST_STEP][PASSED] - click(findTestObject("Object Repository/Create Division/Page_SportWrench - The Home of Sporting Events/a_Divisions Wizard")): Object: 'Object Repository/Create Division/Page_SportWrench - The Home of Sporting Events/a_Divisions Wizard' is clicked on

22-05-2025T22:26:12 - [MESSAGE][PASSED] - Object: 'Object Repository/Create Division/Page_SportWrench - The Home of Sporting Events/a_Divisions Wizard' is clicked on

22-05-2025T22:26:12 - [TEST_STEP][PASSED] - click(findTestObject("Object Repository/Create Division/Page_SportWrench - The Home of Sporting Events/input_Sort Order_ng-pristine ng-untouched n_10a49a")): Object: 'Object Repository/Create Division/Page_SportWrench - The Home of Sporting Events/input_Sort Order_ng-pristine ng-untouched n_10a49a' is clicked on

22-05-2025T22:26:13 - [MESSAGE][PASSED] - Object: 'Object Repository/Create Division/Page_SportWrench - The Home of Sporting Events/input_Sort Order_ng-pristine ng-untouched n_10a49a' is clicked on

22-05-2025T22:26:13 - [TEST_STEP][PASSED] - click(findTestObject("Object Repository/Create Division/Page_SportWrench - The Home of Sporting Events/input_female_ng-pristine ng-untouched ng-va_af5c10")): Object: 'Object Repository/Create Division/Page_SportWrench - The Home of Sporting Events/input_female_ng-pristine ng-untouched ng-va_af5c10' is clicked on

22-05-2025T22:26:13 - [MESSAGE][PASSED] - Object: 'Object Repository/Create Division/Page_SportWrench - The Home of Sporting Events/input_female_ng-pristine ng-untouched ng-va_af5c10' is clicked on

22-05-2025T22:26:13 - [TEST_STEP][PASSED] - click(findTestObject("Object Repository/Create Division/Page_SportWrench - The Home of Sporting Events/input_male_ng-pristine ng-untouched ng-vali_863c78")): Object: 'Object Repository/Create Division/Page_SportWrench - The Home of Sporting Events/input_male_ng-pristine ng-untouched ng-vali_863c78' is clicked on

22-05-2025T22:26:13 - [MESSAGE][PASSED] - Object: 'Object Repository/Create Division/Page_SportWrench - The Home of Sporting Events/input_male_ng-pristine ng-untouched ng-vali_863c78' is clicked on

22-05-2025T22:26:13 - [TEST_STEP][PASSED] - click(findTestObject("Object Repository/Create Division/Page_SportWrench - The Home of Sporting Events/input_coed_input-inline ng-pristine ng-unto_3df5b0")): Object: 'Object Repository/Create Division/Page_SportWrench - The Home of Sporting Events/input_coed_input-inline ng-pristine ng-unto_3df5b0' is clicked on

22-05-2025T22:26:13 - [MESSAGE][PASSED] - Object: 'Object Repository/Create Division/Page_SportWrench - The Home of Sporting Events/input_coed_input-inline ng-pristine ng-unto_3df5b0' is clicked on

22-05-2025T22:26:13 - [TEST_STEP][PASSED] - click(findTestObject("Object Repository/Create Division/Page_SportWrench - The Home of Sporting Events/input_coed_input-inline ng-pristine ng-unto_3df5b0_1")): Object: 'Object Repository/Create Division/Page_SportWrench - The Home of Sporting Events/input_coed_input-inline ng-pristine ng-unto_3df5b0_1' is clicked on

22-05-2025T22:26:14 - [MESSAGE][PASSED] - Object: 'Object Repository/Create Division/Page_SportWrench - The Home of Sporting Events/input_coed_input-inline ng-pristine ng-unto_3df5b0_1' is clicked on

22-05-2025T22:26:14 - [TEST_STEP][PASSED] - click(findTestObject("Object Repository/Create Division/Page_SportWrench - The Home of Sporting Events/input_coed_input-inline ng-pristine ng-unto_3df5b0_1_2")): Object: 'Object Repository/Create Division/Page_SportWrench - The Home of Sporting Events/input_coed_input-inline ng-pristine ng-unto_3df5b0_1_2' is clicked on

22-05-2025T22:26:14 - [MESSAGE][PASSED] - Object: 'Object Repository/Create Division/Page_SportWrench - The Home of Sporting Events/input_coed_input-inline ng-pristine ng-unto_3df5b0_1_2' is clicked on

22-05-2025T22:26:14 - [TEST_STEP][PASSED] - click(findTestObject("Object Repository/Create Division/Page_SportWrench - The Home of Sporting Events/input_coed_input-inline ng-pristine ng-unto_3df5b0_1_2_3")): Object: 'Object Repository/Create Division/Page_SportWrench - The Home of Sporting Events/input_coed_input-inline ng-pristine ng-unto_3df5b0_1_2_3' is clicked on

22-05-2025T22:26:14 - [MESSAGE][PASSED] - Object: 'Object Repository/Create Division/Page_SportWrench - The Home of Sporting Events/input_coed_input-inline ng-pristine ng-unto_3df5b0_1_2_3' is clicked on

22-05-2025T22:26:14 - [TEST_STEP][PASSED] - click(findTestObject("Object Repository/Create Division/Page_SportWrench - The Home of Sporting Events/input_coed_input-inline ng-pristine ng-unto_3df5b0_1_2_3_4")): Object: 'Object Repository/Create Division/Page_SportWrench - The Home of Sporting Events/input_coed_input-inline ng-pristine ng-unto_3df5b0_1_2_3_4' is clicked on

22-05-2025T22:26:14 - [MESSAGE][PASSED] - Object: 'Object Repository/Create Division/Page_SportWrench - The Home of Sporting Events/input_coed_input-inline ng-pristine ng-unto_3df5b0_1_2_3_4' is clicked on

22-05-2025T22:26:14 - [TEST_STEP][PASSED] - click(findTestObject("Object Repository/Create Division/Page_SportWrench - The Home of Sporting Events/input_coed_input-inline ng-pristine ng-unto_3df5b0_1_2_3_4_5")): Object: 'Object Repository/Create Division/Page_SportWrench - The Home of Sporting Events/input_coed_input-inline ng-pristine ng-unto_3df5b0_1_2_3_4_5' is clicked on

22-05-2025T22:26:15 - [MESSAGE][PASSED] - Object: 'Object Repository/Create Division/Page_SportWrench - The Home of Sporting Events/input_coed_input-inline ng-pristine ng-unto_3df5b0_1_2_3_4_5' is clicked on

22-05-2025T22:26:15 - [TEST_STEP][PASSED] - click(findTestObject("Object Repository/Create Division/Page_SportWrench - The Home of Sporting Events/input_coed_input-inline ng-pristine ng-unto_3df5b0_1_2_3_4_5_6")): Object: 'Object Repository/Create Division/Page_SportWrench - The Home of Sporting Events/input_coed_input-inline ng-pristine ng-unto_3df5b0_1_2_3_4_5_6' is clicked on

22-05-2025T22:26:15 - [MESSAGE][PASSED] - Object: 'Object Repository/Create Division/Page_SportWrench - The Home of Sporting Events/input_coed_input-inline ng-pristine ng-unto_3df5b0_1_2_3_4_5_6' is clicked on

22-05-2025T22:26:15 - [TEST_STEP][PASSED] - click(findTestObject("Object Repository/Create Division/Page_SportWrench - The Home of Sporting Events/input_coed_input-inline ng-pristine ng-unto_3df5b0_1_2_3_4_5_6_7")): Object: 'Object Repository/Create Division/Page_SportWrench - The Home of Sporting Events/input_coed_input-inline ng-pristine ng-unto_3df5b0_1_2_3_4_5_6_7' is clicked on

22-05-2025T22:26:15 - [MESSAGE][PASSED] - Object: 'Object Repository/Create Division/Page_SportWrench - The Home of Sporting Events/input_coed_input-inline ng-pristine ng-unto_3df5b0_1_2_3_4_5_6_7' is clicked on

22-05-2025T22:26:15 - [TEST_STEP][PASSED] - click(findTestObject("Object Repository/Create Division/Page_SportWrench - The Home of Sporting Events/input_coed_input-inline ng-pristine ng-unto_3df5b0_1_2_3_4_5_6_7_8")): Object: 'Object Repository/Create Division/Page_SportWrench - The Home of Sporting Events/input_coed_input-inline ng-pristine ng-unto_3df5b0_1_2_3_4_5_6_7_8' is clicked on

22-05-2025T22:26:15 - [MESSAGE][PASSED] - Object: 'Object Repository/Create Division/Page_SportWrench - The Home of Sporting Events/input_coed_input-inline ng-pristine ng-unto_3df5b0_1_2_3_4_5_6_7_8' is clicked on

22-05-2025T22:26:15 - [TEST_STEP][PASSED] - click(findTestObject("Object Repository/Create Division/Page_SportWrench - The Home of Sporting Events/input_coed_input-inline ng-pristine ng-unto_3df5b0_1_2_3_4_5_6_7_8_9")): Object: 'Object Repository/Create Division/Page_SportWrench - The Home of Sporting Events/input_coed_input-inline ng-pristine ng-unto_3df5b0_1_2_3_4_5_6_7_8_9' is clicked on

22-05-2025T22:26:16 - [MESSAGE][PASSED] - Object: 'Object Repository/Create Division/Page_SportWrench - The Home of Sporting Events/input_coed_input-inline ng-pristine ng-unto_3df5b0_1_2_3_4_5_6_7_8_9' is clicked on

22-05-2025T22:26:16 - [TEST_STEP][PASSED] - click(findTestObject("Object Repository/Create Division/Page_SportWrench - The Home of Sporting Events/input_Adult_ng-pristine ng-untouched ng-val_ec79f8")): Object: 'Object Repository/Create Division/Page_SportWrench - The Home of Sporting Events/input_Adult_ng-pristine ng-untouched ng-val_ec79f8' is clicked on

22-05-2025T22:26:16 - [MESSAGE][PASSED] - Object: 'Object Repository/Create Division/Page_SportWrench - The Home of Sporting Events/input_Adult_ng-pristine ng-untouched ng-val_ec79f8' is clicked on

22-05-2025T22:26:16 - [TEST_STEP][PASSED] - click(findTestObject("Object Repository/Create Division/Page_SportWrench - The Home of Sporting Events/button_Create")): Object: 'Object Repository/Create Division/Page_SportWrench - The Home of Sporting Events/button_Create' is clicked on

22-05-2025T22:26:16 - [MESSAGE][PASSED] - Object: 'Object Repository/Create Division/Page_SportWrench - The Home of Sporting Events/button_Create' is clicked on

22-05-2025T22:26:16 - [TEST_STEP][PASSED] - verifyElementPresent(findTestObject("Object Repository/Create Division/Page_SportWrench - The Home of Sporting Events/a_Divisions Wizard"), 0): Object 'Object Repository/Create Division/Page_SportWrench - The Home of Sporting Events/a_Divisions Wizard' is present

22-05-2025T22:26:16 - [MESSAGE][WARNING] - Timeout '0' is invalid. Using default page load timeout: '30'

22-05-2025T22:26:23 - [MESSAGE][PASSED] - Object 'Object Repository/Create Division/Page_SportWrench - The Home of Sporting Events/a_Divisions Wizard' is present

22-05-2025T22:26:23 - [TEST_STEP][PASSED] - closeBrowser(): Browser is closed

22-05-2025T22:26:23 - [MESSAGE][PASSED] - Browser is closed]]></system-out>
         <system-err><![CDATA[]]></system-err>
      </testcase>
      <testcase name="Test Cases/111Event/Event Supervisor" time="45.769" classname="Test Cases/111Event/Event Supervisor" status="FAILED">
         <failure type="FAILED" message="Test Cases/111Event/Event Supervisor FAILED.&#xa;Reason:&#xa;com.kms.katalon.core.exception.StepFailedException: Unable to click on object 'Object Repository/Event Supervisor/Event Supervisor 2/Page_SportWrench - The Home of Sporting Events/div_Undefined'&#xa;	at com.kms.katalon.core.webui.keyword.internal.WebUIKeywordMain.stepFailed(WebUIKeywordMain.groovy:117)&#xa;	at com.kms.katalon.core.webui.keyword.internal.WebUIKeywordMain.runKeyword(WebUIKeywordMain.groovy:43)&#xa;	at com.kms.katalon.core.webui.keyword.builtin.ClickKeyword.click(ClickKeyword.groovy:75)&#xa;	at com.kms.katalon.core.webui.keyword.builtin.ClickKeyword.execute(ClickKeyword.groovy:40)&#xa;	at com.kms.katalon.core.keyword.internal.KeywordExecutor.executeKeywordForPlatform(KeywordExecutor.groovy:74)&#xa;	at com.kms.katalon.core.webui.keyword.WebUiBuiltInKeywords.click(WebUiBuiltInKeywords.groovy:696)&#xa;	at Event Supervisor.run(Event Supervisor:36)&#xa;	at com.kms.katalon.core.main.ScriptEngine.run(ScriptEngine.java:194)&#xa;	at com.kms.katalon.core.main.ScriptEngine.runScriptAsRawText(ScriptEngine.java:119)&#xa;	at com.kms.katalon.core.main.TestCaseExecutor.runScript(TestCaseExecutor.java:448)&#xa;	at com.kms.katalon.core.main.TestCaseExecutor.doExecute(TestCaseExecutor.java:439)&#xa;	at com.kms.katalon.core.main.TestCaseExecutor.processExecutionPhase(TestCaseExecutor.java:418)&#xa;	at com.kms.katalon.core.main.TestCaseExecutor.accessMainPhase(TestCaseExecutor.java:410)&#xa;	at com.kms.katalon.core.main.TestCaseExecutor.execute(TestCaseExecutor.java:285)&#xa;	at com.kms.katalon.core.common.CommonExecutor.accessTestCaseMainPhase(CommonExecutor.java:71)&#xa;	at com.kms.katalon.core.main.TestSuiteExecutor.accessTestSuiteMainPhase(TestSuiteExecutor.java:160)&#xa;	at com.kms.katalon.core.main.TestSuiteExecutor.execute(TestSuiteExecutor.java:107)&#xa;	at com.kms.katalon.core.main.TestCaseMain.startTestSuite(TestCaseMain.java:180)&#xa;	at TempTestSuite1747941888065.run(TempTestSuite1747941888065.groovy:35)&#xa;	at java.base/jdk.internal.reflect.NativeMethodAccessorImpl.invoke0(Native Method)&#xa;	at java.base/jdk.internal.reflect.NativeMethodAccessorImpl.invoke(NativeMethodAccessorImpl.java:77)&#xa;	at java.base/jdk.internal.reflect.DelegatingMethodAccessorImpl.invoke(DelegatingMethodAccessorImpl.java:43)&#xa;Caused by: com.kms.katalon.core.webui.exception.WebElementNotFoundException: Web element with id: 'Object Repository/Event Supervisor/Event Supervisor 2/Page_SportWrench - The Home of Sporting Events/div_Undefined' located by '/html[@class=&quot;no-js&quot;]/body[1]/div[@class=&quot;container-fluid block-height-min&quot;]/event-supervisor[1]/div[@class=&quot;container supervisor&quot;]/table[@class=&quot;table sw-adaptive-grid events-list table-vertical-align-middle&quot;]/tbody[1]/tr[37]/td[@class=&quot;pointer&quot;]/div[@class=&quot;text-danger font-bold&quot;][count(. | //*[(text() = 'Undefined' or . = 'Undefined')]) = count(//*[(text() = 'Undefined' or . = 'Undefined')])]' not found&#xa;	at com.kms.katalon.core.webui.common.WebUiCommonHelper.findWebElement(WebUiCommonHelper.java:1457)&#xa;	at com.kms.katalon.core.webui.keyword.internal.WebUIAbstractKeyword.findWebElement(WebUIAbstractKeyword.groovy:27)&#xa;	at com.kms.katalon.core.webui.keyword.builtin.ClickKeyword$_click_closure1.doCall(ClickKeyword.groovy:66)&#xa;	at com.kms.katalon.core.webui.keyword.builtin.ClickKeyword$_click_closure1.call(ClickKeyword.groovy)&#xa;	at com.kms.katalon.core.webui.keyword.internal.WebUIKeywordMain.runKeyword(WebUIKeywordMain.groovy:35)&#xa;	... 20 more&#xa;"/>
         <system-out><![CDATA[22-05-2025T22:26:23 - [TEST_CASE][FAILED] - Test Cases/111Event/Event Supervisor: Test Cases/111Event/Event Supervisor FAILED.
Reason:
com.kms.katalon.core.exception.StepFailedException: Unable to click on object 'Object Repository/Event Supervisor/Event Supervisor 2/Page_SportWrench - The Home of Sporting Events/div_Undefined'
	at com.kms.katalon.core.webui.keyword.internal.WebUIKeywordMain.stepFailed(WebUIKeywordMain.groovy:117)
	at com.kms.katalon.core.webui.keyword.internal.WebUIKeywordMain.runKeyword(WebUIKeywordMain.groovy:43)
	at com.kms.katalon.core.webui.keyword.builtin.ClickKeyword.click(ClickKeyword.groovy:75)
	at com.kms.katalon.core.webui.keyword.builtin.ClickKeyword.execute(ClickKeyword.groovy:40)
	at com.kms.katalon.core.keyword.internal.KeywordExecutor.executeKeywordForPlatform(KeywordExecutor.groovy:74)
	at com.kms.katalon.core.webui.keyword.WebUiBuiltInKeywords.click(WebUiBuiltInKeywords.groovy:696)
	at Event Supervisor.run(Event Supervisor:36)
	at com.kms.katalon.core.main.ScriptEngine.run(ScriptEngine.java:194)
	at com.kms.katalon.core.main.ScriptEngine.runScriptAsRawText(ScriptEngine.java:119)
	at com.kms.katalon.core.main.TestCaseExecutor.runScript(TestCaseExecutor.java:448)
	at com.kms.katalon.core.main.TestCaseExecutor.doExecute(TestCaseExecutor.java:439)
	at com.kms.katalon.core.main.TestCaseExecutor.processExecutionPhase(TestCaseExecutor.java:418)
	at com.kms.katalon.core.main.TestCaseExecutor.accessMainPhase(TestCaseExecutor.java:410)
	at com.kms.katalon.core.main.TestCaseExecutor.execute(TestCaseExecutor.java:285)
	at com.kms.katalon.core.common.CommonExecutor.accessTestCaseMainPhase(CommonExecutor.java:71)
	at com.kms.katalon.core.main.TestSuiteExecutor.accessTestSuiteMainPhase(TestSuiteExecutor.java:160)
	at com.kms.katalon.core.main.TestSuiteExecutor.execute(TestSuiteExecutor.java:107)
	at com.kms.katalon.core.main.TestCaseMain.startTestSuite(TestCaseMain.java:180)
	at TempTestSuite1747941888065.run(TempTestSuite1747941888065.groovy:35)
	at java.base/jdk.internal.reflect.NativeMethodAccessorImpl.invoke0(Native Method)
	at java.base/jdk.internal.reflect.NativeMethodAccessorImpl.invoke(NativeMethodAccessorImpl.java:77)
	at java.base/jdk.internal.reflect.DelegatingMethodAccessorImpl.invoke(DelegatingMethodAccessorImpl.java:43)
Caused by: com.kms.katalon.core.webui.exception.WebElementNotFoundException: Web element with id: 'Object Repository/Event Supervisor/Event Supervisor 2/Page_SportWrench - The Home of Sporting Events/div_Undefined' located by '/html[@class="no-js"]/body[1]/div[@class="container-fluid block-height-min"]/event-supervisor[1]/div[@class="container supervisor"]/table[@class="table sw-adaptive-grid events-list table-vertical-align-middle"]/tbody[1]/tr[37]/td[@class="pointer"]/div[@class="text-danger font-bold"][count(. | //*[(text() = 'Undefined' or . = 'Undefined')]) = count(//*[(text() = 'Undefined' or . = 'Undefined')])]' not found
	at com.kms.katalon.core.webui.common.WebUiCommonHelper.findWebElement(WebUiCommonHelper.java:1457)
	at com.kms.katalon.core.webui.keyword.internal.WebUIAbstractKeyword.findWebElement(WebUIAbstractKeyword.groovy:27)
	at com.kms.katalon.core.webui.keyword.builtin.ClickKeyword$_click_closure1.doCall(ClickKeyword.groovy:66)
	at com.kms.katalon.core.webui.keyword.builtin.ClickKeyword$_click_closure1.call(ClickKeyword.groovy)
	at com.kms.katalon.core.webui.keyword.internal.WebUIKeywordMain.runKeyword(WebUIKeywordMain.groovy:35)
	... 20 more


22-05-2025T22:26:23 - [TEST_STEP][PASSED] - openBrowser("http://USAV:demo@dev.swstage.com/"): Browser is opened with url: 'http://USAV:demo@dev.swstage.com/'

22-05-2025T22:26:23 - [MESSAGE][INFO] - Starting 'Chrome' driver

22-05-2025T22:26:23 - [MESSAGE][INFO] - Action delay is set to 0 milliseconds

22-05-2025T22:26:27 - [MESSAGE][PASSED] - Browser is opened with url: 'http://USAV:demo@dev.swstage.com/'

22-05-2025T22:26:27 - [TEST_STEP][PASSED] - navigateToUrl("http://USAV:demo@my.dev.swstage.com/#/"): Navigate to 'http://USAV:demo@my.dev.swstage.com/#/' successfully

22-05-2025T22:26:30 - [MESSAGE][PASSED] - Navigate to 'http://USAV:demo@my.dev.swstage.com/#/' successfully

22-05-2025T22:26:30 - [TEST_STEP][PASSED] - maximizeWindow(): Current window maximized

22-05-2025T22:26:30 - [MESSAGE][PASSED] - Current window maximized

22-05-2025T22:26:30 - [TEST_STEP][PASSED] - setText(findTestObject("Object Repository/Event Supervisor/Event Supervisor 2/Page_SportWrench - The Home of Sporting Events/input_Log In_email"), "info@sportwrench.com"): Text 'info@sportwrench.com' is set on object 'Object Repository/Event Supervisor/Event Supervisor 2/Page_SportWrench - The Home of Sporting Events/input_Log In_email'

22-05-2025T22:26:31 - [MESSAGE][PASSED] - Text 'info@sportwrench.com' is set on object 'Object Repository/Event Supervisor/Event Supervisor 2/Page_SportWrench - The Home of Sporting Events/input_Log In_email'

22-05-2025T22:26:31 - [TEST_STEP][PASSED] - setEncryptedText(findTestObject("Object Repository/Event Supervisor/Event Supervisor 2/Page_SportWrench - The Home of Sporting Events/input_false_password"), "ugkk24xDMrWrlVpEbACuNZEQlZ6qfcdw"): Text ****** has been set on object 'Object Repository/Event Supervisor/Event Supervisor 2/Page_SportWrench - The Home of Sporting Events/input_false_password'

22-05-2025T22:26:31 - [MESSAGE][PASSED] - Text ****** has been set on object 'Object Repository/Event Supervisor/Event Supervisor 2/Page_SportWrench - The Home of Sporting Events/input_false_password'

22-05-2025T22:26:31 - [TEST_STEP][PASSED] - click(findTestObject("Object Repository/Event Supervisor/Event Supervisor 2/Page_SportWrench - The Home of Sporting Events/button_Log In")): Object: 'Object Repository/Event Supervisor/Event Supervisor 2/Page_SportWrench - The Home of Sporting Events/button_Log In' is clicked on

22-05-2025T22:26:32 - [MESSAGE][PASSED] - Object: 'Object Repository/Event Supervisor/Event Supervisor 2/Page_SportWrench - The Home of Sporting Events/button_Log In' is clicked on

22-05-2025T22:26:32 - [TEST_STEP][PASSED] - click(findTestObject("Object Repository/Event Supervisor/Event Supervisor 2/Page_SportWrench - The Home of Sporting Events/a_Event Supervisor")): Object: 'Object Repository/Event Supervisor/Event Supervisor 2/Page_SportWrench - The Home of Sporting Events/a_Event Supervisor' is clicked on

22-05-2025T22:26:37 - [MESSAGE][PASSED] - Object: 'Object Repository/Event Supervisor/Event Supervisor 2/Page_SportWrench - The Home of Sporting Events/a_Event Supervisor' is clicked on

22-05-2025T22:26:37 - [TEST_STEP][FAILED] - click(findTestObject("Object Repository/Event Supervisor/Event Supervisor 2/Page_SportWrench - The Home of Sporting Events/div_Undefined")): Unable to click on object 'Object Repository/Event Supervisor/Event Supervisor 2/Page_SportWrench - The Home of Sporting Events/div_Undefined' (Root cause: com.kms.katalon.core.exception.StepFailedException: Unable to click on object 'Object Repository/Event Supervisor/Event Supervisor 2/Page_SportWrench - The Home of Sporting Events/div_Undefined'
	at com.kms.katalon.core.webui.keyword.internal.WebUIKeywordMain.stepFailed(WebUIKeywordMain.groovy:117)
	at com.kms.katalon.core.webui.keyword.internal.WebUIKeywordMain.runKeyword(WebUIKeywordMain.groovy:43)
	at com.kms.katalon.core.webui.keyword.builtin.ClickKeyword.click(ClickKeyword.groovy:75)
	at com.kms.katalon.core.webui.keyword.builtin.ClickKeyword.execute(ClickKeyword.groovy:40)
	at com.kms.katalon.core.keyword.internal.KeywordExecutor.executeKeywordForPlatform(KeywordExecutor.groovy:74)
	at com.kms.katalon.core.webui.keyword.WebUiBuiltInKeywords.click(WebUiBuiltInKeywords.groovy:696)
	at Event Supervisor.run(Event Supervisor:36)
	at com.kms.katalon.core.main.ScriptEngine.run(ScriptEngine.java:194)
	at com.kms.katalon.core.main.ScriptEngine.runScriptAsRawText(ScriptEngine.java:119)
	at com.kms.katalon.core.main.TestCaseExecutor.runScript(TestCaseExecutor.java:448)
	at com.kms.katalon.core.main.TestCaseExecutor.doExecute(TestCaseExecutor.java:439)
	at com.kms.katalon.core.main.TestCaseExecutor.processExecutionPhase(TestCaseExecutor.java:418)
	at com.kms.katalon.core.main.TestCaseExecutor.accessMainPhase(TestCaseExecutor.java:410)
	at com.kms.katalon.core.main.TestCaseExecutor.execute(TestCaseExecutor.java:285)
	at com.kms.katalon.core.common.CommonExecutor.accessTestCaseMainPhase(CommonExecutor.java:71)
	at com.kms.katalon.core.main.TestSuiteExecutor.accessTestSuiteMainPhase(TestSuiteExecutor.java:160)
	at com.kms.katalon.core.main.TestSuiteExecutor.execute(TestSuiteExecutor.java:107)
	at com.kms.katalon.core.main.TestCaseMain.startTestSuite(TestCaseMain.java:180)
	at TempTestSuite1747941888065.run(TempTestSuite1747941888065.groovy:35)
	at java.base/jdk.internal.reflect.NativeMethodAccessorImpl.invoke0(Native Method)
	at java.base/jdk.internal.reflect.NativeMethodAccessorImpl.invoke(NativeMethodAccessorImpl.java:77)
	at java.base/jdk.internal.reflect.DelegatingMethodAccessorImpl.invoke(DelegatingMethodAccessorImpl.java:43)
Caused by: com.kms.katalon.core.webui.exception.WebElementNotFoundException: Web element with id: 'Object Repository/Event Supervisor/Event Supervisor 2/Page_SportWrench - The Home of Sporting Events/div_Undefined' located by '/html[@class="no-js"]/body[1]/div[@class="container-fluid block-height-min"]/event-supervisor[1]/div[@class="container supervisor"]/table[@class="table sw-adaptive-grid events-list table-vertical-align-middle"]/tbody[1]/tr[37]/td[@class="pointer"]/div[@class="text-danger font-bold"][count(. | //*[(text() = 'Undefined' or . = 'Undefined')]) = count(//*[(text() = 'Undefined' or . = 'Undefined')])]' not found
	at com.kms.katalon.core.webui.common.WebUiCommonHelper.findWebElement(WebUiCommonHelper.java:1457)
	at com.kms.katalon.core.webui.keyword.internal.WebUIAbstractKeyword.findWebElement(WebUIAbstractKeyword.groovy:27)
	at com.kms.katalon.core.webui.keyword.builtin.ClickKeyword$_click_closure1.doCall(ClickKeyword.groovy:66)
	at com.kms.katalon.core.webui.keyword.builtin.ClickKeyword$_click_closure1.call(ClickKeyword.groovy)
	at com.kms.katalon.core.webui.keyword.internal.WebUIKeywordMain.runKeyword(WebUIKeywordMain.groovy:35)
	at com.kms.katalon.core.webui.keyword.builtin.ClickKeyword.click(ClickKeyword.groovy:75)
	at com.kms.katalon.core.webui.keyword.builtin.ClickKeyword.execute(ClickKeyword.groovy:40)
	at com.kms.katalon.core.keyword.internal.KeywordExecutor.executeKeywordForPlatform(KeywordExecutor.groovy:74)
	at com.kms.katalon.core.webui.keyword.WebUiBuiltInKeywords.click(WebUiBuiltInKeywords.groovy:696)
	at Script1743891018684.run(Script1743891018684.groovy:36)
	... 15 more
)

22-05-2025T22:27:08 - [MESSAGE][INFO] - Unable to find the element located by 'By.xpath: /html[@class="no-js"]/body[1]/div[@class="container-fluid block-height-min"]/event-supervisor[1]/div[@class="container supervisor"]/table[@class="table sw-adaptive-grid events-list table-vertical-align-middle"]/tbody[1]/tr[37]/td[@class="pointer"]/div[@class="text-danger font-bold"][count(. | //*[(text() = 'Undefined' or . = 'Undefined')]) = count(//*[(text() = 'Undefined' or . = 'Undefined')])]'. Please recheck the objects properties to make sure the desired element is located. 

22-05-2025T22:27:08 - [MESSAGE][FAILED] - Unable to click on object 'Object Repository/Event Supervisor/Event Supervisor 2/Page_SportWrench - The Home of Sporting Events/div_Undefined' (Root cause: com.kms.katalon.core.exception.StepFailedException: Unable to click on object 'Object Repository/Event Supervisor/Event Supervisor 2/Page_SportWrench - The Home of Sporting Events/div_Undefined'
	at com.kms.katalon.core.webui.keyword.internal.WebUIKeywordMain.stepFailed(WebUIKeywordMain.groovy:117)
	at com.kms.katalon.core.webui.keyword.internal.WebUIKeywordMain.runKeyword(WebUIKeywordMain.groovy:43)
	at com.kms.katalon.core.webui.keyword.builtin.ClickKeyword.click(ClickKeyword.groovy:75)
	at com.kms.katalon.core.webui.keyword.builtin.ClickKeyword.execute(ClickKeyword.groovy:40)
	at com.kms.katalon.core.keyword.internal.KeywordExecutor.executeKeywordForPlatform(KeywordExecutor.groovy:74)
	at com.kms.katalon.core.webui.keyword.WebUiBuiltInKeywords.click(WebUiBuiltInKeywords.groovy:696)
	at Event Supervisor.run(Event Supervisor:36)
	at com.kms.katalon.core.main.ScriptEngine.run(ScriptEngine.java:194)
	at com.kms.katalon.core.main.ScriptEngine.runScriptAsRawText(ScriptEngine.java:119)
	at com.kms.katalon.core.main.TestCaseExecutor.runScript(TestCaseExecutor.java:448)
	at com.kms.katalon.core.main.TestCaseExecutor.doExecute(TestCaseExecutor.java:439)
	at com.kms.katalon.core.main.TestCaseExecutor.processExecutionPhase(TestCaseExecutor.java:418)
	at com.kms.katalon.core.main.TestCaseExecutor.accessMainPhase(TestCaseExecutor.java:410)
	at com.kms.katalon.core.main.TestCaseExecutor.execute(TestCaseExecutor.java:285)
	at com.kms.katalon.core.common.CommonExecutor.accessTestCaseMainPhase(CommonExecutor.java:71)
	at com.kms.katalon.core.main.TestSuiteExecutor.accessTestSuiteMainPhase(TestSuiteExecutor.java:160)
	at com.kms.katalon.core.main.TestSuiteExecutor.execute(TestSuiteExecutor.java:107)
	at com.kms.katalon.core.main.TestCaseMain.startTestSuite(TestCaseMain.java:180)
	at TempTestSuite1747941888065.run(TempTestSuite1747941888065.groovy:35)
	at java.base/jdk.internal.reflect.NativeMethodAccessorImpl.invoke0(Native Method)
	at java.base/jdk.internal.reflect.NativeMethodAccessorImpl.invoke(NativeMethodAccessorImpl.java:77)
	at java.base/jdk.internal.reflect.DelegatingMethodAccessorImpl.invoke(DelegatingMethodAccessorImpl.java:43)
Caused by: com.kms.katalon.core.webui.exception.WebElementNotFoundException: Web element with id: 'Object Repository/Event Supervisor/Event Supervisor 2/Page_SportWrench - The Home of Sporting Events/div_Undefined' located by '/html[@class="no-js"]/body[1]/div[@class="container-fluid block-height-min"]/event-supervisor[1]/div[@class="container supervisor"]/table[@class="table sw-adaptive-grid events-list table-vertical-align-middle"]/tbody[1]/tr[37]/td[@class="pointer"]/div[@class="text-danger font-bold"][count(. | //*[(text() = 'Undefined' or . = 'Undefined')]) = count(//*[(text() = 'Undefined' or . = 'Undefined')])]' not found
	at com.kms.katalon.core.webui.common.WebUiCommonHelper.findWebElement(WebUiCommonHelper.java:1457)
	at com.kms.katalon.core.webui.keyword.internal.WebUIAbstractKeyword.findWebElement(WebUIAbstractKeyword.groovy:27)
	at com.kms.katalon.core.webui.keyword.builtin.ClickKeyword$_click_closure1.doCall(ClickKeyword.groovy:66)
	at com.kms.katalon.core.webui.keyword.builtin.ClickKeyword$_click_closure1.call(ClickKeyword.groovy)
	at com.kms.katalon.core.webui.keyword.internal.WebUIKeywordMain.runKeyword(WebUIKeywordMain.groovy:35)
	at com.kms.katalon.core.webui.keyword.builtin.ClickKeyword.click(ClickKeyword.groovy:75)
	at com.kms.katalon.core.webui.keyword.builtin.ClickKeyword.execute(ClickKeyword.groovy:40)
	at com.kms.katalon.core.keyword.internal.KeywordExecutor.executeKeywordForPlatform(KeywordExecutor.groovy:74)
	at com.kms.katalon.core.webui.keyword.WebUiBuiltInKeywords.click(WebUiBuiltInKeywords.groovy:696)
	at Script1743891018684.run(Script1743891018684.groovy:36)
	... 15 more
)
[[ATTACHMENT|C:\\Users\\LENOVO\\git\\SportWrench\\Reports\\20250522_222448\\SMOKE test suit for Event\\20250522_222448\\1747942028792.png]]]]></system-out>
         <system-err><![CDATA[22-05-2025T22:26:23 - [TEST_CASE][FAILED] - Test Cases/111Event/Event Supervisor: Test Cases/111Event/Event Supervisor FAILED.
Reason:
com.kms.katalon.core.exception.StepFailedException: Unable to click on object 'Object Repository/Event Supervisor/Event Supervisor 2/Page_SportWrench - The Home of Sporting Events/div_Undefined'
	at com.kms.katalon.core.webui.keyword.internal.WebUIKeywordMain.stepFailed(WebUIKeywordMain.groovy:117)
	at com.kms.katalon.core.webui.keyword.internal.WebUIKeywordMain.runKeyword(WebUIKeywordMain.groovy:43)
	at com.kms.katalon.core.webui.keyword.builtin.ClickKeyword.click(ClickKeyword.groovy:75)
	at com.kms.katalon.core.webui.keyword.builtin.ClickKeyword.execute(ClickKeyword.groovy:40)
	at com.kms.katalon.core.keyword.internal.KeywordExecutor.executeKeywordForPlatform(KeywordExecutor.groovy:74)
	at com.kms.katalon.core.webui.keyword.WebUiBuiltInKeywords.click(WebUiBuiltInKeywords.groovy:696)
	at Event Supervisor.run(Event Supervisor:36)
	at com.kms.katalon.core.main.ScriptEngine.run(ScriptEngine.java:194)
	at com.kms.katalon.core.main.ScriptEngine.runScriptAsRawText(ScriptEngine.java:119)
	at com.kms.katalon.core.main.TestCaseExecutor.runScript(TestCaseExecutor.java:448)
	at com.kms.katalon.core.main.TestCaseExecutor.doExecute(TestCaseExecutor.java:439)
	at com.kms.katalon.core.main.TestCaseExecutor.processExecutionPhase(TestCaseExecutor.java:418)
	at com.kms.katalon.core.main.TestCaseExecutor.accessMainPhase(TestCaseExecutor.java:410)
	at com.kms.katalon.core.main.TestCaseExecutor.execute(TestCaseExecutor.java:285)
	at com.kms.katalon.core.common.CommonExecutor.accessTestCaseMainPhase(CommonExecutor.java:71)
	at com.kms.katalon.core.main.TestSuiteExecutor.accessTestSuiteMainPhase(TestSuiteExecutor.java:160)
	at com.kms.katalon.core.main.TestSuiteExecutor.execute(TestSuiteExecutor.java:107)
	at com.kms.katalon.core.main.TestCaseMain.startTestSuite(TestCaseMain.java:180)
	at TempTestSuite1747941888065.run(TempTestSuite1747941888065.groovy:35)
	at java.base/jdk.internal.reflect.NativeMethodAccessorImpl.invoke0(Native Method)
	at java.base/jdk.internal.reflect.NativeMethodAccessorImpl.invoke(NativeMethodAccessorImpl.java:77)
	at java.base/jdk.internal.reflect.DelegatingMethodAccessorImpl.invoke(DelegatingMethodAccessorImpl.java:43)
Caused by: com.kms.katalon.core.webui.exception.WebElementNotFoundException: Web element with id: 'Object Repository/Event Supervisor/Event Supervisor 2/Page_SportWrench - The Home of Sporting Events/div_Undefined' located by '/html[@class="no-js"]/body[1]/div[@class="container-fluid block-height-min"]/event-supervisor[1]/div[@class="container supervisor"]/table[@class="table sw-adaptive-grid events-list table-vertical-align-middle"]/tbody[1]/tr[37]/td[@class="pointer"]/div[@class="text-danger font-bold"][count(. | //*[(text() = 'Undefined' or . = 'Undefined')]) = count(//*[(text() = 'Undefined' or . = 'Undefined')])]' not found
	at com.kms.katalon.core.webui.common.WebUiCommonHelper.findWebElement(WebUiCommonHelper.java:1457)
	at com.kms.katalon.core.webui.keyword.internal.WebUIAbstractKeyword.findWebElement(WebUIAbstractKeyword.groovy:27)
	at com.kms.katalon.core.webui.keyword.builtin.ClickKeyword$_click_closure1.doCall(ClickKeyword.groovy:66)
	at com.kms.katalon.core.webui.keyword.builtin.ClickKeyword$_click_closure1.call(ClickKeyword.groovy)
	at com.kms.katalon.core.webui.keyword.internal.WebUIKeywordMain.runKeyword(WebUIKeywordMain.groovy:35)
	... 20 more]]></system-err>
      </testcase>
      <testcase name="Test Cases/111Event/Team purchase" time="16.544" classname="Test Cases/111Event/Team purchase" status="FAILED">
         <failure type="FAILED" message="Test Cases/111Event/Team purchase FAILED.&#xa;Reason:&#xa;com.kms.katalon.core.exception.StepFailedException: Unable to click on object 'Object Repository/Page_SportWrench - The Home of Sporting Events/button_Enter Event and Manage Teams'&#xa;	at com.kms.katalon.core.webui.keyword.internal.WebUIKeywordMain.stepFailed(WebUIKeywordMain.groovy:117)&#xa;	at com.kms.katalon.core.webui.keyword.internal.WebUIKeywordMain.runKeyword(WebUIKeywordMain.groovy:43)&#xa;	at com.kms.katalon.core.webui.keyword.builtin.ClickKeyword.click(ClickKeyword.groovy:75)&#xa;	at com.kms.katalon.core.webui.keyword.builtin.ClickKeyword.execute(ClickKeyword.groovy:40)&#xa;	at com.kms.katalon.core.keyword.internal.KeywordExecutor.executeKeywordForPlatform(KeywordExecutor.groovy:74)&#xa;	at com.kms.katalon.core.webui.keyword.WebUiBuiltInKeywords.click(WebUiBuiltInKeywords.groovy:696)&#xa;	at Team purchase.run(Team purchase:41)&#xa;	at com.kms.katalon.core.main.ScriptEngine.run(ScriptEngine.java:194)&#xa;	at com.kms.katalon.core.main.ScriptEngine.runScriptAsRawText(ScriptEngine.java:119)&#xa;	at com.kms.katalon.core.main.TestCaseExecutor.runScript(TestCaseExecutor.java:448)&#xa;	at com.kms.katalon.core.main.TestCaseExecutor.doExecute(TestCaseExecutor.java:439)&#xa;	at com.kms.katalon.core.main.TestCaseExecutor.processExecutionPhase(TestCaseExecutor.java:418)&#xa;	at com.kms.katalon.core.main.TestCaseExecutor.accessMainPhase(TestCaseExecutor.java:410)&#xa;	at com.kms.katalon.core.main.TestCaseExecutor.execute(TestCaseExecutor.java:285)&#xa;	at com.kms.katalon.core.common.CommonExecutor.accessTestCaseMainPhase(CommonExecutor.java:71)&#xa;	at com.kms.katalon.core.main.TestSuiteExecutor.accessTestSuiteMainPhase(TestSuiteExecutor.java:160)&#xa;	at com.kms.katalon.core.main.TestSuiteExecutor.execute(TestSuiteExecutor.java:107)&#xa;	at com.kms.katalon.core.main.TestCaseMain.startTestSuite(TestCaseMain.java:180)&#xa;	at TempTestSuite1747941888065.run(TempTestSuite1747941888065.groovy:35)&#xa;	at java.base/jdk.internal.reflect.NativeMethodAccessorImpl.invoke0(Native Method)&#xa;	at java.base/jdk.internal.reflect.NativeMethodAccessorImpl.invoke(NativeMethodAccessorImpl.java:77)&#xa;	at java.base/jdk.internal.reflect.DelegatingMethodAccessorImpl.invoke(DelegatingMethodAccessorImpl.java:43)&#xa;Caused by: org.openqa.selenium.ElementNotInteractableException: element not interactable&#xa;  (Session info: chrome=136.0.7103.114)&#xa;Build info: version: '4.22.0', revision: 'c5f3146703'&#xa;System info: os.name: 'Windows 10', os.arch: 'amd64', os.version: '10.0', java.version: '17.0.14'&#xa;Driver info: com.kms.katalon.selenium.driver.CChromeDriver&#xa;Command: [4530f71ebab40ee13f347a6059662471, clickElement {id=f.0C84F3285B0A0B80247CB31678B6D13B.d.29A6663070B6A4D488210D58D5C09AD5.e.141}]&#xa;Capabilities {acceptInsecureCerts: false, browserName: chrome, browserVersion: 136.0.7103.114, chrome: {chromedriverVersion: 136.0.7103.94 (fa0be0b33deb..., userDataDir: C:\Users\LENOVO\AppData\Loc...}, fedcm:accounts: true, goog:chromeOptions: {debuggerAddress: localhost:52423}, networkConnectionEnabled: false, pageLoadStrategy: normal, platformName: windows, proxy: Proxy(), se:cdp: ws://localhost:52423/devtoo..., se:cdpVersion: 136.0.7103.114, setWindowRect: true, strictFileInteractability: false, timeouts: {implicit: 0, pageLoad: 300000, script: 30000}, unhandledPromptBehavior: ignore, webSocketUrl: ws://localhost:35954/sessio..., webauthn:extension:credBlob: true, webauthn:extension:largeBlob: true, webauthn:extension:minPinLength: true, webauthn:extension:prf: true, webauthn:virtualAuthenticators: true}&#xa;Element: [[CChromeDriver: chrome on windows (4530f71ebab40ee13f347a6059662471)] -> xpath: (.//*[normalize-space(text()) and normalize-space(.)='Accepted Teams'])[1]/following::button[1]]&#xa;Session ID: 4530f71ebab40ee13f347a6059662471&#xa;	at java.base/jdk.internal.reflect.NativeConstructorAccessorImpl.newInstance0(Native Method)&#xa;	at java.base/jdk.internal.reflect.NativeConstructorAccessorImpl.newInstance(NativeConstructorAccessorImpl.java:77)&#xa;	at java.base/jdk.internal.reflect.DelegatingConstructorAccessorImpl.newInstance(DelegatingConstructorAccessorImpl.java:45)&#xa;	at org.openqa.selenium.remote.ErrorCodec.decode(ErrorCodec.java:167)&#xa;	at org.openqa.selenium.remote.codec.w3c.W3CHttpResponseCodec.decode(W3CHttpResponseCodec.java:138)&#xa;	at org.openqa.selenium.remote.codec.w3c.W3CHttpResponseCodec.decode(W3CHttpResponseCodec.java:50)&#xa;	at org.openqa.selenium.remote.HttpCommandExecutor.execute(HttpCommandExecutor.java:190)&#xa;	at org.openqa.selenium.remote.service.DriverCommandExecutor.invokeExecute(DriverCommandExecutor.java:216)&#xa;	at org.openqa.selenium.remote.service.DriverCommandExecutor.execute(DriverCommandExecutor.java:174)&#xa;	at org.openqa.selenium.remote.RemoteWebDriver.execute(RemoteWebDriver.java:518)&#xa;	at org.openqa.selenium.remote.RemoteWebElement.execute(RemoteWebElement.java:223)&#xa;	at org.openqa.selenium.remote.RemoteWebElement.click(RemoteWebElement.java:76)&#xa;	at jdk.internal.reflect.GeneratedMethodAccessor25.invoke(Unknown Source)&#xa;	at java.base/jdk.internal.reflect.DelegatingMethodAccessorImpl.invoke(DelegatingMethodAccessorImpl.java:43)&#xa;	at org.openqa.selenium.support.decorators.WebDriverDecorator.call(WebDriverDecorator.java:249)&#xa;	at org.openqa.selenium.support.decorators.DefaultDecorated.call(DefaultDecorated.java:48)&#xa;	at org.openqa.selenium.support.decorators.WebDriverDecorator.lambda$createProxy$2(WebDriverDecorator.java:321)&#xa;	at net.bytebuddy.renamed.java.lang.Object$ByteBuddy$8d74gX9H.click(Unknown Source)&#xa;	at org.openqa.selenium.WebElement$click.call(Unknown Source)&#xa;	at org.openqa.selenium.WebElement$click.call(Unknown Source)&#xa;	at com.kms.katalon.core.webui.keyword.builtin.ClickKeyword.clickUntilSuccessWithTimeout(ClickKeyword.groovy:82)&#xa;	at com.kms.katalon.core.webui.keyword.builtin.ClickKeyword.clickUntilSuccessWithTimeout(ClickKeyword.groovy)&#xa;	at jdk.internal.reflect.GeneratedMethodAccessor27.invoke(Unknown Source)&#xa;	at java.base/jdk.internal.reflect.DelegatingMethodAccessorImpl.invoke(DelegatingMethodAccessorImpl.java:43)&#xa;	at com.kms.katalon.core.webui.keyword.builtin.ClickKeyword$_click_closure1.doCall(ClickKeyword.groovy:68)&#xa;	at com.kms.katalon.core.webui.keyword.builtin.ClickKeyword$_click_closure1.call(ClickKeyword.groovy)&#xa;	at com.kms.katalon.core.webui.keyword.internal.WebUIKeywordMain.runKeyword(WebUIKeywordMain.groovy:35)&#xa;	... 20 more&#xa;"/>
         <system-out><![CDATA[22-05-2025T22:27:08 - [TEST_CASE][FAILED] - Test Cases/111Event/Team purchase: Test Cases/111Event/Team purchase FAILED.
Reason:
com.kms.katalon.core.exception.StepFailedException: Unable to click on object 'Object Repository/Page_SportWrench - The Home of Sporting Events/button_Enter Event and Manage Teams'
	at com.kms.katalon.core.webui.keyword.internal.WebUIKeywordMain.stepFailed(WebUIKeywordMain.groovy:117)
	at com.kms.katalon.core.webui.keyword.internal.WebUIKeywordMain.runKeyword(WebUIKeywordMain.groovy:43)
	at com.kms.katalon.core.webui.keyword.builtin.ClickKeyword.click(ClickKeyword.groovy:75)
	at com.kms.katalon.core.webui.keyword.builtin.ClickKeyword.execute(ClickKeyword.groovy:40)
	at com.kms.katalon.core.keyword.internal.KeywordExecutor.executeKeywordForPlatform(KeywordExecutor.groovy:74)
	at com.kms.katalon.core.webui.keyword.WebUiBuiltInKeywords.click(WebUiBuiltInKeywords.groovy:696)
	at Team purchase.run(Team purchase:41)
	at com.kms.katalon.core.main.ScriptEngine.run(ScriptEngine.java:194)
	at com.kms.katalon.core.main.ScriptEngine.runScriptAsRawText(ScriptEngine.java:119)
	at com.kms.katalon.core.main.TestCaseExecutor.runScript(TestCaseExecutor.java:448)
	at com.kms.katalon.core.main.TestCaseExecutor.doExecute(TestCaseExecutor.java:439)
	at com.kms.katalon.core.main.TestCaseExecutor.processExecutionPhase(TestCaseExecutor.java:418)
	at com.kms.katalon.core.main.TestCaseExecutor.accessMainPhase(TestCaseExecutor.java:410)
	at com.kms.katalon.core.main.TestCaseExecutor.execute(TestCaseExecutor.java:285)
	at com.kms.katalon.core.common.CommonExecutor.accessTestCaseMainPhase(CommonExecutor.java:71)
	at com.kms.katalon.core.main.TestSuiteExecutor.accessTestSuiteMainPhase(TestSuiteExecutor.java:160)
	at com.kms.katalon.core.main.TestSuiteExecutor.execute(TestSuiteExecutor.java:107)
	at com.kms.katalon.core.main.TestCaseMain.startTestSuite(TestCaseMain.java:180)
	at TempTestSuite1747941888065.run(TempTestSuite1747941888065.groovy:35)
	at java.base/jdk.internal.reflect.NativeMethodAccessorImpl.invoke0(Native Method)
	at java.base/jdk.internal.reflect.NativeMethodAccessorImpl.invoke(NativeMethodAccessorImpl.java:77)
	at java.base/jdk.internal.reflect.DelegatingMethodAccessorImpl.invoke(DelegatingMethodAccessorImpl.java:43)
Caused by: org.openqa.selenium.ElementNotInteractableException: element not interactable
  (Session info: chrome=136.0.7103.114)
Build info: version: '4.22.0', revision: 'c5f3146703'
System info: os.name: 'Windows 10', os.arch: 'amd64', os.version: '10.0', java.version: '17.0.14'
Driver info: com.kms.katalon.selenium.driver.CChromeDriver
Command: [4530f71ebab40ee13f347a6059662471, clickElement {id=f.0C84F3285B0A0B80247CB31678B6D13B.d.29A6663070B6A4D488210D58D5C09AD5.e.141}]
Capabilities {acceptInsecureCerts: false, browserName: chrome, browserVersion: 136.0.7103.114, chrome: {chromedriverVersion: 136.0.7103.94 (fa0be0b33deb..., userDataDir: C:\Users\LENOVO\AppData\Loc...}, fedcm:accounts: true, goog:chromeOptions: {debuggerAddress: localhost:52423}, networkConnectionEnabled: false, pageLoadStrategy: normal, platformName: windows, proxy: Proxy(), se:cdp: ws://localhost:52423/devtoo..., se:cdpVersion: 136.0.7103.114, setWindowRect: true, strictFileInteractability: false, timeouts: {implicit: 0, pageLoad: 300000, script: 30000}, unhandledPromptBehavior: ignore, webSocketUrl: ws://localhost:35954/sessio..., webauthn:extension:credBlob: true, webauthn:extension:largeBlob: true, webauthn:extension:minPinLength: true, webauthn:extension:prf: true, webauthn:virtualAuthenticators: true}
Element: [[CChromeDriver: chrome on windows (4530f71ebab40ee13f347a6059662471)] -> xpath: (.//*[normalize-space(text()) and normalize-space(.)='Accepted Teams'])[1]/following::button[1]]
Session ID: 4530f71ebab40ee13f347a6059662471
	at java.base/jdk.internal.reflect.NativeConstructorAccessorImpl.newInstance0(Native Method)
	at java.base/jdk.internal.reflect.NativeConstructorAccessorImpl.newInstance(NativeConstructorAccessorImpl.java:77)
	at java.base/jdk.internal.reflect.DelegatingConstructorAccessorImpl.newInstance(DelegatingConstructorAccessorImpl.java:45)
	at org.openqa.selenium.remote.ErrorCodec.decode(ErrorCodec.java:167)
	at org.openqa.selenium.remote.codec.w3c.W3CHttpResponseCodec.decode(W3CHttpResponseCodec.java:138)
	at org.openqa.selenium.remote.codec.w3c.W3CHttpResponseCodec.decode(W3CHttpResponseCodec.java:50)
	at org.openqa.selenium.remote.HttpCommandExecutor.execute(HttpCommandExecutor.java:190)
	at org.openqa.selenium.remote.service.DriverCommandExecutor.invokeExecute(DriverCommandExecutor.java:216)
	at org.openqa.selenium.remote.service.DriverCommandExecutor.execute(DriverCommandExecutor.java:174)
	at org.openqa.selenium.remote.RemoteWebDriver.execute(RemoteWebDriver.java:518)
	at org.openqa.selenium.remote.RemoteWebElement.execute(RemoteWebElement.java:223)
	at org.openqa.selenium.remote.RemoteWebElement.click(RemoteWebElement.java:76)
	at jdk.internal.reflect.GeneratedMethodAccessor25.invoke(Unknown Source)
	at java.base/jdk.internal.reflect.DelegatingMethodAccessorImpl.invoke(DelegatingMethodAccessorImpl.java:43)
	at org.openqa.selenium.support.decorators.WebDriverDecorator.call(WebDriverDecorator.java:249)
	at org.openqa.selenium.support.decorators.DefaultDecorated.call(DefaultDecorated.java:48)
	at org.openqa.selenium.support.decorators.WebDriverDecorator.lambda$createProxy$2(WebDriverDecorator.java:321)
	at net.bytebuddy.renamed.java.lang.Object$ByteBuddy$8d74gX9H.click(Unknown Source)
	at org.openqa.selenium.WebElement$click.call(Unknown Source)
	at org.openqa.selenium.WebElement$click.call(Unknown Source)
	at com.kms.katalon.core.webui.keyword.builtin.ClickKeyword.clickUntilSuccessWithTimeout(ClickKeyword.groovy:82)
	at com.kms.katalon.core.webui.keyword.builtin.ClickKeyword.clickUntilSuccessWithTimeout(ClickKeyword.groovy)
	at jdk.internal.reflect.GeneratedMethodAccessor27.invoke(Unknown Source)
	at java.base/jdk.internal.reflect.DelegatingMethodAccessorImpl.invoke(DelegatingMethodAccessorImpl.java:43)
	at com.kms.katalon.core.webui.keyword.builtin.ClickKeyword$_click_closure1.doCall(ClickKeyword.groovy:68)
	at com.kms.katalon.core.webui.keyword.builtin.ClickKeyword$_click_closure1.call(ClickKeyword.groovy)
	at com.kms.katalon.core.webui.keyword.internal.WebUIKeywordMain.runKeyword(WebUIKeywordMain.groovy:35)
	... 20 more


22-05-2025T22:27:08 - [TEST_STEP][PASSED] - openBrowser("http://USAV:demo@dev.swstage.com/ "): Browser is opened with url: 'http://USAV:demo@dev.swstage.com/ '

22-05-2025T22:27:08 - [MESSAGE][WARNING] - A browser is already opened. Closing browser and opening a new one

22-05-2025T22:27:09 - [MESSAGE][INFO] - Starting 'Chrome' driver

22-05-2025T22:27:09 - [MESSAGE][INFO] - Action delay is set to 0 milliseconds

22-05-2025T22:27:13 - [MESSAGE][PASSED] - Browser is opened with url: 'http://USAV:demo@dev.swstage.com/ '

22-05-2025T22:27:13 - [TEST_STEP][PASSED] - maximizeWindow(): Current window maximized

22-05-2025T22:27:13 - [MESSAGE][PASSED] - Current window maximized

22-05-2025T22:27:13 - [TEST_STEP][PASSED] - navigateToUrl("http://USAV:demo@my.dev.swstage.com/#/"): Navigate to 'http://USAV:demo@my.dev.swstage.com/#/' successfully

22-05-2025T22:27:16 - [MESSAGE][PASSED] - Navigate to 'http://USAV:demo@my.dev.swstage.com/#/' successfully

22-05-2025T22:27:16 - [TEST_STEP][PASSED] - setText(findTestObject("Object Repository/Page_SportWrench - The Home of Sporting Events/input_Log In_email"), "wendy@mvvclub.com"): Text 'wendy@mvvclub.com' is set on object 'Object Repository/Page_SportWrench - The Home of Sporting Events/input_Log In_email'

22-05-2025T22:27:16 - [MESSAGE][PASSED] - Text 'wendy@mvvclub.com' is set on object 'Object Repository/Page_SportWrench - The Home of Sporting Events/input_Log In_email'

22-05-2025T22:27:16 - [TEST_STEP][PASSED] - setEncryptedText(findTestObject("Object Repository/Page_SportWrench - The Home of Sporting Events/input_false_password"), "ugkk24xDMrWrlVpEbACuNZEQlZ6qfcdw"): Text ****** has been set on object 'Object Repository/Page_SportWrench - The Home of Sporting Events/input_false_password'

22-05-2025T22:27:17 - [MESSAGE][PASSED] - Text ****** has been set on object 'Object Repository/Page_SportWrench - The Home of Sporting Events/input_false_password'

22-05-2025T22:27:17 - [TEST_STEP][PASSED] - click(findTestObject("Object Repository/Page_SportWrench - The Home of Sporting Events/button_Log In")): Object: 'Object Repository/Page_SportWrench - The Home of Sporting Events/button_Log In' is clicked on

22-05-2025T22:27:17 - [MESSAGE][PASSED] - Object: 'Object Repository/Page_SportWrench - The Home of Sporting Events/button_Log In' is clicked on

22-05-2025T22:27:17 - [TEST_STEP][PASSED] - click(findTestObject("Object Repository/Page_SportWrench - The Home of Sporting Events/a_Enter Events")): Object: 'Object Repository/Page_SportWrench - The Home of Sporting Events/a_Enter Events' is clicked on

22-05-2025T22:27:21 - [MESSAGE][PASSED] - Object: 'Object Repository/Page_SportWrench - The Home of Sporting Events/a_Enter Events' is clicked on

22-05-2025T22:27:21 - [TEST_STEP][PASSED] - setText(findTestObject("Spy Web/Page_SportWrench - The Home of Sporting Events/input_Invoices_searchbox"), "123Test Event"): Text '123Test Event' is set on object 'Object Repository/Spy Web/Page_SportWrench - The Home of Sporting Events/input_Invoices_searchbox'

22-05-2025T22:27:22 - [MESSAGE][PASSED] - Text '123Test Event' is set on object 'Object Repository/Spy Web/Page_SportWrench - The Home of Sporting Events/input_Invoices_searchbox'

22-05-2025T22:27:22 - [TEST_STEP][PASSED] - delay(2): Delayed 2 second(s)

22-05-2025T22:27:24 - [MESSAGE][PASSED] - Delayed 2 second(s)

22-05-2025T22:27:24 - [TEST_STEP][PASSED] - click(findTestObject("Spy Web/Page_SportWrench - The Home of Sporting Events/span_123Test Event")): Object: 'Object Repository/Spy Web/Page_SportWrench - The Home of Sporting Events/span_123Test Event' is clicked on

22-05-2025T22:27:24 - [MESSAGE][PASSED] - Object: 'Object Repository/Spy Web/Page_SportWrench - The Home of Sporting Events/span_123Test Event' is clicked on

22-05-2025T22:27:24 - [TEST_STEP][FAILED] - click(findTestObject("Object Repository/Page_SportWrench - The Home of Sporting Events/button_Enter Event and Manage Teams")): Unable to click on object 'Object Repository/Page_SportWrench - The Home of Sporting Events/button_Enter Event and Manage Teams' (Root cause: com.kms.katalon.core.exception.StepFailedException: Unable to click on object 'Object Repository/Page_SportWrench - The Home of Sporting Events/button_Enter Event and Manage Teams'
	at com.kms.katalon.core.webui.keyword.internal.WebUIKeywordMain.stepFailed(WebUIKeywordMain.groovy:117)
	at com.kms.katalon.core.webui.keyword.internal.WebUIKeywordMain.runKeyword(WebUIKeywordMain.groovy:43)
	at com.kms.katalon.core.webui.keyword.builtin.ClickKeyword.click(ClickKeyword.groovy:75)
	at com.kms.katalon.core.webui.keyword.builtin.ClickKeyword.execute(ClickKeyword.groovy:40)
	at com.kms.katalon.core.keyword.internal.KeywordExecutor.executeKeywordForPlatform(KeywordExecutor.groovy:74)
	at com.kms.katalon.core.webui.keyword.WebUiBuiltInKeywords.click(WebUiBuiltInKeywords.groovy:696)
	at Team purchase.run(Team purchase:41)
	at com.kms.katalon.core.main.ScriptEngine.run(ScriptEngine.java:194)
	at com.kms.katalon.core.main.ScriptEngine.runScriptAsRawText(ScriptEngine.java:119)
	at com.kms.katalon.core.main.TestCaseExecutor.runScript(TestCaseExecutor.java:448)
	at com.kms.katalon.core.main.TestCaseExecutor.doExecute(TestCaseExecutor.java:439)
	at com.kms.katalon.core.main.TestCaseExecutor.processExecutionPhase(TestCaseExecutor.java:418)
	at com.kms.katalon.core.main.TestCaseExecutor.accessMainPhase(TestCaseExecutor.java:410)
	at com.kms.katalon.core.main.TestCaseExecutor.execute(TestCaseExecutor.java:285)
	at com.kms.katalon.core.common.CommonExecutor.accessTestCaseMainPhase(CommonExecutor.java:71)
	at com.kms.katalon.core.main.TestSuiteExecutor.accessTestSuiteMainPhase(TestSuiteExecutor.java:160)
	at com.kms.katalon.core.main.TestSuiteExecutor.execute(TestSuiteExecutor.java:107)
	at com.kms.katalon.core.main.TestCaseMain.startTestSuite(TestCaseMain.java:180)
	at TempTestSuite1747941888065.run(TempTestSuite1747941888065.groovy:35)
	at java.base/jdk.internal.reflect.NativeMethodAccessorImpl.invoke0(Native Method)
	at java.base/jdk.internal.reflect.NativeMethodAccessorImpl.invoke(NativeMethodAccessorImpl.java:77)
	at java.base/jdk.internal.reflect.DelegatingMethodAccessorImpl.invoke(DelegatingMethodAccessorImpl.java:43)
Caused by: org.openqa.selenium.ElementNotInteractableException: element not interactable
  (Session info: chrome=136.0.7103.114)
Build info: version: '4.22.0', revision: 'c5f3146703'
System info: os.name: 'Windows 10', os.arch: 'amd64', os.version: '10.0', java.version: '17.0.14'
Driver info: com.kms.katalon.selenium.driver.CChromeDriver
Command: [4530f71ebab40ee13f347a6059662471, clickElement {id=f.0C84F3285B0A0B80247CB31678B6D13B.d.29A6663070B6A4D488210D58D5C09AD5.e.141}]
Capabilities {acceptInsecureCerts: false, browserName: chrome, browserVersion: 136.0.7103.114, chrome: {chromedriverVersion: 136.0.7103.94 (fa0be0b33deb..., userDataDir: C:\Users\LENOVO\AppData\Loc...}, fedcm:accounts: true, goog:chromeOptions: {debuggerAddress: localhost:52423}, networkConnectionEnabled: false, pageLoadStrategy: normal, platformName: windows, proxy: Proxy(), se:cdp: ws://localhost:52423/devtoo..., se:cdpVersion: 136.0.7103.114, setWindowRect: true, strictFileInteractability: false, timeouts: {implicit: 0, pageLoad: 300000, script: 30000}, unhandledPromptBehavior: ignore, webSocketUrl: ws://localhost:35954/sessio..., webauthn:extension:credBlob: true, webauthn:extension:largeBlob: true, webauthn:extension:minPinLength: true, webauthn:extension:prf: true, webauthn:virtualAuthenticators: true}
Element: [[CChromeDriver: chrome on windows (4530f71ebab40ee13f347a6059662471)] -> xpath: (.//*[normalize-space(text()) and normalize-space(.)='Accepted Teams'])[1]/following::button[1]]
Session ID: 4530f71ebab40ee13f347a6059662471
	at java.base/jdk.internal.reflect.NativeConstructorAccessorImpl.newInstance0(Native Method)
	at java.base/jdk.internal.reflect.NativeConstructorAccessorImpl.newInstance(NativeConstructorAccessorImpl.java:77)
	at java.base/jdk.internal.reflect.DelegatingConstructorAccessorImpl.newInstance(DelegatingConstructorAccessorImpl.java:45)
	at org.openqa.selenium.remote.ErrorCodec.decode(ErrorCodec.java:167)
	at org.openqa.selenium.remote.codec.w3c.W3CHttpResponseCodec.decode(W3CHttpResponseCodec.java:138)
	at org.openqa.selenium.remote.codec.w3c.W3CHttpResponseCodec.decode(W3CHttpResponseCodec.java:50)
	at org.openqa.selenium.remote.HttpCommandExecutor.execute(HttpCommandExecutor.java:190)
	at org.openqa.selenium.remote.service.DriverCommandExecutor.invokeExecute(DriverCommandExecutor.java:216)
	at org.openqa.selenium.remote.service.DriverCommandExecutor.execute(DriverCommandExecutor.java:174)
	at org.openqa.selenium.remote.RemoteWebDriver.execute(RemoteWebDriver.java:518)
	at org.openqa.selenium.remote.RemoteWebElement.execute(RemoteWebElement.java:223)
	at org.openqa.selenium.remote.RemoteWebElement.click(RemoteWebElement.java:76)
	at jdk.internal.reflect.GeneratedMethodAccessor25.invoke(Unknown Source)
	at java.base/jdk.internal.reflect.DelegatingMethodAccessorImpl.invoke(DelegatingMethodAccessorImpl.java:43)
	at org.openqa.selenium.support.decorators.WebDriverDecorator.call(WebDriverDecorator.java:249)
	at org.openqa.selenium.support.decorators.DefaultDecorated.call(DefaultDecorated.java:48)
	at org.openqa.selenium.support.decorators.WebDriverDecorator.lambda$createProxy$2(WebDriverDecorator.java:321)
	at net.bytebuddy.renamed.java.lang.Object$ByteBuddy$8d74gX9H.click(Unknown Source)
	at org.openqa.selenium.WebElement$click.call(Unknown Source)
	at org.openqa.selenium.WebElement$click.call(Unknown Source)
	at com.kms.katalon.core.webui.keyword.builtin.ClickKeyword.clickUntilSuccessWithTimeout(ClickKeyword.groovy:82)
	at com.kms.katalon.core.webui.keyword.builtin.ClickKeyword.clickUntilSuccessWithTimeout(ClickKeyword.groovy)
	at jdk.internal.reflect.GeneratedMethodAccessor27.invoke(Unknown Source)
	at java.base/jdk.internal.reflect.DelegatingMethodAccessorImpl.invoke(DelegatingMethodAccessorImpl.java:43)
	at com.kms.katalon.core.webui.keyword.builtin.ClickKeyword$_click_closure1.doCall(ClickKeyword.groovy:68)
	at com.kms.katalon.core.webui.keyword.builtin.ClickKeyword$_click_closure1.call(ClickKeyword.groovy)
	at com.kms.katalon.core.webui.keyword.internal.WebUIKeywordMain.runKeyword(WebUIKeywordMain.groovy:35)
	at com.kms.katalon.core.webui.keyword.builtin.ClickKeyword.click(ClickKeyword.groovy:75)
	at com.kms.katalon.core.webui.keyword.builtin.ClickKeyword.execute(ClickKeyword.groovy:40)
	at com.kms.katalon.core.keyword.internal.KeywordExecutor.executeKeywordForPlatform(KeywordExecutor.groovy:74)
	at com.kms.katalon.core.webui.keyword.WebUiBuiltInKeywords.click(WebUiBuiltInKeywords.groovy:696)
	at Script1743778891861.run(Script1743778891861.groovy:41)
	... 15 more
)

22-05-2025T22:27:25 - [MESSAGE][FAILED] - Unable to click on object 'Object Repository/Page_SportWrench - The Home of Sporting Events/button_Enter Event and Manage Teams' (Root cause: com.kms.katalon.core.exception.StepFailedException: Unable to click on object 'Object Repository/Page_SportWrench - The Home of Sporting Events/button_Enter Event and Manage Teams'
	at com.kms.katalon.core.webui.keyword.internal.WebUIKeywordMain.stepFailed(WebUIKeywordMain.groovy:117)
	at com.kms.katalon.core.webui.keyword.internal.WebUIKeywordMain.runKeyword(WebUIKeywordMain.groovy:43)
	at com.kms.katalon.core.webui.keyword.builtin.ClickKeyword.click(ClickKeyword.groovy:75)
	at com.kms.katalon.core.webui.keyword.builtin.ClickKeyword.execute(ClickKeyword.groovy:40)
	at com.kms.katalon.core.keyword.internal.KeywordExecutor.executeKeywordForPlatform(KeywordExecutor.groovy:74)
	at com.kms.katalon.core.webui.keyword.WebUiBuiltInKeywords.click(WebUiBuiltInKeywords.groovy:696)
	at Team purchase.run(Team purchase:41)
	at com.kms.katalon.core.main.ScriptEngine.run(ScriptEngine.java:194)
	at com.kms.katalon.core.main.ScriptEngine.runScriptAsRawText(ScriptEngine.java:119)
	at com.kms.katalon.core.main.TestCaseExecutor.runScript(TestCaseExecutor.java:448)
	at com.kms.katalon.core.main.TestCaseExecutor.doExecute(TestCaseExecutor.java:439)
	at com.kms.katalon.core.main.TestCaseExecutor.processExecutionPhase(TestCaseExecutor.java:418)
	at com.kms.katalon.core.main.TestCaseExecutor.accessMainPhase(TestCaseExecutor.java:410)
	at com.kms.katalon.core.main.TestCaseExecutor.execute(TestCaseExecutor.java:285)
	at com.kms.katalon.core.common.CommonExecutor.accessTestCaseMainPhase(CommonExecutor.java:71)
	at com.kms.katalon.core.main.TestSuiteExecutor.accessTestSuiteMainPhase(TestSuiteExecutor.java:160)
	at com.kms.katalon.core.main.TestSuiteExecutor.execute(TestSuiteExecutor.java:107)
	at com.kms.katalon.core.main.TestCaseMain.startTestSuite(TestCaseMain.java:180)
	at TempTestSuite1747941888065.run(TempTestSuite1747941888065.groovy:35)
	at java.base/jdk.internal.reflect.NativeMethodAccessorImpl.invoke0(Native Method)
	at java.base/jdk.internal.reflect.NativeMethodAccessorImpl.invoke(NativeMethodAccessorImpl.java:77)
	at java.base/jdk.internal.reflect.DelegatingMethodAccessorImpl.invoke(DelegatingMethodAccessorImpl.java:43)
Caused by: org.openqa.selenium.ElementNotInteractableException: element not interactable
  (Session info: chrome=136.0.7103.114)
Build info: version: '4.22.0', revision: 'c5f3146703'
System info: os.name: 'Windows 10', os.arch: 'amd64', os.version: '10.0', java.version: '17.0.14'
Driver info: com.kms.katalon.selenium.driver.CChromeDriver
Command: [4530f71ebab40ee13f347a6059662471, clickElement {id=f.0C84F3285B0A0B80247CB31678B6D13B.d.29A6663070B6A4D488210D58D5C09AD5.e.141}]
Capabilities {acceptInsecureCerts: false, browserName: chrome, browserVersion: 136.0.7103.114, chrome: {chromedriverVersion: 136.0.7103.94 (fa0be0b33deb..., userDataDir: C:\Users\LENOVO\AppData\Loc...}, fedcm:accounts: true, goog:chromeOptions: {debuggerAddress: localhost:52423}, networkConnectionEnabled: false, pageLoadStrategy: normal, platformName: windows, proxy: Proxy(), se:cdp: ws://localhost:52423/devtoo..., se:cdpVersion: 136.0.7103.114, setWindowRect: true, strictFileInteractability: false, timeouts: {implicit: 0, pageLoad: 300000, script: 30000}, unhandledPromptBehavior: ignore, webSocketUrl: ws://localhost:35954/sessio..., webauthn:extension:credBlob: true, webauthn:extension:largeBlob: true, webauthn:extension:minPinLength: true, webauthn:extension:prf: true, webauthn:virtualAuthenticators: true}
Element: [[CChromeDriver: chrome on windows (4530f71ebab40ee13f347a6059662471)] -> xpath: (.//*[normalize-space(text()) and normalize-space(.)='Accepted Teams'])[1]/following::button[1]]
Session ID: 4530f71ebab40ee13f347a6059662471
	at java.base/jdk.internal.reflect.NativeConstructorAccessorImpl.newInstance0(Native Method)
	at java.base/jdk.internal.reflect.NativeConstructorAccessorImpl.newInstance(NativeConstructorAccessorImpl.java:77)
	at java.base/jdk.internal.reflect.DelegatingConstructorAccessorImpl.newInstance(DelegatingConstructorAccessorImpl.java:45)
	at org.openqa.selenium.remote.ErrorCodec.decode(ErrorCodec.java:167)
	at org.openqa.selenium.remote.codec.w3c.W3CHttpResponseCodec.decode(W3CHttpResponseCodec.java:138)
	at org.openqa.selenium.remote.codec.w3c.W3CHttpResponseCodec.decode(W3CHttpResponseCodec.java:50)
	at org.openqa.selenium.remote.HttpCommandExecutor.execute(HttpCommandExecutor.java:190)
	at org.openqa.selenium.remote.service.DriverCommandExecutor.invokeExecute(DriverCommandExecutor.java:216)
	at org.openqa.selenium.remote.service.DriverCommandExecutor.execute(DriverCommandExecutor.java:174)
	at org.openqa.selenium.remote.RemoteWebDriver.execute(RemoteWebDriver.java:518)
	at org.openqa.selenium.remote.RemoteWebElement.execute(RemoteWebElement.java:223)
	at org.openqa.selenium.remote.RemoteWebElement.click(RemoteWebElement.java:76)
	at jdk.internal.reflect.GeneratedMethodAccessor25.invoke(Unknown Source)
	at java.base/jdk.internal.reflect.DelegatingMethodAccessorImpl.invoke(DelegatingMethodAccessorImpl.java:43)
	at org.openqa.selenium.support.decorators.WebDriverDecorator.call(WebDriverDecorator.java:249)
	at org.openqa.selenium.support.decorators.DefaultDecorated.call(DefaultDecorated.java:48)
	at org.openqa.selenium.support.decorators.WebDriverDecorator.lambda$createProxy$2(WebDriverDecorator.java:321)
	at net.bytebuddy.renamed.java.lang.Object$ByteBuddy$8d74gX9H.click(Unknown Source)
	at org.openqa.selenium.WebElement$click.call(Unknown Source)
	at org.openqa.selenium.WebElement$click.call(Unknown Source)
	at com.kms.katalon.core.webui.keyword.builtin.ClickKeyword.clickUntilSuccessWithTimeout(ClickKeyword.groovy:82)
	at com.kms.katalon.core.webui.keyword.builtin.ClickKeyword.clickUntilSuccessWithTimeout(ClickKeyword.groovy)
	at jdk.internal.reflect.GeneratedMethodAccessor27.invoke(Unknown Source)
	at java.base/jdk.internal.reflect.DelegatingMethodAccessorImpl.invoke(DelegatingMethodAccessorImpl.java:43)
	at com.kms.katalon.core.webui.keyword.builtin.ClickKeyword$_click_closure1.doCall(ClickKeyword.groovy:68)
	at com.kms.katalon.core.webui.keyword.builtin.ClickKeyword$_click_closure1.call(ClickKeyword.groovy)
	at com.kms.katalon.core.webui.keyword.internal.WebUIKeywordMain.runKeyword(WebUIKeywordMain.groovy:35)
	at com.kms.katalon.core.webui.keyword.builtin.ClickKeyword.click(ClickKeyword.groovy:75)
	at com.kms.katalon.core.webui.keyword.builtin.ClickKeyword.execute(ClickKeyword.groovy:40)
	at com.kms.katalon.core.keyword.internal.KeywordExecutor.executeKeywordForPlatform(KeywordExecutor.groovy:74)
	at com.kms.katalon.core.webui.keyword.WebUiBuiltInKeywords.click(WebUiBuiltInKeywords.groovy:696)
	at Script1743778891861.run(Script1743778891861.groovy:41)
	... 15 more
)
[[ATTACHMENT|C:\\Users\\LENOVO\\git\\SportWrench\\Reports\\20250522_222448\\SMOKE test suit for Event\\20250522_222448\\1747942045350.png]]]]></system-out>
         <system-err><![CDATA[22-05-2025T22:27:08 - [TEST_CASE][FAILED] - Test Cases/111Event/Team purchase: Test Cases/111Event/Team purchase FAILED.
Reason:
com.kms.katalon.core.exception.StepFailedException: Unable to click on object 'Object Repository/Page_SportWrench - The Home of Sporting Events/button_Enter Event and Manage Teams'
	at com.kms.katalon.core.webui.keyword.internal.WebUIKeywordMain.stepFailed(WebUIKeywordMain.groovy:117)
	at com.kms.katalon.core.webui.keyword.internal.WebUIKeywordMain.runKeyword(WebUIKeywordMain.groovy:43)
	at com.kms.katalon.core.webui.keyword.builtin.ClickKeyword.click(ClickKeyword.groovy:75)
	at com.kms.katalon.core.webui.keyword.builtin.ClickKeyword.execute(ClickKeyword.groovy:40)
	at com.kms.katalon.core.keyword.internal.KeywordExecutor.executeKeywordForPlatform(KeywordExecutor.groovy:74)
	at com.kms.katalon.core.webui.keyword.WebUiBuiltInKeywords.click(WebUiBuiltInKeywords.groovy:696)
	at Team purchase.run(Team purchase:41)
	at com.kms.katalon.core.main.ScriptEngine.run(ScriptEngine.java:194)
	at com.kms.katalon.core.main.ScriptEngine.runScriptAsRawText(ScriptEngine.java:119)
	at com.kms.katalon.core.main.TestCaseExecutor.runScript(TestCaseExecutor.java:448)
	at com.kms.katalon.core.main.TestCaseExecutor.doExecute(TestCaseExecutor.java:439)
	at com.kms.katalon.core.main.TestCaseExecutor.processExecutionPhase(TestCaseExecutor.java:418)
	at com.kms.katalon.core.main.TestCaseExecutor.accessMainPhase(TestCaseExecutor.java:410)
	at com.kms.katalon.core.main.TestCaseExecutor.execute(TestCaseExecutor.java:285)
	at com.kms.katalon.core.common.CommonExecutor.accessTestCaseMainPhase(CommonExecutor.java:71)
	at com.kms.katalon.core.main.TestSuiteExecutor.accessTestSuiteMainPhase(TestSuiteExecutor.java:160)
	at com.kms.katalon.core.main.TestSuiteExecutor.execute(TestSuiteExecutor.java:107)
	at com.kms.katalon.core.main.TestCaseMain.startTestSuite(TestCaseMain.java:180)
	at TempTestSuite1747941888065.run(TempTestSuite1747941888065.groovy:35)
	at java.base/jdk.internal.reflect.NativeMethodAccessorImpl.invoke0(Native Method)
	at java.base/jdk.internal.reflect.NativeMethodAccessorImpl.invoke(NativeMethodAccessorImpl.java:77)
	at java.base/jdk.internal.reflect.DelegatingMethodAccessorImpl.invoke(DelegatingMethodAccessorImpl.java:43)
Caused by: org.openqa.selenium.ElementNotInteractableException: element not interactable
  (Session info: chrome=136.0.7103.114)
Build info: version: '4.22.0', revision: 'c5f3146703'
System info: os.name: 'Windows 10', os.arch: 'amd64', os.version: '10.0', java.version: '17.0.14'
Driver info: com.kms.katalon.selenium.driver.CChromeDriver
Command: [4530f71ebab40ee13f347a6059662471, clickElement {id=f.0C84F3285B0A0B80247CB31678B6D13B.d.29A6663070B6A4D488210D58D5C09AD5.e.141}]
Capabilities {acceptInsecureCerts: false, browserName: chrome, browserVersion: 136.0.7103.114, chrome: {chromedriverVersion: 136.0.7103.94 (fa0be0b33deb..., userDataDir: C:\Users\LENOVO\AppData\Loc...}, fedcm:accounts: true, goog:chromeOptions: {debuggerAddress: localhost:52423}, networkConnectionEnabled: false, pageLoadStrategy: normal, platformName: windows, proxy: Proxy(), se:cdp: ws://localhost:52423/devtoo..., se:cdpVersion: 136.0.7103.114, setWindowRect: true, strictFileInteractability: false, timeouts: {implicit: 0, pageLoad: 300000, script: 30000}, unhandledPromptBehavior: ignore, webSocketUrl: ws://localhost:35954/sessio..., webauthn:extension:credBlob: true, webauthn:extension:largeBlob: true, webauthn:extension:minPinLength: true, webauthn:extension:prf: true, webauthn:virtualAuthenticators: true}
Element: [[CChromeDriver: chrome on windows (4530f71ebab40ee13f347a6059662471)] -> xpath: (.//*[normalize-space(text()) and normalize-space(.)='Accepted Teams'])[1]/following::button[1]]
Session ID: 4530f71ebab40ee13f347a6059662471
	at java.base/jdk.internal.reflect.NativeConstructorAccessorImpl.newInstance0(Native Method)
	at java.base/jdk.internal.reflect.NativeConstructorAccessorImpl.newInstance(NativeConstructorAccessorImpl.java:77)
	at java.base/jdk.internal.reflect.DelegatingConstructorAccessorImpl.newInstance(DelegatingConstructorAccessorImpl.java:45)
	at org.openqa.selenium.remote.ErrorCodec.decode(ErrorCodec.java:167)
	at org.openqa.selenium.remote.codec.w3c.W3CHttpResponseCodec.decode(W3CHttpResponseCodec.java:138)
	at org.openqa.selenium.remote.codec.w3c.W3CHttpResponseCodec.decode(W3CHttpResponseCodec.java:50)
	at org.openqa.selenium.remote.HttpCommandExecutor.execute(HttpCommandExecutor.java:190)
	at org.openqa.selenium.remote.service.DriverCommandExecutor.invokeExecute(DriverCommandExecutor.java:216)
	at org.openqa.selenium.remote.service.DriverCommandExecutor.execute(DriverCommandExecutor.java:174)
	at org.openqa.selenium.remote.RemoteWebDriver.execute(RemoteWebDriver.java:518)
	at org.openqa.selenium.remote.RemoteWebElement.execute(RemoteWebElement.java:223)
	at org.openqa.selenium.remote.RemoteWebElement.click(RemoteWebElement.java:76)
	at jdk.internal.reflect.GeneratedMethodAccessor25.invoke(Unknown Source)
	at java.base/jdk.internal.reflect.DelegatingMethodAccessorImpl.invoke(DelegatingMethodAccessorImpl.java:43)
	at org.openqa.selenium.support.decorators.WebDriverDecorator.call(WebDriverDecorator.java:249)
	at org.openqa.selenium.support.decorators.DefaultDecorated.call(DefaultDecorated.java:48)
	at org.openqa.selenium.support.decorators.WebDriverDecorator.lambda$createProxy$2(WebDriverDecorator.java:321)
	at net.bytebuddy.renamed.java.lang.Object$ByteBuddy$8d74gX9H.click(Unknown Source)
	at org.openqa.selenium.WebElement$click.call(Unknown Source)
	at org.openqa.selenium.WebElement$click.call(Unknown Source)
	at com.kms.katalon.core.webui.keyword.builtin.ClickKeyword.clickUntilSuccessWithTimeout(ClickKeyword.groovy:82)
	at com.kms.katalon.core.webui.keyword.builtin.ClickKeyword.clickUntilSuccessWithTimeout(ClickKeyword.groovy)
	at jdk.internal.reflect.GeneratedMethodAccessor27.invoke(Unknown Source)
	at java.base/jdk.internal.reflect.DelegatingMethodAccessorImpl.invoke(DelegatingMethodAccessorImpl.java:43)
	at com.kms.katalon.core.webui.keyword.builtin.ClickKeyword$_click_closure1.doCall(ClickKeyword.groovy:68)
	at com.kms.katalon.core.webui.keyword.builtin.ClickKeyword$_click_closure1.call(ClickKeyword.groovy)
	at com.kms.katalon.core.webui.keyword.internal.WebUIKeywordMain.runKeyword(WebUIKeywordMain.groovy:35)
	... 20 more]]></system-err>
      </testcase>
      <testcase name="Test Cases/111Event/Create settings for tickets" time="29.551" classname="Test Cases/111Event/Create settings for tickets" status="PASSED">
         <system-out><![CDATA[22-05-2025T22:27:25 - [TEST_CASE][PASSED] - Test Cases/111Event/Create settings for tickets: Test Cases/111Event/Create settings for tickets

22-05-2025T22:27:25 - [TEST_STEP][PASSED] - openBrowser("http://USAV:demo@dev.swstage.com/ "): Browser is opened with url: 'http://USAV:demo@dev.swstage.com/ '

22-05-2025T22:27:25 - [MESSAGE][WARNING] - A browser is already opened. Closing browser and opening a new one

22-05-2025T22:27:25 - [MESSAGE][INFO] - Starting 'Chrome' driver

22-05-2025T22:27:25 - [MESSAGE][INFO] - Action delay is set to 0 milliseconds

22-05-2025T22:27:29 - [MESSAGE][PASSED] - Browser is opened with url: 'http://USAV:demo@dev.swstage.com/ '

22-05-2025T22:27:29 - [TEST_STEP][PASSED] - navigateToUrl("http://USAV:demo@my.dev.swstage.com/#/"): Navigate to 'http://USAV:demo@my.dev.swstage.com/#/' successfully

22-05-2025T22:27:32 - [MESSAGE][PASSED] - Navigate to 'http://USAV:demo@my.dev.swstage.com/#/' successfully

22-05-2025T22:27:32 - [TEST_STEP][PASSED] - maximizeWindow(): Current window maximized

22-05-2025T22:27:32 - [MESSAGE][PASSED] - Current window maximized

22-05-2025T22:27:32 - [TEST_STEP][PASSED] - setText(findTestObject("Object Repository/Create settings for tickets/Page_SportWrench - The Home of Sporting Events/input_Log In_email (1)"), "dcgfcgchfhgvhv@gmail.com"): Text 'dcgfcgchfhgvhv@gmail.com' is set on object 'Object Repository/Create settings for tickets/Page_SportWrench - The Home of Sporting Events/input_Log In_email (1)'

22-05-2025T22:27:32 - [MESSAGE][PASSED] - Text 'dcgfcgchfhgvhv@gmail.com' is set on object 'Object Repository/Create settings for tickets/Page_SportWrench - The Home of Sporting Events/input_Log In_email (1)'

22-05-2025T22:27:32 - [TEST_STEP][PASSED] - setEncryptedText(findTestObject("Object Repository/Create settings for tickets/Page_SportWrench - The Home of Sporting Events/input_false_password (1)"), "ugkk24xDMrWrlVpEbACuNZEQlZ6qfcdw"): Text ****** has been set on object 'Object Repository/Create settings for tickets/Page_SportWrench - The Home of Sporting Events/input_false_password (1)'

22-05-2025T22:27:33 - [MESSAGE][PASSED] - Text ****** has been set on object 'Object Repository/Create settings for tickets/Page_SportWrench - The Home of Sporting Events/input_false_password (1)'

22-05-2025T22:27:33 - [TEST_STEP][PASSED] - click(findTestObject("Object Repository/Create settings for tickets/Page_SportWrench - The Home of Sporting Events/button_Log In (1)")): Object: 'Object Repository/Create settings for tickets/Page_SportWrench - The Home of Sporting Events/button_Log In (1)' is clicked on

22-05-2025T22:27:33 - [MESSAGE][PASSED] - Object: 'Object Repository/Create settings for tickets/Page_SportWrench - The Home of Sporting Events/button_Log In (1)' is clicked on

22-05-2025T22:27:33 - [TEST_STEP][PASSED] - setText(findTestObject("Object Repository/Create settings for tickets/Page_SportWrench - The Home of Sporting Events/input_Other Events_searchbox (1)"), "123Test Event"): Text '123Test Event' is set on object 'Object Repository/Create settings for tickets/Page_SportWrench - The Home of Sporting Events/input_Other Events_searchbox (1)'

22-05-2025T22:27:39 - [MESSAGE][PASSED] - Text '123Test Event' is set on object 'Object Repository/Create settings for tickets/Page_SportWrench - The Home of Sporting Events/input_Other Events_searchbox (1)'

22-05-2025T22:27:39 - [TEST_STEP][PASSED] - click(findTestObject("Object Repository/Create settings for tickets/Page_SportWrench - The Home of Sporting Events/a_123Test Event (1)")): Object: 'Object Repository/Create settings for tickets/Page_SportWrench - The Home of Sporting Events/a_123Test Event (1)' is clicked on

22-05-2025T22:27:39 - [MESSAGE][PASSED] - Object: 'Object Repository/Create settings for tickets/Page_SportWrench - The Home of Sporting Events/a_123Test Event (1)' is clicked on

22-05-2025T22:27:39 - [TEST_STEP][PASSED] - click(findTestObject("Spy Web/Page_SportWrench - The Home of Sporting Events/a_Tickets")): Object: 'Object Repository/Spy Web/Page_SportWrench - The Home of Sporting Events/a_Tickets' is clicked on

22-05-2025T22:27:40 - [MESSAGE][PASSED] - Object: 'Object Repository/Spy Web/Page_SportWrench - The Home of Sporting Events/a_Tickets' is clicked on

22-05-2025T22:27:40 - [TEST_STEP][PASSED] - click(findTestObject("Spy Web/Page_SportWrench - The Home of Sporting Events/a_Settings")): Object: 'Object Repository/Spy Web/Page_SportWrench - The Home of Sporting Events/a_Settings' is clicked on

22-05-2025T22:27:40 - [MESSAGE][PASSED] - Object: 'Object Repository/Spy Web/Page_SportWrench - The Home of Sporting Events/a_Settings' is clicked on

22-05-2025T22:27:40 - [TEST_STEP][PASSED] - selectOptionByValue(findTestObject("Object Repository/Create settings for tickets/Page_SportWrench - The Home of Sporting Events/select_Choose a Payment Account .Lev (lev.k_36ed0f (1)"), "number:16777251", true): All options with value 'number:16777251' are selected in object 'Object Repository/Create settings for tickets/Page_SportWrench - The Home of Sporting Events/select_Choose a Payment Account .Lev (lev.k_36ed0f (1)'  using regular expression

22-05-2025T22:27:44 - [MESSAGE][PASSED] - All options with value 'number:16777251' are selected in object 'Object Repository/Create settings for tickets/Page_SportWrench - The Home of Sporting Events/select_Choose a Payment Account .Lev (lev.k_36ed0f (1)'  using regular expression

22-05-2025T22:27:44 - [TEST_STEP][PASSED] - click(findTestObject("Object Repository/Create settings for tickets/Page_SportWrench - The Home of Sporting Events/button_Save (1)")): Object: 'Object Repository/Create settings for tickets/Page_SportWrench - The Home of Sporting Events/button_Save (1)' is clicked on

22-05-2025T22:27:45 - [MESSAGE][PASSED] - Object: 'Object Repository/Create settings for tickets/Page_SportWrench - The Home of Sporting Events/button_Save (1)' is clicked on

22-05-2025T22:27:45 - [TEST_STEP][PASSED] - setText(findTestObject("Object Repository/Create settings for tickets/Page_SportWrench - The Home of Sporting Events/input_Statement Descriptor_stripe_statement (1)"), "gbhdgdgbgb"): Text 'gbhdgdgbgb' is set on object 'Object Repository/Create settings for tickets/Page_SportWrench - The Home of Sporting Events/input_Statement Descriptor_stripe_statement (1)'

22-05-2025T22:27:46 - [MESSAGE][PASSED] - Text 'gbhdgdgbgb' is set on object 'Object Repository/Create settings for tickets/Page_SportWrench - The Home of Sporting Events/input_Statement Descriptor_stripe_statement (1)'

22-05-2025T22:27:46 - [TEST_STEP][PASSED] - click(findTestObject("Object Repository/Create settings for tickets/Page_SportWrench - The Home of Sporting Events/button_Save_1 (1)")): Object: 'Object Repository/Create settings for tickets/Page_SportWrench - The Home of Sporting Events/button_Save_1 (1)' is clicked on

22-05-2025T22:27:46 - [MESSAGE][PASSED] - Object: 'Object Repository/Create settings for tickets/Page_SportWrench - The Home of Sporting Events/button_Save_1 (1)' is clicked on

22-05-2025T22:27:46 - [TEST_STEP][PASSED] - click(findTestObject("Object Repository/Create settings for tickets/Page_SportWrench - The Home of Sporting Events/button_Add Daily  WeekEnd (1)")): Object: 'Object Repository/Create settings for tickets/Page_SportWrench - The Home of Sporting Events/button_Add Daily  WeekEnd (1)' is clicked on

22-05-2025T22:27:47 - [MESSAGE][PASSED] - Object: 'Object Repository/Create settings for tickets/Page_SportWrench - The Home of Sporting Events/button_Add Daily  WeekEnd (1)' is clicked on

22-05-2025T22:27:47 - [TEST_STEP][PASSED] - setText(findTestObject("Object Repository/Create settings for tickets/Page_SportWrench - The Home of Sporting Events/input_edit_form-control input-sm ng-pristin_1ea9ba (1)"), "10"): Text '10' is set on object 'Object Repository/Create settings for tickets/Page_SportWrench - The Home of Sporting Events/input_edit_form-control input-sm ng-pristin_1ea9ba (1)'

22-05-2025T22:27:48 - [MESSAGE][PASSED] - Text '10' is set on object 'Object Repository/Create settings for tickets/Page_SportWrench - The Home of Sporting Events/input_edit_form-control input-sm ng-pristin_1ea9ba (1)'

22-05-2025T22:27:48 - [TEST_STEP][PASSED] - setText(findTestObject("Object Repository/Create settings for tickets/Page_SportWrench - The Home of Sporting Events/input_edit_form-control input-sm ng-pristin_1ea9ba_1 (1)"), "20"): Text '20' is set on object 'Object Repository/Create settings for tickets/Page_SportWrench - The Home of Sporting Events/input_edit_form-control input-sm ng-pristin_1ea9ba_1 (1)'

22-05-2025T22:27:48 - [MESSAGE][PASSED] - Text '20' is set on object 'Object Repository/Create settings for tickets/Page_SportWrench - The Home of Sporting Events/input_edit_form-control input-sm ng-pristin_1ea9ba_1 (1)'

22-05-2025T22:27:48 - [TEST_STEP][PASSED] - click(findTestObject("Object Repository/Create settings for tickets/Page_SportWrench - The Home of Sporting Events/i_edit_fa fa-floppy-o (1)")): Object: 'Object Repository/Create settings for tickets/Page_SportWrench - The Home of Sporting Events/i_edit_fa fa-floppy-o (1)' is clicked on

22-05-2025T22:27:48 - [MESSAGE][PASSED] - Object: 'Object Repository/Create settings for tickets/Page_SportWrench - The Home of Sporting Events/i_edit_fa fa-floppy-o (1)' is clicked on

22-05-2025T22:27:48 - [TEST_STEP][PASSED] - click(findTestObject("Object Repository/Create settings for tickets/Page_SportWrench - The Home of Sporting Events/i_edit_fa fa-floppy-o_1 (1)")): Object: 'Object Repository/Create settings for tickets/Page_SportWrench - The Home of Sporting Events/i_edit_fa fa-floppy-o_1 (1)' is clicked on

22-05-2025T22:27:49 - [MESSAGE][PASSED] - Object: 'Object Repository/Create settings for tickets/Page_SportWrench - The Home of Sporting Events/i_edit_fa fa-floppy-o_1 (1)' is clicked on

22-05-2025T22:27:49 - [TEST_STEP][PASSED] - click(findTestObject("Object Repository/Create settings for tickets/Page_SportWrench - The Home of Sporting Events/input_From_white-ro form-control pointer ng_bc7ee6 (1)")): Object: 'Object Repository/Create settings for tickets/Page_SportWrench - The Home of Sporting Events/input_From_white-ro form-control pointer ng_bc7ee6 (1)' is clicked on

22-05-2025T22:27:50 - [MESSAGE][PASSED] - Object: 'Object Repository/Create settings for tickets/Page_SportWrench - The Home of Sporting Events/input_From_white-ro form-control pointer ng_bc7ee6 (1)' is clicked on

22-05-2025T22:27:50 - [TEST_STEP][PASSED] - click(findTestObject("Object Repository/Create settings for tickets/Page_SportWrench - The Home of Sporting Events/button_01 (1)")): Object: 'Object Repository/Create settings for tickets/Page_SportWrench - The Home of Sporting Events/button_01 (1)' is clicked on

22-05-2025T22:27:51 - [MESSAGE][PASSED] - Object: 'Object Repository/Create settings for tickets/Page_SportWrench - The Home of Sporting Events/button_01 (1)' is clicked on

22-05-2025T22:27:51 - [TEST_STEP][PASSED] - click(findTestObject("Object Repository/Create settings for tickets/Page_SportWrench - The Home of Sporting Events/button_Date (1)")): Object: 'Object Repository/Create settings for tickets/Page_SportWrench - The Home of Sporting Events/button_Date (1)' is clicked on

22-05-2025T22:27:51 - [MESSAGE][PASSED] - Object: 'Object Repository/Create settings for tickets/Page_SportWrench - The Home of Sporting Events/button_Date (1)' is clicked on

22-05-2025T22:27:51 - [TEST_STEP][PASSED] - click(findTestObject("Object Repository/Create settings for tickets/Page_SportWrench - The Home of Sporting Events/button_Close (1)")): Object: 'Object Repository/Create settings for tickets/Page_SportWrench - The Home of Sporting Events/button_Close (1)' is clicked on

22-05-2025T22:27:52 - [MESSAGE][PASSED] - Object: 'Object Repository/Create settings for tickets/Page_SportWrench - The Home of Sporting Events/button_Close (1)' is clicked on

22-05-2025T22:27:52 - [TEST_STEP][PASSED] - click(findTestObject("Object Repository/Create settings for tickets/Page_SportWrench - The Home of Sporting Events/input_To_white-ro form-control pointer ng-p_bf3a2b (1)")): Object: 'Object Repository/Create settings for tickets/Page_SportWrench - The Home of Sporting Events/input_To_white-ro form-control pointer ng-p_bf3a2b (1)' is clicked on

22-05-2025T22:27:52 - [MESSAGE][PASSED] - Object: 'Object Repository/Create settings for tickets/Page_SportWrench - The Home of Sporting Events/input_To_white-ro form-control pointer ng-p_bf3a2b (1)' is clicked on

22-05-2025T22:27:52 - [TEST_STEP][PASSED] - click(findTestObject("Object Repository/Create settings for tickets/Page_SportWrench - The Home of Sporting Events/button_30 (1)")): Object: 'Object Repository/Create settings for tickets/Page_SportWrench - The Home of Sporting Events/button_30 (1)' is clicked on

22-05-2025T22:27:53 - [MESSAGE][PASSED] - Object: 'Object Repository/Create settings for tickets/Page_SportWrench - The Home of Sporting Events/button_30 (1)' is clicked on

22-05-2025T22:27:53 - [TEST_STEP][PASSED] - click(findTestObject("Object Repository/Create settings for tickets/Page_SportWrench - The Home of Sporting Events/button_Date (1)")): Object: 'Object Repository/Create settings for tickets/Page_SportWrench - The Home of Sporting Events/button_Date (1)' is clicked on

22-05-2025T22:27:53 - [MESSAGE][PASSED] - Object: 'Object Repository/Create settings for tickets/Page_SportWrench - The Home of Sporting Events/button_Date (1)' is clicked on

22-05-2025T22:27:53 - [TEST_STEP][PASSED] - click(findTestObject("Object Repository/Create settings for tickets/Page_SportWrench - The Home of Sporting Events/button_Close (1)")): Object: 'Object Repository/Create settings for tickets/Page_SportWrench - The Home of Sporting Events/button_Close (1)' is clicked on

22-05-2025T22:27:54 - [MESSAGE][PASSED] - Object: 'Object Repository/Create settings for tickets/Page_SportWrench - The Home of Sporting Events/button_Close (1)' is clicked on

22-05-2025T22:27:54 - [TEST_STEP][PASSED] - click(findTestObject("Object Repository/Create settings for tickets/Page_SportWrench - The Home of Sporting Events/button_Save_1_2 (1)")): Object: 'Object Repository/Create settings for tickets/Page_SportWrench - The Home of Sporting Events/button_Save_1_2 (1)' is clicked on

22-05-2025T22:27:54 - [MESSAGE][PASSED] - Object: 'Object Repository/Create settings for tickets/Page_SportWrench - The Home of Sporting Events/button_Save_1_2 (1)' is clicked on

22-05-2025T22:27:54 - [TEST_STEP][PASSED] - click(findTestObject("Object Repository/Create settings for tickets/Page_SportWrench - The Home of Sporting Events/input_Published_ng-pristine ng-untouched ng_393040 (1)")): Object: 'Object Repository/Create settings for tickets/Page_SportWrench - The Home of Sporting Events/input_Published_ng-pristine ng-untouched ng_393040 (1)' is clicked on

22-05-2025T22:27:54 - [MESSAGE][PASSED] - Object: 'Object Repository/Create settings for tickets/Page_SportWrench - The Home of Sporting Events/input_Published_ng-pristine ng-untouched ng_393040 (1)' is clicked on

22-05-2025T22:27:54 - [TEST_STEP][PASSED] - closeBrowser(): Browser is closed

22-05-2025T22:27:54 - [MESSAGE][PASSED] - Browser is closed]]></system-out>
         <system-err><![CDATA[]]></system-err>
      </testcase>
      <testcase name="Test Cases/111Event/Ticket purchase" time="85.971" classname="Test Cases/111Event/Ticket purchase" status="PASSED">
         <system-out><![CDATA[22-05-2025T22:27:55 - [TEST_CASE][PASSED] - Test Cases/111Event/Ticket purchase: Test Cases/111Event/Ticket purchase

22-05-2025T22:27:55 - [TEST_STEP][PASSED] - openBrowser("http://USAV:demo@dev.swstage.com/"): Browser is opened with url: 'http://USAV:demo@dev.swstage.com/'

22-05-2025T22:27:55 - [MESSAGE][INFO] - Starting 'Chrome' driver

22-05-2025T22:27:55 - [MESSAGE][INFO] - Action delay is set to 0 milliseconds

22-05-2025T22:27:58 - [MESSAGE][PASSED] - Browser is opened with url: 'http://USAV:demo@dev.swstage.com/'

22-05-2025T22:27:58 - [TEST_STEP][PASSED] - navigateToUrl("http://USAV:demo@tickets-dev.swstage.com/"): Navigate to 'http://USAV:demo@tickets-dev.swstage.com/' successfully

22-05-2025T22:28:00 - [MESSAGE][PASSED] - Navigate to 'http://USAV:demo@tickets-dev.swstage.com/' successfully

22-05-2025T22:28:00 - [TEST_STEP][PASSED] - setText(findTestObject("Object Repository/Ticket purchase/Page_SW  Tickets/input_Available Events_form-control ng-pris_aaf354"), "123Test Event"): Text '123Test Event' is set on object 'Object Repository/Ticket purchase/Page_SW  Tickets/input_Available Events_form-control ng-pris_aaf354'

22-05-2025T22:28:01 - [MESSAGE][PASSED] - Text '123Test Event' is set on object 'Object Repository/Ticket purchase/Page_SW  Tickets/input_Available Events_form-control ng-pris_aaf354'

22-05-2025T22:28:01 - [TEST_STEP][PASSED] - maximizeWindow(): Current window maximized

22-05-2025T22:28:01 - [MESSAGE][PASSED] - Current window maximized

22-05-2025T22:28:01 - [TEST_STEP][PASSED] - click(findTestObject("Object Repository/Ticket purchase/Page_SW  Tickets/b_123Test Event")): Object: 'Object Repository/Ticket purchase/Page_SW  Tickets/b_123Test Event' is clicked on

22-05-2025T22:28:09 - [MESSAGE][PASSED] - Object: 'Object Repository/Ticket purchase/Page_SW  Tickets/b_123Test Event' is clicked on

22-05-2025T22:28:09 - [TEST_STEP][PASSED] - click(findTestObject("Object Repository/Ticket payment 1111111111111/Page_Tickets/div_None")): Object: 'Object Repository/Ticket payment 1111111111111/Page_Tickets/div_None' is clicked on

22-05-2025T22:28:09 - [MESSAGE][PASSED] - Object: 'Object Repository/Ticket payment 1111111111111/Page_Tickets/div_None' is clicked on

22-05-2025T22:28:09 - [TEST_STEP][PASSED] - click(findTestObject("Object Repository/Ticket payment 1111111111111/Page_Tickets/div_1")): Object: 'Object Repository/Ticket payment 1111111111111/Page_Tickets/div_1' is clicked on

22-05-2025T22:28:09 - [MESSAGE][PASSED] - Object: 'Object Repository/Ticket payment 1111111111111/Page_Tickets/div_1' is clicked on

22-05-2025T22:28:09 - [TEST_STEP][PASSED] - click(findTestObject("Object Repository/Ticket payment 1111111111111/Page_Tickets/div_Purchaser Info_1")): Object: 'Object Repository/Ticket payment 1111111111111/Page_Tickets/div_Purchaser Info_1' is clicked on

22-05-2025T22:28:10 - [MESSAGE][PASSED] - Object: 'Object Repository/Ticket payment 1111111111111/Page_Tickets/div_Purchaser Info_1' is clicked on

22-05-2025T22:28:10 - [TEST_STEP][PASSED] - click(findTestObject("Object Repository/Ticket payment 1111111111111/Page_Tickets/div_I Agree")): Object: 'Object Repository/Ticket payment 1111111111111/Page_Tickets/div_I Agree' is clicked on

22-05-2025T22:28:10 - [MESSAGE][PASSED] - Object: 'Object Repository/Ticket payment 1111111111111/Page_Tickets/div_I Agree' is clicked on

22-05-2025T22:28:10 - [TEST_STEP][PASSED] - setText(findTestObject("Object Repository/Ticket payment 1111111111111/Page_Tickets/input__purchaserFirst"), "Tara"): Text 'Tara' is set on object 'Object Repository/Ticket payment 1111111111111/Page_Tickets/input__purchaserFirst'

22-05-2025T22:28:11 - [MESSAGE][PASSED] - Text 'Tara' is set on object 'Object Repository/Ticket payment 1111111111111/Page_Tickets/input__purchaserFirst'

22-05-2025T22:28:11 - [TEST_STEP][PASSED] - setText(findTestObject("Object Repository/Ticket payment 1111111111111/Page_Tickets/input__purchaserLast"), "Charles"): Text 'Charles' is set on object 'Object Repository/Ticket payment 1111111111111/Page_Tickets/input__purchaserLast'

22-05-2025T22:28:12 - [MESSAGE][PASSED] - Text 'Charles' is set on object 'Object Repository/Ticket payment 1111111111111/Page_Tickets/input__purchaserLast'

22-05-2025T22:28:12 - [TEST_STEP][PASSED] - setText(findTestObject("Object Repository/Ticket payment 1111111111111/Page_Tickets/input__purchaserEmail"), "aaaa@gmail.com"): Text 'aaaa@gmail.com' is set on object 'Object Repository/Ticket payment 1111111111111/Page_Tickets/input__purchaserEmail'

22-05-2025T22:28:12 - [MESSAGE][PASSED] - Text 'aaaa@gmail.com' is set on object 'Object Repository/Ticket payment 1111111111111/Page_Tickets/input__purchaserEmail'

22-05-2025T22:28:12 - [TEST_STEP][PASSED] - executeJavaScript("document.getElementById('purchaserPhone').focus(); document.execCommand('insertText', false, '(111) 111-1111');", null): Execute JavaScript 'document.getElementById('purchaserPhone').focus(); document.execCommand('insertText', false, '(111) 111-1111');' successfully

22-05-2025T22:28:12 - [MESSAGE][PASSED] - Execute JavaScript 'document.getElementById('purchaserPhone').focus(); document.execCommand('insertText', false, '(111) 111-1111');' successfully

22-05-2025T22:28:12 - [TEST_STEP][PASSED] - setText(findTestObject("Object Repository/Ticket payment 1111111111111/Page_Tickets/input__purchaserZipCode"), "11949"): Text '11949' is set on object 'Object Repository/Ticket payment 1111111111111/Page_Tickets/input__purchaserZipCode'

22-05-2025T22:28:13 - [MESSAGE][PASSED] - Text '11949' is set on object 'Object Repository/Ticket payment 1111111111111/Page_Tickets/input__purchaserZipCode'

22-05-2025T22:28:13 - [TEST_STEP][PASSED] - click(findTestObject("Object Repository/Ticket payment 1111111111111/Page_Tickets/div_Daily Passes")): Object: 'Object Repository/Ticket payment 1111111111111/Page_Tickets/div_Daily Passes' is clicked on

22-05-2025T22:28:13 - [MESSAGE][PASSED] - Object: 'Object Repository/Ticket payment 1111111111111/Page_Tickets/div_Daily Passes' is clicked on

22-05-2025T22:28:13 - [TEST_STEP][PASSED] - click(findTestObject("Object Repository/Ticket payment 1111111111111/Page_Tickets/div_I Agree")): Object: 'Object Repository/Ticket payment 1111111111111/Page_Tickets/div_I Agree' is clicked on

22-05-2025T22:28:14 - [MESSAGE][PASSED] - Object: 'Object Repository/Ticket payment 1111111111111/Page_Tickets/div_I Agree' is clicked on

22-05-2025T22:28:14 - [TEST_STEP][PASSED] - click(findTestObject("Object Repository/Ticket payment 1111111111111/Page_Tickets/div_Summary")): Object: 'Object Repository/Ticket payment 1111111111111/Page_Tickets/div_Summary' is clicked on

22-05-2025T22:28:14 - [MESSAGE][PASSED] - Object: 'Object Repository/Ticket payment 1111111111111/Page_Tickets/div_Summary' is clicked on

22-05-2025T22:28:14 - [TEST_STEP][PASSED] - click(findTestObject("Object Repository/Ticket payment 1111111111111/Page_Tickets/div_Payment")): Object: 'Object Repository/Ticket payment 1111111111111/Page_Tickets/div_Payment' is clicked on

22-05-2025T22:28:14 - [MESSAGE][PASSED] - Object: 'Object Repository/Ticket payment 1111111111111/Page_Tickets/div_Payment' is clicked on

22-05-2025T22:28:14 - [TEST_STEP][PASSED] - click(findTestObject("Object Repository/Ticket payment 1111111111111/Page_Tickets/div_Card information")): Object: 'Object Repository/Ticket payment 1111111111111/Page_Tickets/div_Card information' is clicked on

22-05-2025T22:28:15 - [MESSAGE][PASSED] - Object: 'Object Repository/Ticket payment 1111111111111/Page_Tickets/div_Card information' is clicked on

22-05-2025T22:28:15 - [TEST_STEP][PASSED] - setText(findTestObject("Object Repository/Ticket payment 1111111111111/Page_Tickets/input_Number_cardnumber"), "4242424242424242"): Text '4242424242424242' is set on object 'Object Repository/Ticket payment 1111111111111/Page_Tickets/input_Number_cardnumber'

22-05-2025T22:28:16 - [MESSAGE][PASSED] - Text '4242424242424242' is set on object 'Object Repository/Ticket payment 1111111111111/Page_Tickets/input_Number_cardnumber'

22-05-2025T22:28:16 - [TEST_STEP][PASSED] - setText(findTestObject("Object Repository/Ticket payment 1111111111111/Page_Tickets/input_Number_exp-date"), "12 / 25"): Text '12 / 25' is set on object 'Object Repository/Ticket payment 1111111111111/Page_Tickets/input_Number_exp-date'

22-05-2025T22:28:16 - [MESSAGE][PASSED] - Text '12 / 25' is set on object 'Object Repository/Ticket payment 1111111111111/Page_Tickets/input_Number_exp-date'

22-05-2025T22:28:16 - [TEST_STEP][PASSED] - setText(findTestObject("Object Repository/Ticket payment 1111111111111/Page_Tickets/input_Number_cvc"), "454"): Text '454' is set on object 'Object Repository/Ticket payment 1111111111111/Page_Tickets/input_Number_cvc'

22-05-2025T22:28:17 - [MESSAGE][PASSED] - Text '454' is set on object 'Object Repository/Ticket payment 1111111111111/Page_Tickets/input_Number_cvc'

22-05-2025T22:28:17 - [TEST_STEP][PASSED] - click(findTestObject("Object Repository/Ticket payment 1111111111111/Page_Tickets/div_omplete Purchase")): Object: 'Object Repository/Ticket payment 1111111111111/Page_Tickets/div_omplete Purchase' is clicked on

22-05-2025T22:28:17 - [MESSAGE][PASSED] - Object: 'Object Repository/Ticket payment 1111111111111/Page_Tickets/div_omplete Purchase' is clicked on

22-05-2025T22:28:17 - [TEST_STEP][PASSED] - click(findTestObject("Page_Tickets/div_Buy Anyway"), OPTIONAL): Unable to click on object 'Object Repository/Page_Tickets/div_Buy Anyway' (Root cause: com.kms.katalon.core.exception.StepFailedException: Unable to click on object 'Object Repository/Page_Tickets/div_Buy Anyway'
	at com.kms.katalon.core.webui.keyword.internal.WebUIKeywordMain.stepFailed(WebUIKeywordMain.groovy:117)
	at com.kms.katalon.core.webui.keyword.internal.WebUIKeywordMain.runKeyword(WebUIKeywordMain.groovy:43)
	at com.kms.katalon.core.webui.keyword.builtin.ClickKeyword.click(ClickKeyword.groovy:75)
	at com.kms.katalon.core.webui.keyword.builtin.ClickKeyword.execute(ClickKeyword.groovy:40)
	at com.kms.katalon.core.keyword.internal.KeywordExecutor.executeKeywordForPlatform(KeywordExecutor.groovy:74)
	at com.kms.katalon.core.webui.keyword.WebUiBuiltInKeywords.click(WebUiBuiltInKeywords.groovy:684)
	at Ticket purchase.run(Ticket purchase:68)
	at com.kms.katalon.core.main.ScriptEngine.run(ScriptEngine.java:194)
	at com.kms.katalon.core.main.ScriptEngine.runScriptAsRawText(ScriptEngine.java:119)
	at com.kms.katalon.core.main.TestCaseExecutor.runScript(TestCaseExecutor.java:448)
	at com.kms.katalon.core.main.TestCaseExecutor.doExecute(TestCaseExecutor.java:439)
	at com.kms.katalon.core.main.TestCaseExecutor.processExecutionPhase(TestCaseExecutor.java:418)
	at com.kms.katalon.core.main.TestCaseExecutor.accessMainPhase(TestCaseExecutor.java:410)
	at com.kms.katalon.core.main.TestCaseExecutor.execute(TestCaseExecutor.java:285)
	at com.kms.katalon.core.common.CommonExecutor.accessTestCaseMainPhase(CommonExecutor.java:71)
	at com.kms.katalon.core.main.TestSuiteExecutor.accessTestSuiteMainPhase(TestSuiteExecutor.java:160)
	at com.kms.katalon.core.main.TestSuiteExecutor.execute(TestSuiteExecutor.java:107)
	at com.kms.katalon.core.main.TestCaseMain.startTestSuite(TestCaseMain.java:180)
	at TempTestSuite1747941888065.run(TempTestSuite1747941888065.groovy:35)
	at java.base/jdk.internal.reflect.NativeMethodAccessorImpl.invoke0(Native Method)
	at java.base/jdk.internal.reflect.NativeMethodAccessorImpl.invoke(NativeMethodAccessorImpl.java:77)
	at java.base/jdk.internal.reflect.DelegatingMethodAccessorImpl.invoke(DelegatingMethodAccessorImpl.java:43)
Caused by: com.kms.katalon.core.webui.exception.WebElementNotFoundException: Web element with id: 'Object Repository/Page_Tickets/div_Buy Anyway' located by '//div[@id='root']/div/div/div/div[4]/div[2]/div[3]/div' not found
	at com.kms.katalon.core.webui.common.WebUiCommonHelper.findWebElement(WebUiCommonHelper.java:1457)
	at com.kms.katalon.core.webui.keyword.internal.WebUIAbstractKeyword.findWebElement(WebUIAbstractKeyword.groovy:27)
	at com.kms.katalon.core.webui.keyword.builtin.ClickKeyword$_click_closure1.doCall(ClickKeyword.groovy:66)
	at com.kms.katalon.core.webui.keyword.builtin.ClickKeyword$_click_closure1.call(ClickKeyword.groovy)
	at com.kms.katalon.core.webui.keyword.internal.WebUIKeywordMain.runKeyword(WebUIKeywordMain.groovy:35)
	at com.kms.katalon.core.webui.keyword.builtin.ClickKeyword.click(ClickKeyword.groovy:75)
	at com.kms.katalon.core.webui.keyword.builtin.ClickKeyword.execute(ClickKeyword.groovy:40)
	at com.kms.katalon.core.keyword.internal.KeywordExecutor.executeKeywordForPlatform(KeywordExecutor.groovy:74)
	at com.kms.katalon.core.webui.keyword.WebUiBuiltInKeywords.click(WebUiBuiltInKeywords.groovy:684)
	at Script1746994487227.run(Script1746994487227.groovy:68)
	... 15 more
)

22-05-2025T22:28:48 - [MESSAGE][INFO] - Unable to find the element located by 'By.xpath: //div[@id='root']/div/div/div/div[4]/div[2]/div[3]/div'. Please recheck the objects properties to make sure the desired element is located. 

22-05-2025T22:28:48 - [MESSAGE][WARNING] - Unable to click on object 'Object Repository/Page_Tickets/div_Buy Anyway' (Root cause: com.kms.katalon.core.exception.StepFailedException: Unable to click on object 'Object Repository/Page_Tickets/div_Buy Anyway'
	at com.kms.katalon.core.webui.keyword.internal.WebUIKeywordMain.stepFailed(WebUIKeywordMain.groovy:117)
	at com.kms.katalon.core.webui.keyword.internal.WebUIKeywordMain.runKeyword(WebUIKeywordMain.groovy:43)
	at com.kms.katalon.core.webui.keyword.builtin.ClickKeyword.click(ClickKeyword.groovy:75)
	at com.kms.katalon.core.webui.keyword.builtin.ClickKeyword.execute(ClickKeyword.groovy:40)
	at com.kms.katalon.core.keyword.internal.KeywordExecutor.executeKeywordForPlatform(KeywordExecutor.groovy:74)
	at com.kms.katalon.core.webui.keyword.WebUiBuiltInKeywords.click(WebUiBuiltInKeywords.groovy:684)
	at Ticket purchase.run(Ticket purchase:68)
	at com.kms.katalon.core.main.ScriptEngine.run(ScriptEngine.java:194)
	at com.kms.katalon.core.main.ScriptEngine.runScriptAsRawText(ScriptEngine.java:119)
	at com.kms.katalon.core.main.TestCaseExecutor.runScript(TestCaseExecutor.java:448)
	at com.kms.katalon.core.main.TestCaseExecutor.doExecute(TestCaseExecutor.java:439)
	at com.kms.katalon.core.main.TestCaseExecutor.processExecutionPhase(TestCaseExecutor.java:418)
	at com.kms.katalon.core.main.TestCaseExecutor.accessMainPhase(TestCaseExecutor.java:410)
	at com.kms.katalon.core.main.TestCaseExecutor.execute(TestCaseExecutor.java:285)
	at com.kms.katalon.core.common.CommonExecutor.accessTestCaseMainPhase(CommonExecutor.java:71)
	at com.kms.katalon.core.main.TestSuiteExecutor.accessTestSuiteMainPhase(TestSuiteExecutor.java:160)
	at com.kms.katalon.core.main.TestSuiteExecutor.execute(TestSuiteExecutor.java:107)
	at com.kms.katalon.core.main.TestCaseMain.startTestSuite(TestCaseMain.java:180)
	at TempTestSuite1747941888065.run(TempTestSuite1747941888065.groovy:35)
	at java.base/jdk.internal.reflect.NativeMethodAccessorImpl.invoke0(Native Method)
	at java.base/jdk.internal.reflect.NativeMethodAccessorImpl.invoke(NativeMethodAccessorImpl.java:77)
	at java.base/jdk.internal.reflect.DelegatingMethodAccessorImpl.invoke(DelegatingMethodAccessorImpl.java:43)
Caused by: com.kms.katalon.core.webui.exception.WebElementNotFoundException: Web element with id: 'Object Repository/Page_Tickets/div_Buy Anyway' located by '//div[@id='root']/div/div/div/div[4]/div[2]/div[3]/div' not found
	at com.kms.katalon.core.webui.common.WebUiCommonHelper.findWebElement(WebUiCommonHelper.java:1457)
	at com.kms.katalon.core.webui.keyword.internal.WebUIAbstractKeyword.findWebElement(WebUIAbstractKeyword.groovy:27)
	at com.kms.katalon.core.webui.keyword.builtin.ClickKeyword$_click_closure1.doCall(ClickKeyword.groovy:66)
	at com.kms.katalon.core.webui.keyword.builtin.ClickKeyword$_click_closure1.call(ClickKeyword.groovy)
	at com.kms.katalon.core.webui.keyword.internal.WebUIKeywordMain.runKeyword(WebUIKeywordMain.groovy:35)
	at com.kms.katalon.core.webui.keyword.builtin.ClickKeyword.click(ClickKeyword.groovy:75)
	at com.kms.katalon.core.webui.keyword.builtin.ClickKeyword.execute(ClickKeyword.groovy:40)
	at com.kms.katalon.core.keyword.internal.KeywordExecutor.executeKeywordForPlatform(KeywordExecutor.groovy:74)
	at com.kms.katalon.core.webui.keyword.WebUiBuiltInKeywords.click(WebUiBuiltInKeywords.groovy:684)
	at Script1746994487227.run(Script1746994487227.groovy:68)
	... 15 more
)
[[ATTACHMENT|C:\\Users\\LENOVO\\git\\SportWrench\\Reports\\20250522_222448\\SMOKE test suit for Event\\20250522_222448\\1747942128534.png]]

22-05-2025T22:28:48 - [TEST_STEP][PASSED] - click(findTestObject("Page_Tickets/div_Confirm Duplicate Purchase"), OPTIONAL): Unable to click on object 'Object Repository/Page_Tickets/div_Confirm Duplicate Purchase' (Root cause: com.kms.katalon.core.exception.StepFailedException: Unable to click on object 'Object Repository/Page_Tickets/div_Confirm Duplicate Purchase'
	at com.kms.katalon.core.webui.keyword.internal.WebUIKeywordMain.stepFailed(WebUIKeywordMain.groovy:117)
	at com.kms.katalon.core.webui.keyword.internal.WebUIKeywordMain.runKeyword(WebUIKeywordMain.groovy:43)
	at com.kms.katalon.core.webui.keyword.builtin.ClickKeyword.click(ClickKeyword.groovy:75)
	at com.kms.katalon.core.webui.keyword.builtin.ClickKeyword.execute(ClickKeyword.groovy:40)
	at com.kms.katalon.core.keyword.internal.KeywordExecutor.executeKeywordForPlatform(KeywordExecutor.groovy:74)
	at com.kms.katalon.core.webui.keyword.WebUiBuiltInKeywords.click(WebUiBuiltInKeywords.groovy:684)
	at Ticket purchase.run(Ticket purchase:70)
	at com.kms.katalon.core.main.ScriptEngine.run(ScriptEngine.java:194)
	at com.kms.katalon.core.main.ScriptEngine.runScriptAsRawText(ScriptEngine.java:119)
	at com.kms.katalon.core.main.TestCaseExecutor.runScript(TestCaseExecutor.java:448)
	at com.kms.katalon.core.main.TestCaseExecutor.doExecute(TestCaseExecutor.java:439)
	at com.kms.katalon.core.main.TestCaseExecutor.processExecutionPhase(TestCaseExecutor.java:418)
	at com.kms.katalon.core.main.TestCaseExecutor.accessMainPhase(TestCaseExecutor.java:410)
	at com.kms.katalon.core.main.TestCaseExecutor.execute(TestCaseExecutor.java:285)
	at com.kms.katalon.core.common.CommonExecutor.accessTestCaseMainPhase(CommonExecutor.java:71)
	at com.kms.katalon.core.main.TestSuiteExecutor.accessTestSuiteMainPhase(TestSuiteExecutor.java:160)
	at com.kms.katalon.core.main.TestSuiteExecutor.execute(TestSuiteExecutor.java:107)
	at com.kms.katalon.core.main.TestCaseMain.startTestSuite(TestCaseMain.java:180)
	at TempTestSuite1747941888065.run(TempTestSuite1747941888065.groovy:35)
	at java.base/jdk.internal.reflect.NativeMethodAccessorImpl.invoke0(Native Method)
	at java.base/jdk.internal.reflect.NativeMethodAccessorImpl.invoke(NativeMethodAccessorImpl.java:77)
	at java.base/jdk.internal.reflect.DelegatingMethodAccessorImpl.invoke(DelegatingMethodAccessorImpl.java:43)
Caused by: com.kms.katalon.core.webui.exception.WebElementNotFoundException: Web element with id: 'Object Repository/Page_Tickets/div_Confirm Duplicate Purchase' located by '//div[@id='root']/div/div/div/div[4]/div[2]/div[3]/div' not found
	at com.kms.katalon.core.webui.common.WebUiCommonHelper.findWebElement(WebUiCommonHelper.java:1457)
	at com.kms.katalon.core.webui.keyword.internal.WebUIAbstractKeyword.findWebElement(WebUIAbstractKeyword.groovy:27)
	at com.kms.katalon.core.webui.keyword.builtin.ClickKeyword$_click_closure1.doCall(ClickKeyword.groovy:66)
	at com.kms.katalon.core.webui.keyword.builtin.ClickKeyword$_click_closure1.call(ClickKeyword.groovy)
	at com.kms.katalon.core.webui.keyword.internal.WebUIKeywordMain.runKeyword(WebUIKeywordMain.groovy:35)
	at com.kms.katalon.core.webui.keyword.builtin.ClickKeyword.click(ClickKeyword.groovy:75)
	at com.kms.katalon.core.webui.keyword.builtin.ClickKeyword.execute(ClickKeyword.groovy:40)
	at com.kms.katalon.core.keyword.internal.KeywordExecutor.executeKeywordForPlatform(KeywordExecutor.groovy:74)
	at com.kms.katalon.core.webui.keyword.WebUiBuiltInKeywords.click(WebUiBuiltInKeywords.groovy:684)
	at Script1746994487227.run(Script1746994487227.groovy:70)
	... 15 more
)

22-05-2025T22:29:19 - [MESSAGE][INFO] - Unable to find the element located by 'By.xpath: //div[@id='root']/div/div/div/div[4]/div[2]/div[3]/div'. Please recheck the objects properties to make sure the desired element is located. 

22-05-2025T22:29:19 - [MESSAGE][WARNING] - Unable to click on object 'Object Repository/Page_Tickets/div_Confirm Duplicate Purchase' (Root cause: com.kms.katalon.core.exception.StepFailedException: Unable to click on object 'Object Repository/Page_Tickets/div_Confirm Duplicate Purchase'
	at com.kms.katalon.core.webui.keyword.internal.WebUIKeywordMain.stepFailed(WebUIKeywordMain.groovy:117)
	at com.kms.katalon.core.webui.keyword.internal.WebUIKeywordMain.runKeyword(WebUIKeywordMain.groovy:43)
	at com.kms.katalon.core.webui.keyword.builtin.ClickKeyword.click(ClickKeyword.groovy:75)
	at com.kms.katalon.core.webui.keyword.builtin.ClickKeyword.execute(ClickKeyword.groovy:40)
	at com.kms.katalon.core.keyword.internal.KeywordExecutor.executeKeywordForPlatform(KeywordExecutor.groovy:74)
	at com.kms.katalon.core.webui.keyword.WebUiBuiltInKeywords.click(WebUiBuiltInKeywords.groovy:684)
	at Ticket purchase.run(Ticket purchase:70)
	at com.kms.katalon.core.main.ScriptEngine.run(ScriptEngine.java:194)
	at com.kms.katalon.core.main.ScriptEngine.runScriptAsRawText(ScriptEngine.java:119)
	at com.kms.katalon.core.main.TestCaseExecutor.runScript(TestCaseExecutor.java:448)
	at com.kms.katalon.core.main.TestCaseExecutor.doExecute(TestCaseExecutor.java:439)
	at com.kms.katalon.core.main.TestCaseExecutor.processExecutionPhase(TestCaseExecutor.java:418)
	at com.kms.katalon.core.main.TestCaseExecutor.accessMainPhase(TestCaseExecutor.java:410)
	at com.kms.katalon.core.main.TestCaseExecutor.execute(TestCaseExecutor.java:285)
	at com.kms.katalon.core.common.CommonExecutor.accessTestCaseMainPhase(CommonExecutor.java:71)
	at com.kms.katalon.core.main.TestSuiteExecutor.accessTestSuiteMainPhase(TestSuiteExecutor.java:160)
	at com.kms.katalon.core.main.TestSuiteExecutor.execute(TestSuiteExecutor.java:107)
	at com.kms.katalon.core.main.TestCaseMain.startTestSuite(TestCaseMain.java:180)
	at TempTestSuite1747941888065.run(TempTestSuite1747941888065.groovy:35)
	at java.base/jdk.internal.reflect.NativeMethodAccessorImpl.invoke0(Native Method)
	at java.base/jdk.internal.reflect.NativeMethodAccessorImpl.invoke(NativeMethodAccessorImpl.java:77)
	at java.base/jdk.internal.reflect.DelegatingMethodAccessorImpl.invoke(DelegatingMethodAccessorImpl.java:43)
Caused by: com.kms.katalon.core.webui.exception.WebElementNotFoundException: Web element with id: 'Object Repository/Page_Tickets/div_Confirm Duplicate Purchase' located by '//div[@id='root']/div/div/div/div[4]/div[2]/div[3]/div' not found
	at com.kms.katalon.core.webui.common.WebUiCommonHelper.findWebElement(WebUiCommonHelper.java:1457)
	at com.kms.katalon.core.webui.keyword.internal.WebUIAbstractKeyword.findWebElement(WebUIAbstractKeyword.groovy:27)
	at com.kms.katalon.core.webui.keyword.builtin.ClickKeyword$_click_closure1.doCall(ClickKeyword.groovy:66)
	at com.kms.katalon.core.webui.keyword.builtin.ClickKeyword$_click_closure1.call(ClickKeyword.groovy)
	at com.kms.katalon.core.webui.keyword.internal.WebUIKeywordMain.runKeyword(WebUIKeywordMain.groovy:35)
	at com.kms.katalon.core.webui.keyword.builtin.ClickKeyword.click(ClickKeyword.groovy:75)
	at com.kms.katalon.core.webui.keyword.builtin.ClickKeyword.execute(ClickKeyword.groovy:40)
	at com.kms.katalon.core.keyword.internal.KeywordExecutor.executeKeywordForPlatform(KeywordExecutor.groovy:74)
	at com.kms.katalon.core.webui.keyword.WebUiBuiltInKeywords.click(WebUiBuiltInKeywords.groovy:684)
	at Script1746994487227.run(Script1746994487227.groovy:70)
	... 15 more
)
[[ATTACHMENT|C:\\Users\\LENOVO\\git\\SportWrench\\Reports\\20250522_222448\\SMOKE test suit for Event\\20250522_222448\\1747942159750.png]]

22-05-2025T22:29:19 - [TEST_STEP][PASSED] - verifyElementPresent(findTestObject("Additional data for ticket puchase/Page_Tickets/div_Successful Payment"), 0): Object 'Object Repository/Additional data for ticket puchase/Page_Tickets/div_Successful Payment' is present

22-05-2025T22:29:19 - [MESSAGE][WARNING] - Timeout '0' is invalid. Using default page load timeout: '30'

22-05-2025T22:29:20 - [MESSAGE][PASSED] - Object 'Object Repository/Additional data for ticket puchase/Page_Tickets/div_Successful Payment' is present

22-05-2025T22:29:20 - [TEST_STEP][PASSED] - verifyElementPresent(findTestObject("Additional data for ticket puchase/Page_Tickets/div_1 Daily Passes to 123Test Event"), 0): Object 'Object Repository/Additional data for ticket puchase/Page_Tickets/div_1 Daily Passes to 123Test Event' is present

22-05-2025T22:29:20 - [MESSAGE][WARNING] - Timeout '0' is invalid. Using default page load timeout: '30'

22-05-2025T22:29:20 - [MESSAGE][PASSED] - Object 'Object Repository/Additional data for ticket puchase/Page_Tickets/div_1 Daily Passes to 123Test Event' is present

22-05-2025T22:29:20 - [TEST_STEP][PASSED] - verifyElementPresent(findTestObject("Additional data for ticket puchase/Page_Tickets/div_Payment of 10.00 was successful. A link_c703ef"), 0): Object 'Object Repository/Additional data for ticket puchase/Page_Tickets/div_Payment of 10.00 was successful. A link_c703ef' is present

22-05-2025T22:29:20 - [MESSAGE][WARNING] - Timeout '0' is invalid. Using default page load timeout: '30'

22-05-2025T22:29:20 - [MESSAGE][PASSED] - Object 'Object Repository/Additional data for ticket puchase/Page_Tickets/div_Payment of 10.00 was successful. A link_c703ef' is present

22-05-2025T22:29:20 - [TEST_STEP][PASSED] - click(findTestObject("Object Repository/Insurance purchase/Page_Tickets/input_radio-491-f95-9a6")): Object: 'Object Repository/Insurance purchase/Page_Tickets/input_radio-491-f95-9a6' is clicked on

22-05-2025T22:29:20 - [MESSAGE][PASSED] - Object: 'Object Repository/Insurance purchase/Page_Tickets/input_radio-491-f95-9a6' is clicked on

22-05-2025T22:29:20 - [TEST_STEP][PASSED] - closeBrowser(): Browser is closed

22-05-2025T22:29:20 - [MESSAGE][PASSED] - Browser is closed]]></system-out>
         <system-err><![CDATA[]]></system-err>
      </testcase>
      <testcase name="Test Cases/111Event/Delete an Event" time="22.125" classname="Test Cases/111Event/Delete an Event" status="PASSED">
         <system-out><![CDATA[22-05-2025T22:29:20 - [TEST_CASE][PASSED] - Test Cases/111Event/Delete an Event: Test Cases/111Event/Delete an Event

22-05-2025T22:29:21 - [TEST_STEP][PASSED] - openBrowser("http://USAV:demo@dev.swstage.com/"): Browser is opened with url: 'http://USAV:demo@dev.swstage.com/'

22-05-2025T22:29:21 - [MESSAGE][INFO] - Starting 'Chrome' driver

22-05-2025T22:29:21 - [MESSAGE][INFO] - Action delay is set to 0 milliseconds

22-05-2025T22:29:25 - [MESSAGE][PASSED] - Browser is opened with url: 'http://USAV:demo@dev.swstage.com/'

22-05-2025T22:29:25 - [TEST_STEP][PASSED] - navigateToUrl("http://USAV:demo@my.dev.swstage.com/#/"): Navigate to 'http://USAV:demo@my.dev.swstage.com/#/' successfully

22-05-2025T22:29:28 - [MESSAGE][PASSED] - Navigate to 'http://USAV:demo@my.dev.swstage.com/#/' successfully

22-05-2025T22:29:28 - [TEST_STEP][PASSED] - maximizeWindow(): Current window maximized

22-05-2025T22:29:28 - [MESSAGE][PASSED] - Current window maximized

22-05-2025T22:29:28 - [TEST_STEP][PASSED] - setText(findTestObject("Object Repository/Delete an Event/Page_SportWrench - The Home of Sporting Events/input_Log In_email"), "dcgfcgchfhgvhv@gmail.com"): Text 'dcgfcgchfhgvhv@gmail.com' is set on object 'Object Repository/Delete an Event/Page_SportWrench - The Home of Sporting Events/input_Log In_email'

22-05-2025T22:29:28 - [MESSAGE][PASSED] - Text 'dcgfcgchfhgvhv@gmail.com' is set on object 'Object Repository/Delete an Event/Page_SportWrench - The Home of Sporting Events/input_Log In_email'

22-05-2025T22:29:28 - [TEST_STEP][PASSED] - setEncryptedText(findTestObject("Object Repository/Delete an Event/Page_SportWrench - The Home of Sporting Events/input_false_password"), "ugkk24xDMrWrlVpEbACuNZEQlZ6qfcdw"): Text ****** has been set on object 'Object Repository/Delete an Event/Page_SportWrench - The Home of Sporting Events/input_false_password'

22-05-2025T22:29:29 - [MESSAGE][PASSED] - Text ****** has been set on object 'Object Repository/Delete an Event/Page_SportWrench - The Home of Sporting Events/input_false_password'

22-05-2025T22:29:29 - [TEST_STEP][PASSED] - click(findTestObject("Object Repository/Delete an Event/Page_SportWrench - The Home of Sporting Events/button_Log In")): Object: 'Object Repository/Delete an Event/Page_SportWrench - The Home of Sporting Events/button_Log In' is clicked on

22-05-2025T22:29:29 - [MESSAGE][PASSED] - Object: 'Object Repository/Delete an Event/Page_SportWrench - The Home of Sporting Events/button_Log In' is clicked on

22-05-2025T22:29:29 - [TEST_STEP][PASSED] - setText(findTestObject("Object Repository/Delete an Event/Page_SportWrench - The Home of Sporting Events/input_Other Events_searchbox"), "123Test Event"): Text '123Test Event' is set on object 'Object Repository/Delete an Event/Page_SportWrench - The Home of Sporting Events/input_Other Events_searchbox'

22-05-2025T22:29:36 - [MESSAGE][PASSED] - Text '123Test Event' is set on object 'Object Repository/Delete an Event/Page_SportWrench - The Home of Sporting Events/input_Other Events_searchbox'

22-05-2025T22:29:36 - [TEST_STEP][PASSED] - click(findTestObject("Object Repository/Delete an Event/Page_SportWrench - The Home of Sporting Events/a_123Test Event")): Object: 'Object Repository/Delete an Event/Page_SportWrench - The Home of Sporting Events/a_123Test Event' is clicked on

22-05-2025T22:29:36 - [MESSAGE][PASSED] - Object: 'Object Repository/Delete an Event/Page_SportWrench - The Home of Sporting Events/a_123Test Event' is clicked on

22-05-2025T22:29:36 - [TEST_STEP][PASSED] - click(findTestObject("Object Repository/Delete an Event/Page_SportWrench - The Home of Sporting Events/li_123Test Event")): Object: 'Object Repository/Delete an Event/Page_SportWrench - The Home of Sporting Events/li_123Test Event' is clicked on

22-05-2025T22:29:38 - [MESSAGE][PASSED] - Object: 'Object Repository/Delete an Event/Page_SportWrench - The Home of Sporting Events/li_123Test Event' is clicked on

22-05-2025T22:29:38 - [TEST_STEP][PASSED] - click(findTestObject("Object Repository/Delete an Event/Page_SportWrench - The Home of Sporting Events/a_Delete event")): Object: 'Object Repository/Delete an Event/Page_SportWrench - The Home of Sporting Events/a_Delete event' is clicked on

22-05-2025T22:29:39 - [MESSAGE][PASSED] - Object: 'Object Repository/Delete an Event/Page_SportWrench - The Home of Sporting Events/a_Delete event' is clicked on

22-05-2025T22:29:39 - [TEST_STEP][PASSED] - click(findTestObject("Object Repository/Delete an Event/Page_SportWrench - The Home of Sporting Events/button_Yes")): Object: 'Object Repository/Delete an Event/Page_SportWrench - The Home of Sporting Events/button_Yes' is clicked on

22-05-2025T22:29:39 - [MESSAGE][PASSED] - Object: 'Object Repository/Delete an Event/Page_SportWrench - The Home of Sporting Events/button_Yes' is clicked on

22-05-2025T22:29:39 - [TEST_STEP][PASSED] - delay(3): Delayed 3 second(s)

22-05-2025T22:29:42 - [MESSAGE][PASSED] - Delayed 3 second(s)

22-05-2025T22:29:42 - [TEST_STEP][PASSED] - closeBrowser(): Browser is closed

22-05-2025T22:29:43 - [MESSAGE][PASSED] - Browser is closed]]></system-out>
         <system-err><![CDATA[]]></system-err>
      </testcase>
      <system-out><![CDATA[22-05-2025T22:24:52 - [TEST_SUITE][FAILED] - SMOKE test suit for Event: Test Cases/111Event/Event Supervisor FAILED.
Reason:
com.kms.katalon.core.exception.StepFailedException: Unable to click on object 'Object Repository/Event Supervisor/Event Supervisor 2/Page_SportWrench - The Home of Sporting Events/div_Undefined'
	at com.kms.katalon.core.webui.keyword.internal.WebUIKeywordMain.stepFailed(WebUIKeywordMain.groovy:117)
	at com.kms.katalon.core.webui.keyword.internal.WebUIKeywordMain.runKeyword(WebUIKeywordMain.groovy:43)
	at com.kms.katalon.core.webui.keyword.builtin.ClickKeyword.click(ClickKeyword.groovy:75)
	at com.kms.katalon.core.webui.keyword.builtin.ClickKeyword.execute(ClickKeyword.groovy:40)
	at com.kms.katalon.core.keyword.internal.KeywordExecutor.executeKeywordForPlatform(KeywordExecutor.groovy:74)
	at com.kms.katalon.core.webui.keyword.WebUiBuiltInKeywords.click(WebUiBuiltInKeywords.groovy:696)
	at Event Supervisor.run(Event Supervisor:36)
	at com.kms.katalon.core.main.ScriptEngine.run(ScriptEngine.java:194)
	at com.kms.katalon.core.main.ScriptEngine.runScriptAsRawText(ScriptEngine.java:119)
	at com.kms.katalon.core.main.TestCaseExecutor.runScript(TestCaseExecutor.java:448)
	at com.kms.katalon.core.main.TestCaseExecutor.doExecute(TestCaseExecutor.java:439)
	at com.kms.katalon.core.main.TestCaseExecutor.processExecutionPhase(TestCaseExecutor.java:418)
	at com.kms.katalon.core.main.TestCaseExecutor.accessMainPhase(TestCaseExecutor.java:410)
	at com.kms.katalon.core.main.TestCaseExecutor.execute(TestCaseExecutor.java:285)
	at com.kms.katalon.core.common.CommonExecutor.accessTestCaseMainPhase(CommonExecutor.java:71)
	at com.kms.katalon.core.main.TestSuiteExecutor.accessTestSuiteMainPhase(TestSuiteExecutor.java:160)
	at com.kms.katalon.core.main.TestSuiteExecutor.execute(TestSuiteExecutor.java:107)
	at com.kms.katalon.core.main.TestCaseMain.startTestSuite(TestCaseMain.java:180)
	at TempTestSuite1747941888065.run(TempTestSuite1747941888065.groovy:35)
	at java.base/jdk.internal.reflect.NativeMethodAccessorImpl.invoke0(Native Method)
	at java.base/jdk.internal.reflect.NativeMethodAccessorImpl.invoke(NativeMethodAccessorImpl.java:77)
	at java.base/jdk.internal.reflect.DelegatingMethodAccessorImpl.invoke(DelegatingMethodAccessorImpl.java:43)
Caused by: com.kms.katalon.core.webui.exception.WebElementNotFoundException: Web element with id: 'Object Repository/Event Supervisor/Event Supervisor 2/Page_SportWrench - The Home of Sporting Events/div_Undefined' located by '/html[@class="no-js"]/body[1]/div[@class="container-fluid block-height-min"]/event-supervisor[1]/div[@class="container supervisor"]/table[@class="table sw-adaptive-grid events-list table-vertical-align-middle"]/tbody[1]/tr[37]/td[@class="pointer"]/div[@class="text-danger font-bold"][count(. | //*[(text() = 'Undefined' or . = 'Undefined')]) = count(//*[(text() = 'Undefined' or . = 'Undefined')])]' not found
	at com.kms.katalon.core.webui.common.WebUiCommonHelper.findWebElement(WebUiCommonHelper.java:1457)
	at com.kms.katalon.core.webui.keyword.internal.WebUIAbstractKeyword.findWebElement(WebUIAbstractKeyword.groovy:27)
	at com.kms.katalon.core.webui.keyword.builtin.ClickKeyword$_click_closure1.doCall(ClickKeyword.groovy:66)
	at com.kms.katalon.core.webui.keyword.builtin.ClickKeyword$_click_closure1.call(ClickKeyword.groovy)
	at com.kms.katalon.core.webui.keyword.internal.WebUIKeywordMain.runKeyword(WebUIKeywordMain.groovy:35)
	... 20 more]]></system-out>
      <system-err><![CDATA[22-05-2025T22:24:52 - [TEST_SUITE][FAILED] - SMOKE test suit for Event: Test Cases/111Event/Event Supervisor FAILED.
Reason:
com.kms.katalon.core.exception.StepFailedException: Unable to click on object 'Object Repository/Event Supervisor/Event Supervisor 2/Page_SportWrench - The Home of Sporting Events/div_Undefined'
	at com.kms.katalon.core.webui.keyword.internal.WebUIKeywordMain.stepFailed(WebUIKeywordMain.groovy:117)
	at com.kms.katalon.core.webui.keyword.internal.WebUIKeywordMain.runKeyword(WebUIKeywordMain.groovy:43)
	at com.kms.katalon.core.webui.keyword.builtin.ClickKeyword.click(ClickKeyword.groovy:75)
	at com.kms.katalon.core.webui.keyword.builtin.ClickKeyword.execute(ClickKeyword.groovy:40)
	at com.kms.katalon.core.keyword.internal.KeywordExecutor.executeKeywordForPlatform(KeywordExecutor.groovy:74)
	at com.kms.katalon.core.webui.keyword.WebUiBuiltInKeywords.click(WebUiBuiltInKeywords.groovy:696)
	at Event Supervisor.run(Event Supervisor:36)
	at com.kms.katalon.core.main.ScriptEngine.run(ScriptEngine.java:194)
	at com.kms.katalon.core.main.ScriptEngine.runScriptAsRawText(ScriptEngine.java:119)
	at com.kms.katalon.core.main.TestCaseExecutor.runScript(TestCaseExecutor.java:448)
	at com.kms.katalon.core.main.TestCaseExecutor.doExecute(TestCaseExecutor.java:439)
	at com.kms.katalon.core.main.TestCaseExecutor.processExecutionPhase(TestCaseExecutor.java:418)
	at com.kms.katalon.core.main.TestCaseExecutor.accessMainPhase(TestCaseExecutor.java:410)
	at com.kms.katalon.core.main.TestCaseExecutor.execute(TestCaseExecutor.java:285)
	at com.kms.katalon.core.common.CommonExecutor.accessTestCaseMainPhase(CommonExecutor.java:71)
	at com.kms.katalon.core.main.TestSuiteExecutor.accessTestSuiteMainPhase(TestSuiteExecutor.java:160)
	at com.kms.katalon.core.main.TestSuiteExecutor.execute(TestSuiteExecutor.java:107)
	at com.kms.katalon.core.main.TestCaseMain.startTestSuite(TestCaseMain.java:180)
	at TempTestSuite1747941888065.run(TempTestSuite1747941888065.groovy:35)
	at java.base/jdk.internal.reflect.NativeMethodAccessorImpl.invoke0(Native Method)
	at java.base/jdk.internal.reflect.NativeMethodAccessorImpl.invoke(NativeMethodAccessorImpl.java:77)
	at java.base/jdk.internal.reflect.DelegatingMethodAccessorImpl.invoke(DelegatingMethodAccessorImpl.java:43)
Caused by: com.kms.katalon.core.webui.exception.WebElementNotFoundException: Web element with id: 'Object Repository/Event Supervisor/Event Supervisor 2/Page_SportWrench - The Home of Sporting Events/div_Undefined' located by '/html[@class="no-js"]/body[1]/div[@class="container-fluid block-height-min"]/event-supervisor[1]/div[@class="container supervisor"]/table[@class="table sw-adaptive-grid events-list table-vertical-align-middle"]/tbody[1]/tr[37]/td[@class="pointer"]/div[@class="text-danger font-bold"][count(. | //*[(text() = 'Undefined' or . = 'Undefined')]) = count(//*[(text() = 'Undefined' or . = 'Undefined')])]' not found
	at com.kms.katalon.core.webui.common.WebUiCommonHelper.findWebElement(WebUiCommonHelper.java:1457)
	at com.kms.katalon.core.webui.keyword.internal.WebUIAbstractKeyword.findWebElement(WebUIAbstractKeyword.groovy:27)
	at com.kms.katalon.core.webui.keyword.builtin.ClickKeyword$_click_closure1.doCall(ClickKeyword.groovy:66)
	at com.kms.katalon.core.webui.keyword.builtin.ClickKeyword$_click_closure1.call(ClickKeyword.groovy)
	at com.kms.katalon.core.webui.keyword.internal.WebUIKeywordMain.runKeyword(WebUIKeywordMain.groovy:35)
	... 20 more]]></system-err>
   </testsuite>
</testsuites>
